<?xml version="1.0" encoding="UTF-8"?>
<!-- Generated by org.testng.reporters.JUnitReportReporter -->
<testsuite hostname="LAPTOP-GP13KVQ9" failures="0" tests="1001" name="com.github.binarywang.demo.wx.mp.controller.WxJsapiControllerTest" time="0.367" errors="1" timestamp="2023-09-01T01:06:50 CST" skipped="1000">
  <testcase classname="com.github.binarywang.demo.wx.mp.controller.WxJsapiControllerTest" name="testGetJsapiTicket" time="0.000">
    <skipped/>
  </testcase> <!-- testGetJsapiTicket -->
  <system-out/>
  <testcase classname="com.github.binarywang.demo.wx.mp.controller.WxJsapiControllerTest" name="testGetJsapiTicket" time="0.000">
    <skipped/>
  </testcase> <!-- testGetJsapiTicket -->
  <system-out/>
  <testcase classname="com.github.binarywang.demo.wx.mp.controller.WxJsapiControllerTest" name="testGetJsapiTicket" time="0.000">
    <skipped/>
  </testcase> <!-- testGetJsapiTicket -->
  <system-out/>
  <testcase classname="com.github.binarywang.demo.wx.mp.controller.WxJsapiControllerTest" name="testGetJsapiTicket" time="0.000">
    <skipped/>
  </testcase> <!-- testGetJsapiTicket -->
  <system-out/>
  <testcase classname="com.github.binarywang.demo.wx.mp.controller.WxJsapiControllerTest" name="testGetJsapiTicket" time="0.000">
    <skipped/>
  </testcase> <!-- testGetJsapiTicket -->
  <system-out/>
  <testcase classname="com.github.binarywang.demo.wx.mp.controller.WxJsapiControllerTest" name="testGetJsapiTicket" time="0.000">
    <skipped/>
  </testcase> <!-- testGetJsapiTicket -->
  <system-out/>
  <testcase classname="com.github.binarywang.demo.wx.mp.controller.WxJsapiControllerTest" name="testGetJsapiTicket" time="0.000">
    <skipped/>
  </testcase> <!-- testGetJsapiTicket -->
  <system-out/>
  <testcase classname="com.github.binarywang.demo.wx.mp.controller.WxJsapiControllerTest" name="testGetJsapiTicket" time="0.000">
    <skipped/>
  </testcase> <!-- testGetJsapiTicket -->
  <system-out/>
  <testcase classname="com.github.binarywang.demo.wx.mp.controller.WxJsapiControllerTest" name="testGetJsapiTicket" time="0.000">
    <skipped/>
  </testcase> <!-- testGetJsapiTicket -->
  <system-out/>
  <testcase classname="com.github.binarywang.demo.wx.mp.controller.WxJsapiControllerTest" name="testGetJsapiTicket" time="0.000">
    <skipped/>
  </testcase> <!-- testGetJsapiTicket -->
  <system-out/>
  <testcase classname="com.github.binarywang.demo.wx.mp.controller.WxJsapiControllerTest" name="testGetJsapiTicket" time="0.000">
    <skipped/>
  </testcase> <!-- testGetJsapiTicket -->
  <system-out/>
  <testcase classname="com.github.binarywang.demo.wx.mp.controller.WxJsapiControllerTest" name="testGetJsapiTicket" time="0.000">
    <skipped/>
  </testcase> <!-- testGetJsapiTicket -->
  <system-out/>
  <testcase classname="com.github.binarywang.demo.wx.mp.controller.WxJsapiControllerTest" name="testGetJsapiTicket" time="0.000">
    <skipped/>
  </testcase> <!-- testGetJsapiTicket -->
  <system-out/>
  <testcase classname="com.github.binarywang.demo.wx.mp.controller.WxJsapiControllerTest" name="testGetJsapiTicket" time="0.000">
    <skipped/>
  </testcase> <!-- testGetJsapiTicket -->
  <system-out/>
  <testcase classname="com.github.binarywang.demo.wx.mp.controller.WxJsapiControllerTest" name="testGetJsapiTicket" time="0.000">
    <skipped/>
  </testcase> <!-- testGetJsapiTicket -->
  <system-out/>
  <testcase classname="com.github.binarywang.demo.wx.mp.controller.WxJsapiControllerTest" name="testGetJsapiTicket" time="0.000">
    <skipped/>
  </testcase> <!-- testGetJsapiTicket -->
  <system-out/>
  <testcase classname="com.github.binarywang.demo.wx.mp.controller.WxJsapiControllerTest" name="testGetJsapiTicket" time="0.000">
    <skipped/>
  </testcase> <!-- testGetJsapiTicket -->
  <system-out/>
  <testcase classname="com.github.binarywang.demo.wx.mp.controller.WxJsapiControllerTest" name="testGetJsapiTicket" time="0.000">
    <skipped/>
  </testcase> <!-- testGetJsapiTicket -->
  <system-out/>
  <testcase classname="com.github.binarywang.demo.wx.mp.controller.WxJsapiControllerTest" name="testGetJsapiTicket" time="0.000">
    <skipped/>
  </testcase> <!-- testGetJsapiTicket -->
  <system-out/>
  <testcase classname="com.github.binarywang.demo.wx.mp.controller.WxJsapiControllerTest" name="testGetJsapiTicket" time="0.001">
    <skipped/>
  </testcase> <!-- testGetJsapiTicket -->
  <system-out/>
  <testcase classname="com.github.binarywang.demo.wx.mp.controller.WxJsapiControllerTest" name="testGetJsapiTicket" time="0.000">
    <skipped/>
  </testcase> <!-- testGetJsapiTicket -->
  <system-out/>
  <testcase classname="com.github.binarywang.demo.wx.mp.controller.WxJsapiControllerTest" name="testGetJsapiTicket" time="0.000">
    <skipped/>
  </testcase> <!-- testGetJsapiTicket -->
  <system-out/>
  <testcase classname="com.github.binarywang.demo.wx.mp.controller.WxJsapiControllerTest" name="testGetJsapiTicket" time="0.000">
    <skipped/>
  </testcase> <!-- testGetJsapiTicket -->
  <system-out/>
  <testcase classname="com.github.binarywang.demo.wx.mp.controller.WxJsapiControllerTest" name="testGetJsapiTicket" time="0.000">
    <skipped/>
  </testcase> <!-- testGetJsapiTicket -->
  <system-out/>
  <testcase classname="com.github.binarywang.demo.wx.mp.controller.WxJsapiControllerTest" name="testGetJsapiTicket" time="0.000">
    <skipped/>
  </testcase> <!-- testGetJsapiTicket -->
  <system-out/>
  <testcase classname="com.github.binarywang.demo.wx.mp.controller.WxJsapiControllerTest" name="testGetJsapiTicket" time="0.000">
    <skipped/>
  </testcase> <!-- testGetJsapiTicket -->
  <system-out/>
  <testcase classname="com.github.binarywang.demo.wx.mp.controller.WxJsapiControllerTest" name="testGetJsapiTicket" time="0.000">
    <skipped/>
  </testcase> <!-- testGetJsapiTicket -->
  <system-out/>
  <testcase classname="com.github.binarywang.demo.wx.mp.controller.WxJsapiControllerTest" name="testGetJsapiTicket" time="0.000">
    <skipped/>
  </testcase> <!-- testGetJsapiTicket -->
  <system-out/>
  <testcase classname="com.github.binarywang.demo.wx.mp.controller.WxJsapiControllerTest" name="testGetJsapiTicket" time="0.000">
    <skipped/>
  </testcase> <!-- testGetJsapiTicket -->
  <system-out/>
  <testcase classname="com.github.binarywang.demo.wx.mp.controller.WxJsapiControllerTest" name="testGetJsapiTicket" time="0.000">
    <skipped/>
  </testcase> <!-- testGetJsapiTicket -->
  <system-out/>
  <testcase classname="com.github.binarywang.demo.wx.mp.controller.WxJsapiControllerTest" name="testGetJsapiTicket" time="0.000">
    <skipped/>
  </testcase> <!-- testGetJsapiTicket -->
  <system-out/>
  <testcase classname="com.github.binarywang.demo.wx.mp.controller.WxJsapiControllerTest" name="testGetJsapiTicket" time="0.000">
    <skipped/>
  </testcase> <!-- testGetJsapiTicket -->
  <system-out/>
  <testcase classname="com.github.binarywang.demo.wx.mp.controller.WxJsapiControllerTest" name="testGetJsapiTicket" time="0.000">
    <skipped/>
  </testcase> <!-- testGetJsapiTicket -->
  <system-out/>
  <testcase classname="com.github.binarywang.demo.wx.mp.controller.WxJsapiControllerTest" name="testGetJsapiTicket" time="0.000">
    <skipped/>
  </testcase> <!-- testGetJsapiTicket -->
  <system-out/>
  <testcase classname="com.github.binarywang.demo.wx.mp.controller.WxJsapiControllerTest" name="testGetJsapiTicket" time="0.000">
    <skipped/>
  </testcase> <!-- testGetJsapiTicket -->
  <system-out/>
  <testcase classname="com.github.binarywang.demo.wx.mp.controller.WxJsapiControllerTest" name="testGetJsapiTicket" time="0.000">
    <skipped/>
  </testcase> <!-- testGetJsapiTicket -->
  <system-out/>
  <testcase classname="com.github.binarywang.demo.wx.mp.controller.WxJsapiControllerTest" name="testGetJsapiTicket" time="0.000">
    <skipped/>
  </testcase> <!-- testGetJsapiTicket -->
  <system-out/>
  <testcase classname="com.github.binarywang.demo.wx.mp.controller.WxJsapiControllerTest" name="testGetJsapiTicket" time="0.000">
    <skipped/>
  </testcase> <!-- testGetJsapiTicket -->
  <system-out/>
  <testcase classname="com.github.binarywang.demo.wx.mp.controller.WxJsapiControllerTest" name="testGetJsapiTicket" time="0.000">
    <skipped/>
  </testcase> <!-- testGetJsapiTicket -->
  <system-out/>
  <testcase classname="com.github.binarywang.demo.wx.mp.controller.WxJsapiControllerTest" name="testGetJsapiTicket" time="0.000">
    <skipped/>
  </testcase> <!-- testGetJsapiTicket -->
  <system-out/>
  <testcase classname="com.github.binarywang.demo.wx.mp.controller.WxJsapiControllerTest" name="testGetJsapiTicket" time="0.001">
    <skipped/>
  </testcase> <!-- testGetJsapiTicket -->
  <system-out/>
  <testcase classname="com.github.binarywang.demo.wx.mp.controller.WxJsapiControllerTest" name="testGetJsapiTicket" time="0.000">
    <skipped/>
  </testcase> <!-- testGetJsapiTicket -->
  <system-out/>
  <testcase classname="com.github.binarywang.demo.wx.mp.controller.WxJsapiControllerTest" name="testGetJsapiTicket" time="0.000">
    <skipped/>
  </testcase> <!-- testGetJsapiTicket -->
  <system-out/>
  <testcase classname="com.github.binarywang.demo.wx.mp.controller.WxJsapiControllerTest" name="testGetJsapiTicket" time="0.000">
    <skipped/>
  </testcase> <!-- testGetJsapiTicket -->
  <system-out/>
  <testcase classname="com.github.binarywang.demo.wx.mp.controller.WxJsapiControllerTest" name="testGetJsapiTicket" time="0.000">
    <skipped/>
  </testcase> <!-- testGetJsapiTicket -->
  <system-out/>
  <testcase classname="com.github.binarywang.demo.wx.mp.controller.WxJsapiControllerTest" name="testGetJsapiTicket" time="0.000">
    <skipped/>
  </testcase> <!-- testGetJsapiTicket -->
  <system-out/>
  <testcase classname="com.github.binarywang.demo.wx.mp.controller.WxJsapiControllerTest" name="testGetJsapiTicket" time="0.000">
    <skipped/>
  </testcase> <!-- testGetJsapiTicket -->
  <system-out/>
  <testcase classname="com.github.binarywang.demo.wx.mp.controller.WxJsapiControllerTest" name="testGetJsapiTicket" time="0.000">
    <skipped/>
  </testcase> <!-- testGetJsapiTicket -->
  <system-out/>
  <testcase classname="com.github.binarywang.demo.wx.mp.controller.WxJsapiControllerTest" name="testGetJsapiTicket" time="0.000">
    <skipped/>
  </testcase> <!-- testGetJsapiTicket -->
  <system-out/>
  <testcase classname="com.github.binarywang.demo.wx.mp.controller.WxJsapiControllerTest" name="testGetJsapiTicket" time="0.000">
    <skipped/>
  </testcase> <!-- testGetJsapiTicket -->
  <system-out/>
  <testcase classname="com.github.binarywang.demo.wx.mp.controller.WxJsapiControllerTest" name="testGetJsapiTicket" time="0.000">
    <skipped/>
  </testcase> <!-- testGetJsapiTicket -->
  <system-out/>
  <testcase classname="com.github.binarywang.demo.wx.mp.controller.WxJsapiControllerTest" name="testGetJsapiTicket" time="0.000">
    <skipped/>
  </testcase> <!-- testGetJsapiTicket -->
  <system-out/>
  <testcase classname="com.github.binarywang.demo.wx.mp.controller.WxJsapiControllerTest" name="testGetJsapiTicket" time="0.000">
    <skipped/>
  </testcase> <!-- testGetJsapiTicket -->
  <system-out/>
  <testcase classname="com.github.binarywang.demo.wx.mp.controller.WxJsapiControllerTest" name="testGetJsapiTicket" time="0.000">
    <skipped/>
  </testcase> <!-- testGetJsapiTicket -->
  <system-out/>
  <testcase classname="com.github.binarywang.demo.wx.mp.controller.WxJsapiControllerTest" name="testGetJsapiTicket" time="0.000">
    <skipped/>
  </testcase> <!-- testGetJsapiTicket -->
  <system-out/>
  <testcase classname="com.github.binarywang.demo.wx.mp.controller.WxJsapiControllerTest" name="testGetJsapiTicket" time="0.000">
    <skipped/>
  </testcase> <!-- testGetJsapiTicket -->
  <system-out/>
  <testcase classname="com.github.binarywang.demo.wx.mp.controller.WxJsapiControllerTest" name="testGetJsapiTicket" time="0.000">
    <skipped/>
  </testcase> <!-- testGetJsapiTicket -->
  <system-out/>
  <testcase classname="com.github.binarywang.demo.wx.mp.controller.WxJsapiControllerTest" name="testGetJsapiTicket" time="0.000">
    <skipped/>
  </testcase> <!-- testGetJsapiTicket -->
  <system-out/>
  <testcase classname="com.github.binarywang.demo.wx.mp.controller.WxJsapiControllerTest" name="testGetJsapiTicket" time="0.000">
    <skipped/>
  </testcase> <!-- testGetJsapiTicket -->
  <system-out/>
  <testcase classname="com.github.binarywang.demo.wx.mp.controller.WxJsapiControllerTest" name="testGetJsapiTicket" time="0.000">
    <skipped/>
  </testcase> <!-- testGetJsapiTicket -->
  <system-out/>
  <testcase classname="com.github.binarywang.demo.wx.mp.controller.WxJsapiControllerTest" name="testGetJsapiTicket" time="0.000">
    <skipped/>
  </testcase> <!-- testGetJsapiTicket -->
  <system-out/>
  <testcase classname="com.github.binarywang.demo.wx.mp.controller.WxJsapiControllerTest" name="testGetJsapiTicket" time="0.000">
    <skipped/>
  </testcase> <!-- testGetJsapiTicket -->
  <system-out/>
  <testcase classname="com.github.binarywang.demo.wx.mp.controller.WxJsapiControllerTest" name="testGetJsapiTicket" time="0.000">
    <skipped/>
  </testcase> <!-- testGetJsapiTicket -->
  <system-out/>
  <testcase classname="com.github.binarywang.demo.wx.mp.controller.WxJsapiControllerTest" name="testGetJsapiTicket" time="0.000">
    <skipped/>
  </testcase> <!-- testGetJsapiTicket -->
  <system-out/>
  <testcase classname="com.github.binarywang.demo.wx.mp.controller.WxJsapiControllerTest" name="testGetJsapiTicket" time="0.000">
    <skipped/>
  </testcase> <!-- testGetJsapiTicket -->
  <system-out/>
  <testcase classname="com.github.binarywang.demo.wx.mp.controller.WxJsapiControllerTest" name="testGetJsapiTicket" time="0.000">
    <skipped/>
  </testcase> <!-- testGetJsapiTicket -->
  <system-out/>
  <testcase classname="com.github.binarywang.demo.wx.mp.controller.WxJsapiControllerTest" name="testGetJsapiTicket" time="0.000">
    <skipped/>
  </testcase> <!-- testGetJsapiTicket -->
  <system-out/>
  <testcase classname="com.github.binarywang.demo.wx.mp.controller.WxJsapiControllerTest" name="testGetJsapiTicket" time="0.000">
    <skipped/>
  </testcase> <!-- testGetJsapiTicket -->
  <system-out/>
  <testcase classname="com.github.binarywang.demo.wx.mp.controller.WxJsapiControllerTest" name="testGetJsapiTicket" time="0.000">
    <skipped/>
  </testcase> <!-- testGetJsapiTicket -->
  <system-out/>
  <testcase classname="com.github.binarywang.demo.wx.mp.controller.WxJsapiControllerTest" name="testGetJsapiTicket" time="0.000">
    <skipped/>
  </testcase> <!-- testGetJsapiTicket -->
  <system-out/>
  <testcase classname="com.github.binarywang.demo.wx.mp.controller.WxJsapiControllerTest" name="testGetJsapiTicket" time="0.000">
    <skipped/>
  </testcase> <!-- testGetJsapiTicket -->
  <system-out/>
  <testcase classname="com.github.binarywang.demo.wx.mp.controller.WxJsapiControllerTest" name="testGetJsapiTicket" time="0.000">
    <skipped/>
  </testcase> <!-- testGetJsapiTicket -->
  <system-out/>
  <testcase classname="com.github.binarywang.demo.wx.mp.controller.WxJsapiControllerTest" name="testGetJsapiTicket" time="0.000">
    <skipped/>
  </testcase> <!-- testGetJsapiTicket -->
  <system-out/>
  <testcase classname="com.github.binarywang.demo.wx.mp.controller.WxJsapiControllerTest" name="testGetJsapiTicket" time="0.000">
    <skipped/>
  </testcase> <!-- testGetJsapiTicket -->
  <system-out/>
  <testcase classname="com.github.binarywang.demo.wx.mp.controller.WxJsapiControllerTest" name="testGetJsapiTicket" time="0.000">
    <skipped/>
  </testcase> <!-- testGetJsapiTicket -->
  <system-out/>
  <testcase classname="com.github.binarywang.demo.wx.mp.controller.WxJsapiControllerTest" name="testGetJsapiTicket" time="0.000">
    <skipped/>
  </testcase> <!-- testGetJsapiTicket -->
  <system-out/>
  <testcase classname="com.github.binarywang.demo.wx.mp.controller.WxJsapiControllerTest" name="testGetJsapiTicket" time="0.000">
    <skipped/>
  </testcase> <!-- testGetJsapiTicket -->
  <system-out/>
  <testcase classname="com.github.binarywang.demo.wx.mp.controller.WxJsapiControllerTest" name="testGetJsapiTicket" time="0.000">
    <skipped/>
  </testcase> <!-- testGetJsapiTicket -->
  <system-out/>
  <testcase classname="com.github.binarywang.demo.wx.mp.controller.WxJsapiControllerTest" name="testGetJsapiTicket" time="0.000">
    <skipped/>
  </testcase> <!-- testGetJsapiTicket -->
  <system-out/>
  <testcase classname="com.github.binarywang.demo.wx.mp.controller.WxJsapiControllerTest" name="testGetJsapiTicket" time="0.000">
    <skipped/>
  </testcase> <!-- testGetJsapiTicket -->
  <system-out/>
  <testcase classname="com.github.binarywang.demo.wx.mp.controller.WxJsapiControllerTest" name="testGetJsapiTicket" time="0.000">
    <skipped/>
  </testcase> <!-- testGetJsapiTicket -->
  <system-out/>
  <testcase classname="com.github.binarywang.demo.wx.mp.controller.WxJsapiControllerTest" name="testGetJsapiTicket" time="0.000">
    <skipped/>
  </testcase> <!-- testGetJsapiTicket -->
  <system-out/>
  <testcase classname="com.github.binarywang.demo.wx.mp.controller.WxJsapiControllerTest" name="testGetJsapiTicket" time="0.000">
    <skipped/>
  </testcase> <!-- testGetJsapiTicket -->
  <system-out/>
  <testcase classname="com.github.binarywang.demo.wx.mp.controller.WxJsapiControllerTest" name="testGetJsapiTicket" time="0.000">
    <skipped/>
  </testcase> <!-- testGetJsapiTicket -->
  <system-out/>
  <testcase classname="com.github.binarywang.demo.wx.mp.controller.WxJsapiControllerTest" name="testGetJsapiTicket" time="0.000">
    <skipped/>
  </testcase> <!-- testGetJsapiTicket -->
  <system-out/>
  <testcase classname="com.github.binarywang.demo.wx.mp.controller.WxJsapiControllerTest" name="testGetJsapiTicket" time="0.001">
    <skipped/>
  </testcase> <!-- testGetJsapiTicket -->
  <system-out/>
  <testcase classname="com.github.binarywang.demo.wx.mp.controller.WxJsapiControllerTest" name="testGetJsapiTicket" time="0.000">
    <skipped/>
  </testcase> <!-- testGetJsapiTicket -->
  <system-out/>
  <testcase classname="com.github.binarywang.demo.wx.mp.controller.WxJsapiControllerTest" name="testGetJsapiTicket" time="0.000">
    <skipped/>
  </testcase> <!-- testGetJsapiTicket -->
  <system-out/>
  <testcase classname="com.github.binarywang.demo.wx.mp.controller.WxJsapiControllerTest" name="testGetJsapiTicket" time="0.000">
    <skipped/>
  </testcase> <!-- testGetJsapiTicket -->
  <system-out/>
  <testcase classname="com.github.binarywang.demo.wx.mp.controller.WxJsapiControllerTest" name="testGetJsapiTicket" time="0.000">
    <skipped/>
  </testcase> <!-- testGetJsapiTicket -->
  <system-out/>
  <testcase classname="com.github.binarywang.demo.wx.mp.controller.WxJsapiControllerTest" name="testGetJsapiTicket" time="0.000">
    <skipped/>
  </testcase> <!-- testGetJsapiTicket -->
  <system-out/>
  <testcase classname="com.github.binarywang.demo.wx.mp.controller.WxJsapiControllerTest" name="testGetJsapiTicket" time="0.000">
    <skipped/>
  </testcase> <!-- testGetJsapiTicket -->
  <system-out/>
  <testcase classname="com.github.binarywang.demo.wx.mp.controller.WxJsapiControllerTest" name="testGetJsapiTicket" time="0.000">
    <skipped/>
  </testcase> <!-- testGetJsapiTicket -->
  <system-out/>
  <testcase classname="com.github.binarywang.demo.wx.mp.controller.WxJsapiControllerTest" name="testGetJsapiTicket" time="0.000">
    <skipped/>
  </testcase> <!-- testGetJsapiTicket -->
  <system-out/>
  <testcase classname="com.github.binarywang.demo.wx.mp.controller.WxJsapiControllerTest" name="testGetJsapiTicket" time="0.000">
    <skipped/>
  </testcase> <!-- testGetJsapiTicket -->
  <system-out/>
  <testcase classname="com.github.binarywang.demo.wx.mp.controller.WxJsapiControllerTest" name="testGetJsapiTicket" time="0.000">
    <skipped/>
  </testcase> <!-- testGetJsapiTicket -->
  <system-out/>
  <testcase classname="com.github.binarywang.demo.wx.mp.controller.WxJsapiControllerTest" name="testGetJsapiTicket" time="0.000">
    <skipped/>
  </testcase> <!-- testGetJsapiTicket -->
  <system-out/>
  <testcase classname="com.github.binarywang.demo.wx.mp.controller.WxJsapiControllerTest" name="testGetJsapiTicket" time="0.000">
    <skipped/>
  </testcase> <!-- testGetJsapiTicket -->
  <system-out/>
  <testcase classname="com.github.binarywang.demo.wx.mp.controller.WxJsapiControllerTest" name="testGetJsapiTicket" time="0.000">
    <skipped/>
  </testcase> <!-- testGetJsapiTicket -->
  <system-out/>
  <testcase classname="com.github.binarywang.demo.wx.mp.controller.WxJsapiControllerTest" name="testGetJsapiTicket" time="0.000">
    <skipped/>
  </testcase> <!-- testGetJsapiTicket -->
  <system-out/>
  <testcase classname="com.github.binarywang.demo.wx.mp.controller.WxJsapiControllerTest" name="testGetJsapiTicket" time="0.000">
    <skipped/>
  </testcase> <!-- testGetJsapiTicket -->
  <system-out/>
  <testcase classname="com.github.binarywang.demo.wx.mp.controller.WxJsapiControllerTest" name="testGetJsapiTicket" time="0.000">
    <skipped/>
  </testcase> <!-- testGetJsapiTicket -->
  <system-out/>
  <testcase classname="com.github.binarywang.demo.wx.mp.controller.WxJsapiControllerTest" name="testGetJsapiTicket" time="0.000">
    <skipped/>
  </testcase> <!-- testGetJsapiTicket -->
  <system-out/>
  <testcase classname="com.github.binarywang.demo.wx.mp.controller.WxJsapiControllerTest" name="testGetJsapiTicket" time="0.001">
    <skipped/>
  </testcase> <!-- testGetJsapiTicket -->
  <system-out/>
  <testcase classname="com.github.binarywang.demo.wx.mp.controller.WxJsapiControllerTest" name="testGetJsapiTicket" time="0.000">
    <skipped/>
  </testcase> <!-- testGetJsapiTicket -->
  <system-out/>
  <testcase classname="com.github.binarywang.demo.wx.mp.controller.WxJsapiControllerTest" name="testGetJsapiTicket" time="0.000">
    <skipped/>
  </testcase> <!-- testGetJsapiTicket -->
  <system-out/>
  <testcase classname="com.github.binarywang.demo.wx.mp.controller.WxJsapiControllerTest" name="testGetJsapiTicket" time="0.000">
    <skipped/>
  </testcase> <!-- testGetJsapiTicket -->
  <system-out/>
  <testcase classname="com.github.binarywang.demo.wx.mp.controller.WxJsapiControllerTest" name="testGetJsapiTicket" time="0.000">
    <skipped/>
  </testcase> <!-- testGetJsapiTicket -->
  <system-out/>
  <testcase classname="com.github.binarywang.demo.wx.mp.controller.WxJsapiControllerTest" name="testGetJsapiTicket" time="0.000">
    <skipped/>
  </testcase> <!-- testGetJsapiTicket -->
  <system-out/>
  <testcase classname="com.github.binarywang.demo.wx.mp.controller.WxJsapiControllerTest" name="testGetJsapiTicket" time="0.000">
    <skipped/>
  </testcase> <!-- testGetJsapiTicket -->
  <system-out/>
  <testcase classname="com.github.binarywang.demo.wx.mp.controller.WxJsapiControllerTest" name="testGetJsapiTicket" time="0.000">
    <skipped/>
  </testcase> <!-- testGetJsapiTicket -->
  <system-out/>
  <testcase classname="com.github.binarywang.demo.wx.mp.controller.WxJsapiControllerTest" name="testGetJsapiTicket" time="0.000">
    <skipped/>
  </testcase> <!-- testGetJsapiTicket -->
  <system-out/>
  <testcase classname="com.github.binarywang.demo.wx.mp.controller.WxJsapiControllerTest" name="testGetJsapiTicket" time="0.000">
    <skipped/>
  </testcase> <!-- testGetJsapiTicket -->
  <system-out/>
  <testcase classname="com.github.binarywang.demo.wx.mp.controller.WxJsapiControllerTest" name="testGetJsapiTicket" time="0.000">
    <skipped/>
  </testcase> <!-- testGetJsapiTicket -->
  <system-out/>
  <testcase classname="com.github.binarywang.demo.wx.mp.controller.WxJsapiControllerTest" name="testGetJsapiTicket" time="0.000">
    <skipped/>
  </testcase> <!-- testGetJsapiTicket -->
  <system-out/>
  <testcase classname="com.github.binarywang.demo.wx.mp.controller.WxJsapiControllerTest" name="testGetJsapiTicket" time="0.001">
    <skipped/>
  </testcase> <!-- testGetJsapiTicket -->
  <system-out/>
  <testcase classname="com.github.binarywang.demo.wx.mp.controller.WxJsapiControllerTest" name="testGetJsapiTicket" time="0.000">
    <skipped/>
  </testcase> <!-- testGetJsapiTicket -->
  <system-out/>
  <testcase classname="com.github.binarywang.demo.wx.mp.controller.WxJsapiControllerTest" name="testGetJsapiTicket" time="0.000">
    <skipped/>
  </testcase> <!-- testGetJsapiTicket -->
  <system-out/>
  <testcase classname="com.github.binarywang.demo.wx.mp.controller.WxJsapiControllerTest" name="testGetJsapiTicket" time="0.000">
    <skipped/>
  </testcase> <!-- testGetJsapiTicket -->
  <system-out/>
  <testcase classname="com.github.binarywang.demo.wx.mp.controller.WxJsapiControllerTest" name="testGetJsapiTicket" time="0.000">
    <skipped/>
  </testcase> <!-- testGetJsapiTicket -->
  <system-out/>
  <testcase classname="com.github.binarywang.demo.wx.mp.controller.WxJsapiControllerTest" name="testGetJsapiTicket" time="0.000">
    <skipped/>
  </testcase> <!-- testGetJsapiTicket -->
  <system-out/>
  <testcase classname="com.github.binarywang.demo.wx.mp.controller.WxJsapiControllerTest" name="testGetJsapiTicket" time="0.000">
    <skipped/>
  </testcase> <!-- testGetJsapiTicket -->
  <system-out/>
  <testcase classname="com.github.binarywang.demo.wx.mp.controller.WxJsapiControllerTest" name="testGetJsapiTicket" time="0.000">
    <skipped/>
  </testcase> <!-- testGetJsapiTicket -->
  <system-out/>
  <testcase classname="com.github.binarywang.demo.wx.mp.controller.WxJsapiControllerTest" name="testGetJsapiTicket" time="0.000">
    <skipped/>
  </testcase> <!-- testGetJsapiTicket -->
  <system-out/>
  <testcase classname="com.github.binarywang.demo.wx.mp.controller.WxJsapiControllerTest" name="testGetJsapiTicket" time="0.000">
    <skipped/>
  </testcase> <!-- testGetJsapiTicket -->
  <system-out/>
  <testcase classname="com.github.binarywang.demo.wx.mp.controller.WxJsapiControllerTest" name="testGetJsapiTicket" time="0.000">
    <skipped/>
  </testcase> <!-- testGetJsapiTicket -->
  <system-out/>
  <testcase classname="com.github.binarywang.demo.wx.mp.controller.WxJsapiControllerTest" name="testGetJsapiTicket" time="0.000">
    <skipped/>
  </testcase> <!-- testGetJsapiTicket -->
  <system-out/>
  <testcase classname="com.github.binarywang.demo.wx.mp.controller.WxJsapiControllerTest" name="testGetJsapiTicket" time="0.000">
    <skipped/>
  </testcase> <!-- testGetJsapiTicket -->
  <system-out/>
  <testcase classname="com.github.binarywang.demo.wx.mp.controller.WxJsapiControllerTest" name="testGetJsapiTicket" time="0.000">
    <skipped/>
  </testcase> <!-- testGetJsapiTicket -->
  <system-out/>
  <testcase classname="com.github.binarywang.demo.wx.mp.controller.WxJsapiControllerTest" name="testGetJsapiTicket" time="0.000">
    <skipped/>
  </testcase> <!-- testGetJsapiTicket -->
  <system-out/>
  <testcase classname="com.github.binarywang.demo.wx.mp.controller.WxJsapiControllerTest" name="testGetJsapiTicket" time="0.000">
    <skipped/>
  </testcase> <!-- testGetJsapiTicket -->
  <system-out/>
  <testcase classname="com.github.binarywang.demo.wx.mp.controller.WxJsapiControllerTest" name="testGetJsapiTicket" time="0.000">
    <skipped/>
  </testcase> <!-- testGetJsapiTicket -->
  <system-out/>
  <testcase classname="com.github.binarywang.demo.wx.mp.controller.WxJsapiControllerTest" name="testGetJsapiTicket" time="0.000">
    <skipped/>
  </testcase> <!-- testGetJsapiTicket -->
  <system-out/>
  <testcase classname="com.github.binarywang.demo.wx.mp.controller.WxJsapiControllerTest" name="testGetJsapiTicket" time="0.000">
    <skipped/>
  </testcase> <!-- testGetJsapiTicket -->
  <system-out/>
  <testcase classname="com.github.binarywang.demo.wx.mp.controller.WxJsapiControllerTest" name="testGetJsapiTicket" time="0.000">
    <skipped/>
  </testcase> <!-- testGetJsapiTicket -->
  <system-out/>
  <testcase classname="com.github.binarywang.demo.wx.mp.controller.WxJsapiControllerTest" name="testGetJsapiTicket" time="0.000">
    <skipped/>
  </testcase> <!-- testGetJsapiTicket -->
  <system-out/>
  <testcase classname="com.github.binarywang.demo.wx.mp.controller.WxJsapiControllerTest" name="testGetJsapiTicket" time="0.000">
    <skipped/>
  </testcase> <!-- testGetJsapiTicket -->
  <system-out/>
  <testcase classname="com.github.binarywang.demo.wx.mp.controller.WxJsapiControllerTest" name="testGetJsapiTicket" time="0.001">
    <skipped/>
  </testcase> <!-- testGetJsapiTicket -->
  <system-out/>
  <testcase classname="com.github.binarywang.demo.wx.mp.controller.WxJsapiControllerTest" name="testGetJsapiTicket" time="0.000">
    <skipped/>
  </testcase> <!-- testGetJsapiTicket -->
  <system-out/>
  <testcase classname="com.github.binarywang.demo.wx.mp.controller.WxJsapiControllerTest" name="testGetJsapiTicket" time="0.000">
    <skipped/>
  </testcase> <!-- testGetJsapiTicket -->
  <system-out/>
  <testcase classname="com.github.binarywang.demo.wx.mp.controller.WxJsapiControllerTest" name="testGetJsapiTicket" time="0.000">
    <skipped/>
  </testcase> <!-- testGetJsapiTicket -->
  <system-out/>
  <testcase classname="com.github.binarywang.demo.wx.mp.controller.WxJsapiControllerTest" name="testGetJsapiTicket" time="0.000">
    <skipped/>
  </testcase> <!-- testGetJsapiTicket -->
  <system-out/>
  <testcase classname="com.github.binarywang.demo.wx.mp.controller.WxJsapiControllerTest" name="testGetJsapiTicket" time="0.000">
    <skipped/>
  </testcase> <!-- testGetJsapiTicket -->
  <system-out/>
  <testcase classname="com.github.binarywang.demo.wx.mp.controller.WxJsapiControllerTest" name="testGetJsapiTicket" time="0.000">
    <skipped/>
  </testcase> <!-- testGetJsapiTicket -->
  <system-out/>
  <testcase classname="com.github.binarywang.demo.wx.mp.controller.WxJsapiControllerTest" name="testGetJsapiTicket" time="0.000">
    <skipped/>
  </testcase> <!-- testGetJsapiTicket -->
  <system-out/>
  <testcase classname="com.github.binarywang.demo.wx.mp.controller.WxJsapiControllerTest" name="testGetJsapiTicket" time="0.001">
    <skipped/>
  </testcase> <!-- testGetJsapiTicket -->
  <system-out/>
  <testcase classname="com.github.binarywang.demo.wx.mp.controller.WxJsapiControllerTest" name="testGetJsapiTicket" time="0.001">
    <skipped/>
  </testcase> <!-- testGetJsapiTicket -->
  <system-out/>
  <testcase classname="com.github.binarywang.demo.wx.mp.controller.WxJsapiControllerTest" name="testGetJsapiTicket" time="0.000">
    <skipped/>
  </testcase> <!-- testGetJsapiTicket -->
  <system-out/>
  <testcase classname="com.github.binarywang.demo.wx.mp.controller.WxJsapiControllerTest" name="testGetJsapiTicket" time="0.000">
    <skipped/>
  </testcase> <!-- testGetJsapiTicket -->
  <system-out/>
  <testcase classname="com.github.binarywang.demo.wx.mp.controller.WxJsapiControllerTest" name="testGetJsapiTicket" time="0.000">
    <skipped/>
  </testcase> <!-- testGetJsapiTicket -->
  <system-out/>
  <testcase classname="com.github.binarywang.demo.wx.mp.controller.WxJsapiControllerTest" name="testGetJsapiTicket" time="0.000">
    <skipped/>
  </testcase> <!-- testGetJsapiTicket -->
  <system-out/>
  <testcase classname="com.github.binarywang.demo.wx.mp.controller.WxJsapiControllerTest" name="testGetJsapiTicket" time="0.000">
    <skipped/>
  </testcase> <!-- testGetJsapiTicket -->
  <system-out/>
  <testcase classname="com.github.binarywang.demo.wx.mp.controller.WxJsapiControllerTest" name="testGetJsapiTicket" time="0.000">
    <skipped/>
  </testcase> <!-- testGetJsapiTicket -->
  <system-out/>
  <testcase classname="com.github.binarywang.demo.wx.mp.controller.WxJsapiControllerTest" name="testGetJsapiTicket" time="0.000">
    <skipped/>
  </testcase> <!-- testGetJsapiTicket -->
  <system-out/>
  <testcase classname="com.github.binarywang.demo.wx.mp.controller.WxJsapiControllerTest" name="testGetJsapiTicket" time="0.000">
    <skipped/>
  </testcase> <!-- testGetJsapiTicket -->
  <system-out/>
  <testcase classname="com.github.binarywang.demo.wx.mp.controller.WxJsapiControllerTest" name="testGetJsapiTicket" time="0.000">
    <skipped/>
  </testcase> <!-- testGetJsapiTicket -->
  <system-out/>
  <testcase classname="com.github.binarywang.demo.wx.mp.controller.WxJsapiControllerTest" name="testGetJsapiTicket" time="0.000">
    <skipped/>
  </testcase> <!-- testGetJsapiTicket -->
  <system-out/>
  <testcase classname="com.github.binarywang.demo.wx.mp.controller.WxJsapiControllerTest" name="testGetJsapiTicket" time="0.000">
    <skipped/>
  </testcase> <!-- testGetJsapiTicket -->
  <system-out/>
  <testcase classname="com.github.binarywang.demo.wx.mp.controller.WxJsapiControllerTest" name="testGetJsapiTicket" time="0.000">
    <skipped/>
  </testcase> <!-- testGetJsapiTicket -->
  <system-out/>
  <testcase classname="com.github.binarywang.demo.wx.mp.controller.WxJsapiControllerTest" name="testGetJsapiTicket" time="0.000">
    <skipped/>
  </testcase> <!-- testGetJsapiTicket -->
  <system-out/>
  <testcase classname="com.github.binarywang.demo.wx.mp.controller.WxJsapiControllerTest" name="testGetJsapiTicket" time="0.000">
    <skipped/>
  </testcase> <!-- testGetJsapiTicket -->
  <system-out/>
  <testcase classname="com.github.binarywang.demo.wx.mp.controller.WxJsapiControllerTest" name="testGetJsapiTicket" time="0.001">
    <skipped/>
  </testcase> <!-- testGetJsapiTicket -->
  <system-out/>
  <testcase classname="com.github.binarywang.demo.wx.mp.controller.WxJsapiControllerTest" name="testGetJsapiTicket" time="0.000">
    <skipped/>
  </testcase> <!-- testGetJsapiTicket -->
  <system-out/>
  <testcase classname="com.github.binarywang.demo.wx.mp.controller.WxJsapiControllerTest" name="testGetJsapiTicket" time="0.000">
    <skipped/>
  </testcase> <!-- testGetJsapiTicket -->
  <system-out/>
  <testcase classname="com.github.binarywang.demo.wx.mp.controller.WxJsapiControllerTest" name="testGetJsapiTicket" time="0.000">
    <skipped/>
  </testcase> <!-- testGetJsapiTicket -->
  <system-out/>
  <testcase classname="com.github.binarywang.demo.wx.mp.controller.WxJsapiControllerTest" name="testGetJsapiTicket" time="0.000">
    <skipped/>
  </testcase> <!-- testGetJsapiTicket -->
  <system-out/>
  <testcase classname="com.github.binarywang.demo.wx.mp.controller.WxJsapiControllerTest" name="testGetJsapiTicket" time="0.000">
    <skipped/>
  </testcase> <!-- testGetJsapiTicket -->
  <system-out/>
  <testcase classname="com.github.binarywang.demo.wx.mp.controller.WxJsapiControllerTest" name="testGetJsapiTicket" time="0.000">
    <skipped/>
  </testcase> <!-- testGetJsapiTicket -->
  <system-out/>
  <testcase classname="com.github.binarywang.demo.wx.mp.controller.WxJsapiControllerTest" name="testGetJsapiTicket" time="0.000">
    <skipped/>
  </testcase> <!-- testGetJsapiTicket -->
  <system-out/>
  <testcase classname="com.github.binarywang.demo.wx.mp.controller.WxJsapiControllerTest" name="testGetJsapiTicket" time="0.000">
    <skipped/>
  </testcase> <!-- testGetJsapiTicket -->
  <system-out/>
  <testcase classname="com.github.binarywang.demo.wx.mp.controller.WxJsapiControllerTest" name="testGetJsapiTicket" time="0.000">
    <skipped/>
  </testcase> <!-- testGetJsapiTicket -->
  <system-out/>
  <testcase classname="com.github.binarywang.demo.wx.mp.controller.WxJsapiControllerTest" name="testGetJsapiTicket" time="0.000">
    <skipped/>
  </testcase> <!-- testGetJsapiTicket -->
  <system-out/>
  <testcase classname="com.github.binarywang.demo.wx.mp.controller.WxJsapiControllerTest" name="testGetJsapiTicket" time="0.000">
    <skipped/>
  </testcase> <!-- testGetJsapiTicket -->
  <system-out/>
  <testcase classname="com.github.binarywang.demo.wx.mp.controller.WxJsapiControllerTest" name="testGetJsapiTicket" time="0.000">
    <skipped/>
  </testcase> <!-- testGetJsapiTicket -->
  <system-out/>
  <testcase classname="com.github.binarywang.demo.wx.mp.controller.WxJsapiControllerTest" name="testGetJsapiTicket" time="0.000">
    <skipped/>
  </testcase> <!-- testGetJsapiTicket -->
  <system-out/>
  <testcase classname="com.github.binarywang.demo.wx.mp.controller.WxJsapiControllerTest" name="testGetJsapiTicket" time="0.000">
    <skipped/>
  </testcase> <!-- testGetJsapiTicket -->
  <system-out/>
  <testcase classname="com.github.binarywang.demo.wx.mp.controller.WxJsapiControllerTest" name="testGetJsapiTicket" time="0.000">
    <skipped/>
  </testcase> <!-- testGetJsapiTicket -->
  <system-out/>
  <testcase classname="com.github.binarywang.demo.wx.mp.controller.WxJsapiControllerTest" name="testGetJsapiTicket" time="0.000">
    <skipped/>
  </testcase> <!-- testGetJsapiTicket -->
  <system-out/>
  <testcase classname="com.github.binarywang.demo.wx.mp.controller.WxJsapiControllerTest" name="testGetJsapiTicket" time="0.000">
    <skipped/>
  </testcase> <!-- testGetJsapiTicket -->
  <system-out/>
  <testcase classname="com.github.binarywang.demo.wx.mp.controller.WxJsapiControllerTest" name="testGetJsapiTicket" time="0.000">
    <skipped/>
  </testcase> <!-- testGetJsapiTicket -->
  <system-out/>
  <testcase classname="com.github.binarywang.demo.wx.mp.controller.WxJsapiControllerTest" name="testGetJsapiTicket" time="0.000">
    <skipped/>
  </testcase> <!-- testGetJsapiTicket -->
  <system-out/>
  <testcase classname="com.github.binarywang.demo.wx.mp.controller.WxJsapiControllerTest" name="testGetJsapiTicket" time="0.000">
    <skipped/>
  </testcase> <!-- testGetJsapiTicket -->
  <system-out/>
  <testcase classname="com.github.binarywang.demo.wx.mp.controller.WxJsapiControllerTest" name="testGetJsapiTicket" time="0.000">
    <skipped/>
  </testcase> <!-- testGetJsapiTicket -->
  <system-out/>
  <testcase classname="com.github.binarywang.demo.wx.mp.controller.WxJsapiControllerTest" name="testGetJsapiTicket" time="0.000">
    <skipped/>
  </testcase> <!-- testGetJsapiTicket -->
  <system-out/>
  <testcase classname="com.github.binarywang.demo.wx.mp.controller.WxJsapiControllerTest" name="testGetJsapiTicket" time="0.000">
    <skipped/>
  </testcase> <!-- testGetJsapiTicket -->
  <system-out/>
  <testcase classname="com.github.binarywang.demo.wx.mp.controller.WxJsapiControllerTest" name="testGetJsapiTicket" time="0.000">
    <skipped/>
  </testcase> <!-- testGetJsapiTicket -->
  <system-out/>
  <testcase classname="com.github.binarywang.demo.wx.mp.controller.WxJsapiControllerTest" name="testGetJsapiTicket" time="0.000">
    <skipped/>
  </testcase> <!-- testGetJsapiTicket -->
  <system-out/>
  <testcase classname="com.github.binarywang.demo.wx.mp.controller.WxJsapiControllerTest" name="testGetJsapiTicket" time="0.000">
    <skipped/>
  </testcase> <!-- testGetJsapiTicket -->
  <system-out/>
  <testcase classname="com.github.binarywang.demo.wx.mp.controller.WxJsapiControllerTest" name="testGetJsapiTicket" time="0.000">
    <skipped/>
  </testcase> <!-- testGetJsapiTicket -->
  <system-out/>
  <testcase classname="com.github.binarywang.demo.wx.mp.controller.WxJsapiControllerTest" name="testGetJsapiTicket" time="0.000">
    <skipped/>
  </testcase> <!-- testGetJsapiTicket -->
  <system-out/>
  <testcase classname="com.github.binarywang.demo.wx.mp.controller.WxJsapiControllerTest" name="testGetJsapiTicket" time="0.000">
    <skipped/>
  </testcase> <!-- testGetJsapiTicket -->
  <system-out/>
  <testcase classname="com.github.binarywang.demo.wx.mp.controller.WxJsapiControllerTest" name="testGetJsapiTicket" time="0.000">
    <skipped/>
  </testcase> <!-- testGetJsapiTicket -->
  <system-out/>
  <testcase classname="com.github.binarywang.demo.wx.mp.controller.WxJsapiControllerTest" name="testGetJsapiTicket" time="0.000">
    <skipped/>
  </testcase> <!-- testGetJsapiTicket -->
  <system-out/>
  <testcase classname="com.github.binarywang.demo.wx.mp.controller.WxJsapiControllerTest" name="testGetJsapiTicket" time="0.000">
    <skipped/>
  </testcase> <!-- testGetJsapiTicket -->
  <system-out/>
  <testcase classname="com.github.binarywang.demo.wx.mp.controller.WxJsapiControllerTest" name="testGetJsapiTicket" time="0.000">
    <skipped/>
  </testcase> <!-- testGetJsapiTicket -->
  <system-out/>
  <testcase classname="com.github.binarywang.demo.wx.mp.controller.WxJsapiControllerTest" name="testGetJsapiTicket" time="0.000">
    <skipped/>
  </testcase> <!-- testGetJsapiTicket -->
  <system-out/>
  <testcase classname="com.github.binarywang.demo.wx.mp.controller.WxJsapiControllerTest" name="testGetJsapiTicket" time="0.000">
    <skipped/>
  </testcase> <!-- testGetJsapiTicket -->
  <system-out/>
  <testcase classname="com.github.binarywang.demo.wx.mp.controller.WxJsapiControllerTest" name="testGetJsapiTicket" time="0.000">
    <skipped/>
  </testcase> <!-- testGetJsapiTicket -->
  <system-out/>
  <testcase classname="com.github.binarywang.demo.wx.mp.controller.WxJsapiControllerTest" name="testGetJsapiTicket" time="0.000">
    <skipped/>
  </testcase> <!-- testGetJsapiTicket -->
  <system-out/>
  <testcase classname="com.github.binarywang.demo.wx.mp.controller.WxJsapiControllerTest" name="testGetJsapiTicket" time="0.000">
    <skipped/>
  </testcase> <!-- testGetJsapiTicket -->
  <system-out/>
  <testcase classname="com.github.binarywang.demo.wx.mp.controller.WxJsapiControllerTest" name="testGetJsapiTicket" time="0.000">
    <skipped/>
  </testcase> <!-- testGetJsapiTicket -->
  <system-out/>
  <testcase classname="com.github.binarywang.demo.wx.mp.controller.WxJsapiControllerTest" name="testGetJsapiTicket" time="0.000">
    <skipped/>
  </testcase> <!-- testGetJsapiTicket -->
  <system-out/>
  <testcase classname="com.github.binarywang.demo.wx.mp.controller.WxJsapiControllerTest" name="testGetJsapiTicket" time="0.000">
    <skipped/>
  </testcase> <!-- testGetJsapiTicket -->
  <system-out/>
  <testcase classname="com.github.binarywang.demo.wx.mp.controller.WxJsapiControllerTest" name="testGetJsapiTicket" time="0.000">
    <skipped/>
  </testcase> <!-- testGetJsapiTicket -->
  <system-out/>
  <testcase classname="com.github.binarywang.demo.wx.mp.controller.WxJsapiControllerTest" name="testGetJsapiTicket" time="0.000">
    <skipped/>
  </testcase> <!-- testGetJsapiTicket -->
  <system-out/>
  <testcase classname="com.github.binarywang.demo.wx.mp.controller.WxJsapiControllerTest" name="testGetJsapiTicket" time="0.000">
    <skipped/>
  </testcase> <!-- testGetJsapiTicket -->
  <system-out/>
  <testcase classname="com.github.binarywang.demo.wx.mp.controller.WxJsapiControllerTest" name="testGetJsapiTicket" time="0.000">
    <skipped/>
  </testcase> <!-- testGetJsapiTicket -->
  <system-out/>
  <testcase classname="com.github.binarywang.demo.wx.mp.controller.WxJsapiControllerTest" name="testGetJsapiTicket" time="0.000">
    <skipped/>
  </testcase> <!-- testGetJsapiTicket -->
  <system-out/>
  <testcase classname="com.github.binarywang.demo.wx.mp.controller.WxJsapiControllerTest" name="testGetJsapiTicket" time="0.000">
    <skipped/>
  </testcase> <!-- testGetJsapiTicket -->
  <system-out/>
  <testcase classname="com.github.binarywang.demo.wx.mp.controller.WxJsapiControllerTest" name="testGetJsapiTicket" time="0.000">
    <skipped/>
  </testcase> <!-- testGetJsapiTicket -->
  <system-out/>
  <testcase classname="com.github.binarywang.demo.wx.mp.controller.WxJsapiControllerTest" name="testGetJsapiTicket" time="0.000">
    <skipped/>
  </testcase> <!-- testGetJsapiTicket -->
  <system-out/>
  <testcase classname="com.github.binarywang.demo.wx.mp.controller.WxJsapiControllerTest" name="testGetJsapiTicket" time="0.000">
    <skipped/>
  </testcase> <!-- testGetJsapiTicket -->
  <system-out/>
  <testcase classname="com.github.binarywang.demo.wx.mp.controller.WxJsapiControllerTest" name="testGetJsapiTicket" time="0.000">
    <skipped/>
  </testcase> <!-- testGetJsapiTicket -->
  <system-out/>
  <testcase classname="com.github.binarywang.demo.wx.mp.controller.WxJsapiControllerTest" name="testGetJsapiTicket" time="0.000">
    <skipped/>
  </testcase> <!-- testGetJsapiTicket -->
  <system-out/>
  <testcase classname="com.github.binarywang.demo.wx.mp.controller.WxJsapiControllerTest" name="testGetJsapiTicket" time="0.000">
    <skipped/>
  </testcase> <!-- testGetJsapiTicket -->
  <system-out/>
  <testcase classname="com.github.binarywang.demo.wx.mp.controller.WxJsapiControllerTest" name="testGetJsapiTicket" time="0.000">
    <skipped/>
  </testcase> <!-- testGetJsapiTicket -->
  <system-out/>
  <testcase classname="com.github.binarywang.demo.wx.mp.controller.WxJsapiControllerTest" name="testGetJsapiTicket" time="0.000">
    <skipped/>
  </testcase> <!-- testGetJsapiTicket -->
  <system-out/>
  <testcase classname="com.github.binarywang.demo.wx.mp.controller.WxJsapiControllerTest" name="testGetJsapiTicket" time="0.000">
    <skipped/>
  </testcase> <!-- testGetJsapiTicket -->
  <system-out/>
  <testcase classname="com.github.binarywang.demo.wx.mp.controller.WxJsapiControllerTest" name="testGetJsapiTicket" time="0.000">
    <skipped/>
  </testcase> <!-- testGetJsapiTicket -->
  <system-out/>
  <testcase classname="com.github.binarywang.demo.wx.mp.controller.WxJsapiControllerTest" name="testGetJsapiTicket" time="0.000">
    <skipped/>
  </testcase> <!-- testGetJsapiTicket -->
  <system-out/>
  <testcase classname="com.github.binarywang.demo.wx.mp.controller.WxJsapiControllerTest" name="testGetJsapiTicket" time="0.000">
    <skipped/>
  </testcase> <!-- testGetJsapiTicket -->
  <system-out/>
  <testcase classname="com.github.binarywang.demo.wx.mp.controller.WxJsapiControllerTest" name="testGetJsapiTicket" time="0.000">
    <skipped/>
  </testcase> <!-- testGetJsapiTicket -->
  <system-out/>
  <testcase classname="com.github.binarywang.demo.wx.mp.controller.WxJsapiControllerTest" name="setup" time="0.337">
    <error message="io/restassured/mapper/factory/GsonObjectMapperFactory" type="java.lang.NoClassDefFoundError">
      <![CDATA[java.lang.NoClassDefFoundError: io/restassured/mapper/factory/GsonObjectMapperFactory
at io.restassured.config.RestAssuredConfig.<init>(RestAssuredConfig.java:41)
at io.restassured.RestAssured.<clinit>(RestAssured.java:420)
at com.github.binarywang.demo.wx.mp.controller.BaseControllerTest.setup(BaseControllerTest.java:21)
at java.base/jdk.internal.reflect.NativeMethodAccessorImpl.invoke0(Native Method)
at java.base/jdk.internal.reflect.NativeMethodAccessorImpl.invoke(NativeMethodAccessorImpl.java:77)
at java.base/jdk.internal.reflect.DelegatingMethodAccessorImpl.invoke(DelegatingMethodAccessorImpl.java:43)
at java.base/java.lang.reflect.Method.invoke(Method.java:568)
at org.testng.internal.invokers.MethodInvocationHelper.invokeMethod(MethodInvocationHelper.java:136)
at org.testng.internal.invokers.MethodInvocationHelper.invokeMethodConsideringTimeout(MethodInvocationHelper.java:65)
at org.testng.internal.invokers.ConfigInvoker.invokeConfigurationMethod(ConfigInvoker.java:381)
at org.testng.internal.invokers.ConfigInvoker.invokeConfigurations(ConfigInvoker.java:319)
at org.testng.TestRunner.invokeTestConfigurations(TestRunner.java:645)
at org.testng.TestRunner.beforeRun(TestRunner.java:634)
at org.testng.TestRunner.run(TestRunner.java:596)
at org.testng.SuiteRunner.runTest(SuiteRunner.java:429)
at org.testng.SuiteRunner.runSequentially(SuiteRunner.java:423)
at org.testng.SuiteRunner.privateRun(SuiteRunner.java:383)
at org.testng.SuiteRunner.run(SuiteRunner.java:326)
at org.testng.SuiteRunnerWorker.runSuite(SuiteRunnerWorker.java:52)
at org.testng.SuiteRunnerWorker.run(SuiteRunnerWorker.java:95)
at org.testng.TestNG.runSuitesSequentially(TestNG.java:1249)
at org.testng.TestNG.runSuitesLocally(TestNG.java:1169)
at org.testng.TestNG.runSuites(TestNG.java:1092)
at org.testng.TestNG.run(TestNG.java:1060)
at org.apache.maven.surefire.testng.TestNGExecutor.run(TestNGExecutor.java:135)
at org.apache.maven.surefire.testng.TestNGDirectoryTestSuite.executeMulti(TestNGDirectoryTestSuite.java:193)
at org.apache.maven.surefire.testng.TestNGDirectoryTestSuite.execute(TestNGDirectoryTestSuite.java:94)
at org.apache.maven.surefire.testng.TestNGProvider.invoke(TestNGProvider.java:146)
at org.apache.maven.surefire.booter.ForkedBooter.invokeProviderInSameClassLoader(ForkedBooter.java:384)
at org.apache.maven.surefire.booter.ForkedBooter.runSuitesInProcess(ForkedBooter.java:345)
at org.apache.maven.surefire.booter.ForkedBooter.execute(ForkedBooter.java:126)
at org.apache.maven.surefire.booter.ForkedBooter.main(ForkedBooter.java:418)
Caused by: java.lang.ClassNotFoundException: io.restassured.mapper.factory.GsonObjectMapperFactory
at java.base/jdk.internal.loader.BuiltinClassLoader.loadClass(BuiltinClassLoader.java:641)
at java.base/jdk.internal.loader.ClassLoaders$AppClassLoader.loadClass(ClassLoaders.java:188)
at java.base/java.lang.ClassLoader.loadClass(ClassLoader.java:520)
... 32 more
]]>
    </error>
  </testcase> <!-- setup -->
  <system-out/>
  <testcase classname="com.github.binarywang.demo.wx.mp.controller.WxJsapiControllerTest" name="testGetJsapiTicket" time="0.000">
    <skipped/>
  </testcase> <!-- testGetJsapiTicket -->
  <system-out/>
  <testcase classname="com.github.binarywang.demo.wx.mp.controller.WxJsapiControllerTest" name="testGetJsapiTicket" time="0.000">
    <skipped/>
  </testcase> <!-- testGetJsapiTicket -->
  <system-out/>
  <testcase classname="com.github.binarywang.demo.wx.mp.controller.WxJsapiControllerTest" name="testGetJsapiTicket" time="0.000">
    <skipped/>
  </testcase> <!-- testGetJsapiTicket -->
  <system-out/>
  <testcase classname="com.github.binarywang.demo.wx.mp.controller.WxJsapiControllerTest" name="testGetJsapiTicket" time="0.000">
    <skipped/>
  </testcase> <!-- testGetJsapiTicket -->
  <system-out/>
  <testcase classname="com.github.binarywang.demo.wx.mp.controller.WxJsapiControllerTest" name="testGetJsapiTicket" time="0.000">
    <skipped/>
  </testcase> <!-- testGetJsapiTicket -->
  <system-out/>
  <testcase classname="com.github.binarywang.demo.wx.mp.controller.WxJsapiControllerTest" name="testGetJsapiTicket" time="0.000">
    <skipped/>
  </testcase> <!-- testGetJsapiTicket -->
  <system-out/>
  <testcase classname="com.github.binarywang.demo.wx.mp.controller.WxJsapiControllerTest" name="testGetJsapiTicket" time="0.000">
    <skipped/>
  </testcase> <!-- testGetJsapiTicket -->
  <system-out/>
  <testcase classname="com.github.binarywang.demo.wx.mp.controller.WxJsapiControllerTest" name="testGetJsapiTicket" time="0.000">
    <skipped/>
  </testcase> <!-- testGetJsapiTicket -->
  <system-out/>
  <testcase classname="com.github.binarywang.demo.wx.mp.controller.WxJsapiControllerTest" name="testGetJsapiTicket" time="0.000">
    <skipped/>
  </testcase> <!-- testGetJsapiTicket -->
  <system-out/>
  <testcase classname="com.github.binarywang.demo.wx.mp.controller.WxJsapiControllerTest" name="testGetJsapiTicket" time="0.000">
    <skipped/>
  </testcase> <!-- testGetJsapiTicket -->
  <system-out/>
  <testcase classname="com.github.binarywang.demo.wx.mp.controller.WxJsapiControllerTest" name="testGetJsapiTicket" time="0.000">
    <skipped/>
  </testcase> <!-- testGetJsapiTicket -->
  <system-out/>
  <testcase classname="com.github.binarywang.demo.wx.mp.controller.WxJsapiControllerTest" name="testGetJsapiTicket" time="0.000">
    <skipped/>
  </testcase> <!-- testGetJsapiTicket -->
  <system-out/>
  <testcase classname="com.github.binarywang.demo.wx.mp.controller.WxJsapiControllerTest" name="testGetJsapiTicket" time="0.000">
    <skipped/>
  </testcase> <!-- testGetJsapiTicket -->
  <system-out/>
  <testcase classname="com.github.binarywang.demo.wx.mp.controller.WxJsapiControllerTest" name="testGetJsapiTicket" time="0.000">
    <skipped/>
  </testcase> <!-- testGetJsapiTicket -->
  <system-out/>
  <testcase classname="com.github.binarywang.demo.wx.mp.controller.WxJsapiControllerTest" name="testGetJsapiTicket" time="0.000">
    <skipped/>
  </testcase> <!-- testGetJsapiTicket -->
  <system-out/>
  <testcase classname="com.github.binarywang.demo.wx.mp.controller.WxJsapiControllerTest" name="testGetJsapiTicket" time="0.000">
    <skipped/>
  </testcase> <!-- testGetJsapiTicket -->
  <system-out/>
  <testcase classname="com.github.binarywang.demo.wx.mp.controller.WxJsapiControllerTest" name="testGetJsapiTicket" time="0.000">
    <skipped/>
  </testcase> <!-- testGetJsapiTicket -->
  <system-out/>
  <testcase classname="com.github.binarywang.demo.wx.mp.controller.WxJsapiControllerTest" name="testGetJsapiTicket" time="0.000">
    <skipped/>
  </testcase> <!-- testGetJsapiTicket -->
  <system-out/>
  <testcase classname="com.github.binarywang.demo.wx.mp.controller.WxJsapiControllerTest" name="testGetJsapiTicket" time="0.000">
    <skipped/>
  </testcase> <!-- testGetJsapiTicket -->
  <system-out/>
  <testcase classname="com.github.binarywang.demo.wx.mp.controller.WxJsapiControllerTest" name="testGetJsapiTicket" time="0.000">
    <skipped/>
  </testcase> <!-- testGetJsapiTicket -->
  <system-out/>
  <testcase classname="com.github.binarywang.demo.wx.mp.controller.WxJsapiControllerTest" name="testGetJsapiTicket" time="0.000">
    <skipped/>
  </testcase> <!-- testGetJsapiTicket -->
  <system-out/>
  <testcase classname="com.github.binarywang.demo.wx.mp.controller.WxJsapiControllerTest" name="testGetJsapiTicket" time="0.000">
    <skipped/>
  </testcase> <!-- testGetJsapiTicket -->
  <system-out/>
  <testcase classname="com.github.binarywang.demo.wx.mp.controller.WxJsapiControllerTest" name="testGetJsapiTicket" time="0.000">
    <skipped/>
  </testcase> <!-- testGetJsapiTicket -->
  <system-out/>
  <testcase classname="com.github.binarywang.demo.wx.mp.controller.WxJsapiControllerTest" name="testGetJsapiTicket" time="0.000">
    <skipped/>
  </testcase> <!-- testGetJsapiTicket -->
  <system-out/>
  <testcase classname="com.github.binarywang.demo.wx.mp.controller.WxJsapiControllerTest" name="testGetJsapiTicket" time="0.000">
    <skipped/>
  </testcase> <!-- testGetJsapiTicket -->
  <system-out/>
  <testcase classname="com.github.binarywang.demo.wx.mp.controller.WxJsapiControllerTest" name="testGetJsapiTicket" time="0.000">
    <skipped/>
  </testcase> <!-- testGetJsapiTicket -->
  <system-out/>
  <testcase classname="com.github.binarywang.demo.wx.mp.controller.WxJsapiControllerTest" name="testGetJsapiTicket" time="0.000">
    <skipped/>
  </testcase> <!-- testGetJsapiTicket -->
  <system-out/>
  <testcase classname="com.github.binarywang.demo.wx.mp.controller.WxJsapiControllerTest" name="testGetJsapiTicket" time="0.000">
    <skipped/>
  </testcase> <!-- testGetJsapiTicket -->
  <system-out/>
  <testcase classname="com.github.binarywang.demo.wx.mp.controller.WxJsapiControllerTest" name="testGetJsapiTicket" time="0.000">
    <skipped/>
  </testcase> <!-- testGetJsapiTicket -->
  <system-out/>
  <testcase classname="com.github.binarywang.demo.wx.mp.controller.WxJsapiControllerTest" name="testGetJsapiTicket" time="0.000">
    <skipped/>
  </testcase> <!-- testGetJsapiTicket -->
  <system-out/>
  <testcase classname="com.github.binarywang.demo.wx.mp.controller.WxJsapiControllerTest" name="testGetJsapiTicket" time="0.000">
    <skipped/>
  </testcase> <!-- testGetJsapiTicket -->
  <system-out/>
  <testcase classname="com.github.binarywang.demo.wx.mp.controller.WxJsapiControllerTest" name="testGetJsapiTicket" time="0.001">
    <skipped/>
  </testcase> <!-- testGetJsapiTicket -->
  <system-out/>
  <testcase classname="com.github.binarywang.demo.wx.mp.controller.WxJsapiControllerTest" name="testGetJsapiTicket" time="0.000">
    <skipped/>
  </testcase> <!-- testGetJsapiTicket -->
  <system-out/>
  <testcase classname="com.github.binarywang.demo.wx.mp.controller.WxJsapiControllerTest" name="testGetJsapiTicket" time="0.000">
    <skipped/>
  </testcase> <!-- testGetJsapiTicket -->
  <system-out/>
  <testcase classname="com.github.binarywang.demo.wx.mp.controller.WxJsapiControllerTest" name="testGetJsapiTicket" time="0.000">
    <skipped/>
  </testcase> <!-- testGetJsapiTicket -->
  <system-out/>
  <testcase classname="com.github.binarywang.demo.wx.mp.controller.WxJsapiControllerTest" name="testGetJsapiTicket" time="0.000">
    <skipped/>
  </testcase> <!-- testGetJsapiTicket -->
  <system-out/>
  <testcase classname="com.github.binarywang.demo.wx.mp.controller.WxJsapiControllerTest" name="testGetJsapiTicket" time="0.000">
    <skipped/>
  </testcase> <!-- testGetJsapiTicket -->
  <system-out/>
  <testcase classname="com.github.binarywang.demo.wx.mp.controller.WxJsapiControllerTest" name="testGetJsapiTicket" time="0.000">
    <skipped/>
  </testcase> <!-- testGetJsapiTicket -->
  <system-out/>
  <testcase classname="com.github.binarywang.demo.wx.mp.controller.WxJsapiControllerTest" name="testGetJsapiTicket" time="0.000">
    <skipped/>
  </testcase> <!-- testGetJsapiTicket -->
  <system-out/>
  <testcase classname="com.github.binarywang.demo.wx.mp.controller.WxJsapiControllerTest" name="testGetJsapiTicket" time="0.001">
    <skipped/>
  </testcase> <!-- testGetJsapiTicket -->
  <system-out/>
  <testcase classname="com.github.binarywang.demo.wx.mp.controller.WxJsapiControllerTest" name="testGetJsapiTicket" time="0.000">
    <skipped/>
  </testcase> <!-- testGetJsapiTicket -->
  <system-out/>
  <testcase classname="com.github.binarywang.demo.wx.mp.controller.WxJsapiControllerTest" name="testGetJsapiTicket" time="0.000">
    <skipped/>
  </testcase> <!-- testGetJsapiTicket -->
  <system-out/>
  <testcase classname="com.github.binarywang.demo.wx.mp.controller.WxJsapiControllerTest" name="testGetJsapiTicket" time="0.000">
    <skipped/>
  </testcase> <!-- testGetJsapiTicket -->
  <system-out/>
  <testcase classname="com.github.binarywang.demo.wx.mp.controller.WxJsapiControllerTest" name="testGetJsapiTicket" time="0.000">
    <skipped/>
  </testcase> <!-- testGetJsapiTicket -->
  <system-out/>
  <testcase classname="com.github.binarywang.demo.wx.mp.controller.WxJsapiControllerTest" name="testGetJsapiTicket" time="0.000">
    <skipped/>
  </testcase> <!-- testGetJsapiTicket -->
  <system-out/>
  <testcase classname="com.github.binarywang.demo.wx.mp.controller.WxJsapiControllerTest" name="testGetJsapiTicket" time="0.000">
    <skipped/>
  </testcase> <!-- testGetJsapiTicket -->
  <system-out/>
  <testcase classname="com.github.binarywang.demo.wx.mp.controller.WxJsapiControllerTest" name="testGetJsapiTicket" time="0.000">
    <skipped/>
  </testcase> <!-- testGetJsapiTicket -->
  <system-out/>
  <testcase classname="com.github.binarywang.demo.wx.mp.controller.WxJsapiControllerTest" name="testGetJsapiTicket" time="0.000">
    <skipped/>
  </testcase> <!-- testGetJsapiTicket -->
  <system-out/>
  <testcase classname="com.github.binarywang.demo.wx.mp.controller.WxJsapiControllerTest" name="testGetJsapiTicket" time="0.000">
    <skipped/>
  </testcase> <!-- testGetJsapiTicket -->
  <system-out/>
  <testcase classname="com.github.binarywang.demo.wx.mp.controller.WxJsapiControllerTest" name="testGetJsapiTicket" time="0.000">
    <skipped/>
  </testcase> <!-- testGetJsapiTicket -->
  <system-out/>
  <testcase classname="com.github.binarywang.demo.wx.mp.controller.WxJsapiControllerTest" name="testGetJsapiTicket" time="0.000">
    <skipped/>
  </testcase> <!-- testGetJsapiTicket -->
  <system-out/>
  <testcase classname="com.github.binarywang.demo.wx.mp.controller.WxJsapiControllerTest" name="testGetJsapiTicket" time="0.000">
    <skipped/>
  </testcase> <!-- testGetJsapiTicket -->
  <system-out/>
  <testcase classname="com.github.binarywang.demo.wx.mp.controller.WxJsapiControllerTest" name="testGetJsapiTicket" time="0.000">
    <skipped/>
  </testcase> <!-- testGetJsapiTicket -->
  <system-out/>
  <testcase classname="com.github.binarywang.demo.wx.mp.controller.WxJsapiControllerTest" name="testGetJsapiTicket" time="0.000">
    <skipped/>
  </testcase> <!-- testGetJsapiTicket -->
  <system-out/>
  <testcase classname="com.github.binarywang.demo.wx.mp.controller.WxJsapiControllerTest" name="testGetJsapiTicket" time="0.001">
    <skipped/>
  </testcase> <!-- testGetJsapiTicket -->
  <system-out/>
  <testcase classname="com.github.binarywang.demo.wx.mp.controller.WxJsapiControllerTest" name="testGetJsapiTicket" time="0.000">
    <skipped/>
  </testcase> <!-- testGetJsapiTicket -->
  <system-out/>
  <testcase classname="com.github.binarywang.demo.wx.mp.controller.WxJsapiControllerTest" name="testGetJsapiTicket" time="0.000">
    <skipped/>
  </testcase> <!-- testGetJsapiTicket -->
  <system-out/>
  <testcase classname="com.github.binarywang.demo.wx.mp.controller.WxJsapiControllerTest" name="testGetJsapiTicket" time="0.000">
    <skipped/>
  </testcase> <!-- testGetJsapiTicket -->
  <system-out/>
  <testcase classname="com.github.binarywang.demo.wx.mp.controller.WxJsapiControllerTest" name="testGetJsapiTicket" time="0.000">
    <skipped/>
  </testcase> <!-- testGetJsapiTicket -->
  <system-out/>
  <testcase classname="com.github.binarywang.demo.wx.mp.controller.WxJsapiControllerTest" name="testGetJsapiTicket" time="0.000">
    <skipped/>
  </testcase> <!-- testGetJsapiTicket -->
  <system-out/>
  <testcase classname="com.github.binarywang.demo.wx.mp.controller.WxJsapiControllerTest" name="testGetJsapiTicket" time="0.000">
    <skipped/>
  </testcase> <!-- testGetJsapiTicket -->
  <system-out/>
  <testcase classname="com.github.binarywang.demo.wx.mp.controller.WxJsapiControllerTest" name="testGetJsapiTicket" time="0.000">
    <skipped/>
  </testcase> <!-- testGetJsapiTicket -->
  <system-out/>
  <testcase classname="com.github.binarywang.demo.wx.mp.controller.WxJsapiControllerTest" name="testGetJsapiTicket" time="0.000">
    <skipped/>
  </testcase> <!-- testGetJsapiTicket -->
  <system-out/>
  <testcase classname="com.github.binarywang.demo.wx.mp.controller.WxJsapiControllerTest" name="testGetJsapiTicket" time="0.000">
    <skipped/>
  </testcase> <!-- testGetJsapiTicket -->
  <system-out/>
  <testcase classname="com.github.binarywang.demo.wx.mp.controller.WxJsapiControllerTest" name="testGetJsapiTicket" time="0.000">
    <skipped/>
  </testcase> <!-- testGetJsapiTicket -->
  <system-out/>
  <testcase classname="com.github.binarywang.demo.wx.mp.controller.WxJsapiControllerTest" name="testGetJsapiTicket" time="0.000">
    <skipped/>
  </testcase> <!-- testGetJsapiTicket -->
  <system-out/>
  <testcase classname="com.github.binarywang.demo.wx.mp.controller.WxJsapiControllerTest" name="testGetJsapiTicket" time="0.000">
    <skipped/>
  </testcase> <!-- testGetJsapiTicket -->
  <system-out/>
  <testcase classname="com.github.binarywang.demo.wx.mp.controller.WxJsapiControllerTest" name="testGetJsapiTicket" time="0.000">
    <skipped/>
  </testcase> <!-- testGetJsapiTicket -->
  <system-out/>
  <testcase classname="com.github.binarywang.demo.wx.mp.controller.WxJsapiControllerTest" name="testGetJsapiTicket" time="0.000">
    <skipped/>
  </testcase> <!-- testGetJsapiTicket -->
  <system-out/>
  <testcase classname="com.github.binarywang.demo.wx.mp.controller.WxJsapiControllerTest" name="testGetJsapiTicket" time="0.001">
    <skipped/>
  </testcase> <!-- testGetJsapiTicket -->
  <system-out/>
  <testcase classname="com.github.binarywang.demo.wx.mp.controller.WxJsapiControllerTest" name="testGetJsapiTicket" time="0.000">
    <skipped/>
  </testcase> <!-- testGetJsapiTicket -->
  <system-out/>
  <testcase classname="com.github.binarywang.demo.wx.mp.controller.WxJsapiControllerTest" name="testGetJsapiTicket" time="0.000">
    <skipped/>
  </testcase> <!-- testGetJsapiTicket -->
  <system-out/>
  <testcase classname="com.github.binarywang.demo.wx.mp.controller.WxJsapiControllerTest" name="testGetJsapiTicket" time="0.000">
    <skipped/>
  </testcase> <!-- testGetJsapiTicket -->
  <system-out/>
  <testcase classname="com.github.binarywang.demo.wx.mp.controller.WxJsapiControllerTest" name="testGetJsapiTicket" time="0.000">
    <skipped/>
  </testcase> <!-- testGetJsapiTicket -->
  <system-out/>
  <testcase classname="com.github.binarywang.demo.wx.mp.controller.WxJsapiControllerTest" name="testGetJsapiTicket" time="0.000">
    <skipped/>
  </testcase> <!-- testGetJsapiTicket -->
  <system-out/>
  <testcase classname="com.github.binarywang.demo.wx.mp.controller.WxJsapiControllerTest" name="testGetJsapiTicket" time="0.000">
    <skipped/>
  </testcase> <!-- testGetJsapiTicket -->
  <system-out/>
  <testcase classname="com.github.binarywang.demo.wx.mp.controller.WxJsapiControllerTest" name="testGetJsapiTicket" time="0.000">
    <skipped/>
  </testcase> <!-- testGetJsapiTicket -->
  <system-out/>
  <testcase classname="com.github.binarywang.demo.wx.mp.controller.WxJsapiControllerTest" name="testGetJsapiTicket" time="0.000">
    <skipped/>
  </testcase> <!-- testGetJsapiTicket -->
  <system-out/>
  <testcase classname="com.github.binarywang.demo.wx.mp.controller.WxJsapiControllerTest" name="testGetJsapiTicket" time="0.000">
    <skipped/>
  </testcase> <!-- testGetJsapiTicket -->
  <system-out/>
  <testcase classname="com.github.binarywang.demo.wx.mp.controller.WxJsapiControllerTest" name="testGetJsapiTicket" time="0.000">
    <skipped/>
  </testcase> <!-- testGetJsapiTicket -->
  <system-out/>
  <testcase classname="com.github.binarywang.demo.wx.mp.controller.WxJsapiControllerTest" name="testGetJsapiTicket" time="0.000">
    <skipped/>
  </testcase> <!-- testGetJsapiTicket -->
  <system-out/>
  <testcase classname="com.github.binarywang.demo.wx.mp.controller.WxJsapiControllerTest" name="testGetJsapiTicket" time="0.000">
    <skipped/>
  </testcase> <!-- testGetJsapiTicket -->
  <system-out/>
  <testcase classname="com.github.binarywang.demo.wx.mp.controller.WxJsapiControllerTest" name="testGetJsapiTicket" time="0.000">
    <skipped/>
  </testcase> <!-- testGetJsapiTicket -->
  <system-out/>
  <testcase classname="com.github.binarywang.demo.wx.mp.controller.WxJsapiControllerTest" name="testGetJsapiTicket" time="0.000">
    <skipped/>
  </testcase> <!-- testGetJsapiTicket -->
  <system-out/>
  <testcase classname="com.github.binarywang.demo.wx.mp.controller.WxJsapiControllerTest" name="testGetJsapiTicket" time="0.000">
    <skipped/>
  </testcase> <!-- testGetJsapiTicket -->
  <system-out/>
  <testcase classname="com.github.binarywang.demo.wx.mp.controller.WxJsapiControllerTest" name="testGetJsapiTicket" time="0.000">
    <skipped/>
  </testcase> <!-- testGetJsapiTicket -->
  <system-out/>
  <testcase classname="com.github.binarywang.demo.wx.mp.controller.WxJsapiControllerTest" name="testGetJsapiTicket" time="0.000">
    <skipped/>
  </testcase> <!-- testGetJsapiTicket -->
  <system-out/>
  <testcase classname="com.github.binarywang.demo.wx.mp.controller.WxJsapiControllerTest" name="testGetJsapiTicket" time="0.000">
    <skipped/>
  </testcase> <!-- testGetJsapiTicket -->
  <system-out/>
  <testcase classname="com.github.binarywang.demo.wx.mp.controller.WxJsapiControllerTest" name="testGetJsapiTicket" time="0.000">
    <skipped/>
  </testcase> <!-- testGetJsapiTicket -->
  <system-out/>
  <testcase classname="com.github.binarywang.demo.wx.mp.controller.WxJsapiControllerTest" name="testGetJsapiTicket" time="0.000">
    <skipped/>
  </testcase> <!-- testGetJsapiTicket -->
  <system-out/>
  <testcase classname="com.github.binarywang.demo.wx.mp.controller.WxJsapiControllerTest" name="testGetJsapiTicket" time="0.000">
    <skipped/>
  </testcase> <!-- testGetJsapiTicket -->
  <system-out/>
  <testcase classname="com.github.binarywang.demo.wx.mp.controller.WxJsapiControllerTest" name="testGetJsapiTicket" time="0.000">
    <skipped/>
  </testcase> <!-- testGetJsapiTicket -->
  <system-out/>
  <testcase classname="com.github.binarywang.demo.wx.mp.controller.WxJsapiControllerTest" name="testGetJsapiTicket" time="0.000">
    <skipped/>
  </testcase> <!-- testGetJsapiTicket -->
  <system-out/>
  <testcase classname="com.github.binarywang.demo.wx.mp.controller.WxJsapiControllerTest" name="testGetJsapiTicket" time="0.000">
    <skipped/>
  </testcase> <!-- testGetJsapiTicket -->
  <system-out/>
  <testcase classname="com.github.binarywang.demo.wx.mp.controller.WxJsapiControllerTest" name="testGetJsapiTicket" time="0.000">
    <skipped/>
  </testcase> <!-- testGetJsapiTicket -->
  <system-out/>
  <testcase classname="com.github.binarywang.demo.wx.mp.controller.WxJsapiControllerTest" name="testGetJsapiTicket" time="0.000">
    <skipped/>
  </testcase> <!-- testGetJsapiTicket -->
  <system-out/>
  <testcase classname="com.github.binarywang.demo.wx.mp.controller.WxJsapiControllerTest" name="testGetJsapiTicket" time="0.000">
    <skipped/>
  </testcase> <!-- testGetJsapiTicket -->
  <system-out/>
  <testcase classname="com.github.binarywang.demo.wx.mp.controller.WxJsapiControllerTest" name="testGetJsapiTicket" time="0.000">
    <skipped/>
  </testcase> <!-- testGetJsapiTicket -->
  <system-out/>
  <testcase classname="com.github.binarywang.demo.wx.mp.controller.WxJsapiControllerTest" name="testGetJsapiTicket" time="0.000">
    <skipped/>
  </testcase> <!-- testGetJsapiTicket -->
  <system-out/>
  <testcase classname="com.github.binarywang.demo.wx.mp.controller.WxJsapiControllerTest" name="testGetJsapiTicket" time="0.000">
    <skipped/>
  </testcase> <!-- testGetJsapiTicket -->
  <system-out/>
  <testcase classname="com.github.binarywang.demo.wx.mp.controller.WxJsapiControllerTest" name="testGetJsapiTicket" time="0.002">
    <skipped/>
  </testcase> <!-- testGetJsapiTicket -->
  <system-out/>
  <testcase classname="com.github.binarywang.demo.wx.mp.controller.WxJsapiControllerTest" name="testGetJsapiTicket" time="0.000">
    <skipped/>
  </testcase> <!-- testGetJsapiTicket -->
  <system-out/>
  <testcase classname="com.github.binarywang.demo.wx.mp.controller.WxJsapiControllerTest" name="testGetJsapiTicket" time="0.000">
    <skipped/>
  </testcase> <!-- testGetJsapiTicket -->
  <system-out/>
  <testcase classname="com.github.binarywang.demo.wx.mp.controller.WxJsapiControllerTest" name="testGetJsapiTicket" time="0.000">
    <skipped/>
  </testcase> <!-- testGetJsapiTicket -->
  <system-out/>
  <testcase classname="com.github.binarywang.demo.wx.mp.controller.WxJsapiControllerTest" name="testGetJsapiTicket" time="0.000">
    <skipped/>
  </testcase> <!-- testGetJsapiTicket -->
  <system-out/>
  <testcase classname="com.github.binarywang.demo.wx.mp.controller.WxJsapiControllerTest" name="testGetJsapiTicket" time="0.000">
    <skipped/>
  </testcase> <!-- testGetJsapiTicket -->
  <system-out/>
  <testcase classname="com.github.binarywang.demo.wx.mp.controller.WxJsapiControllerTest" name="testGetJsapiTicket" time="0.000">
    <skipped/>
  </testcase> <!-- testGetJsapiTicket -->
  <system-out/>
  <testcase classname="com.github.binarywang.demo.wx.mp.controller.WxJsapiControllerTest" name="testGetJsapiTicket" time="0.000">
    <skipped/>
  </testcase> <!-- testGetJsapiTicket -->
  <system-out/>
  <testcase classname="com.github.binarywang.demo.wx.mp.controller.WxJsapiControllerTest" name="testGetJsapiTicket" time="0.000">
    <skipped/>
  </testcase> <!-- testGetJsapiTicket -->
  <system-out/>
  <testcase classname="com.github.binarywang.demo.wx.mp.controller.WxJsapiControllerTest" name="testGetJsapiTicket" time="0.000">
    <skipped/>
  </testcase> <!-- testGetJsapiTicket -->
  <system-out/>
  <testcase classname="com.github.binarywang.demo.wx.mp.controller.WxJsapiControllerTest" name="testGetJsapiTicket" time="0.000">
    <skipped/>
  </testcase> <!-- testGetJsapiTicket -->
  <system-out/>
  <testcase classname="com.github.binarywang.demo.wx.mp.controller.WxJsapiControllerTest" name="testGetJsapiTicket" time="0.000">
    <skipped/>
  </testcase> <!-- testGetJsapiTicket -->
  <system-out/>
  <testcase classname="com.github.binarywang.demo.wx.mp.controller.WxJsapiControllerTest" name="testGetJsapiTicket" time="0.000">
    <skipped/>
  </testcase> <!-- testGetJsapiTicket -->
  <system-out/>
  <testcase classname="com.github.binarywang.demo.wx.mp.controller.WxJsapiControllerTest" name="testGetJsapiTicket" time="0.000">
    <skipped/>
  </testcase> <!-- testGetJsapiTicket -->
  <system-out/>
  <testcase classname="com.github.binarywang.demo.wx.mp.controller.WxJsapiControllerTest" name="testGetJsapiTicket" time="0.000">
    <skipped/>
  </testcase> <!-- testGetJsapiTicket -->
  <system-out/>
  <testcase classname="com.github.binarywang.demo.wx.mp.controller.WxJsapiControllerTest" name="testGetJsapiTicket" time="0.000">
    <skipped/>
  </testcase> <!-- testGetJsapiTicket -->
  <system-out/>
  <testcase classname="com.github.binarywang.demo.wx.mp.controller.WxJsapiControllerTest" name="testGetJsapiTicket" time="0.000">
    <skipped/>
  </testcase> <!-- testGetJsapiTicket -->
  <system-out/>
  <testcase classname="com.github.binarywang.demo.wx.mp.controller.WxJsapiControllerTest" name="testGetJsapiTicket" time="0.000">
    <skipped/>
  </testcase> <!-- testGetJsapiTicket -->
  <system-out/>
  <testcase classname="com.github.binarywang.demo.wx.mp.controller.WxJsapiControllerTest" name="testGetJsapiTicket" time="0.001">
    <skipped/>
  </testcase> <!-- testGetJsapiTicket -->
  <system-out/>
  <testcase classname="com.github.binarywang.demo.wx.mp.controller.WxJsapiControllerTest" name="testGetJsapiTicket" time="0.000">
    <skipped/>
  </testcase> <!-- testGetJsapiTicket -->
  <system-out/>
  <testcase classname="com.github.binarywang.demo.wx.mp.controller.WxJsapiControllerTest" name="testGetJsapiTicket" time="0.000">
    <skipped/>
  </testcase> <!-- testGetJsapiTicket -->
  <system-out/>
  <testcase classname="com.github.binarywang.demo.wx.mp.controller.WxJsapiControllerTest" name="testGetJsapiTicket" time="0.000">
    <skipped/>
  </testcase> <!-- testGetJsapiTicket -->
  <system-out/>
  <testcase classname="com.github.binarywang.demo.wx.mp.controller.WxJsapiControllerTest" name="testGetJsapiTicket" time="0.000">
    <skipped/>
  </testcase> <!-- testGetJsapiTicket -->
  <system-out/>
  <testcase classname="com.github.binarywang.demo.wx.mp.controller.WxJsapiControllerTest" name="testGetJsapiTicket" time="0.000">
    <skipped/>
  </testcase> <!-- testGetJsapiTicket -->
  <system-out/>
  <testcase classname="com.github.binarywang.demo.wx.mp.controller.WxJsapiControllerTest" name="testGetJsapiTicket" time="0.000">
    <skipped/>
  </testcase> <!-- testGetJsapiTicket -->
  <system-out/>
  <testcase classname="com.github.binarywang.demo.wx.mp.controller.WxJsapiControllerTest" name="testGetJsapiTicket" time="0.000">
    <skipped/>
  </testcase> <!-- testGetJsapiTicket -->
  <system-out/>
  <testcase classname="com.github.binarywang.demo.wx.mp.controller.WxJsapiControllerTest" name="testGetJsapiTicket" time="0.000">
    <skipped/>
  </testcase> <!-- testGetJsapiTicket -->
  <system-out/>
  <testcase classname="com.github.binarywang.demo.wx.mp.controller.WxJsapiControllerTest" name="testGetJsapiTicket" time="0.000">
    <skipped/>
  </testcase> <!-- testGetJsapiTicket -->
  <system-out/>
  <testcase classname="com.github.binarywang.demo.wx.mp.controller.WxJsapiControllerTest" name="testGetJsapiTicket" time="0.000">
    <skipped/>
  </testcase> <!-- testGetJsapiTicket -->
  <system-out/>
  <testcase classname="com.github.binarywang.demo.wx.mp.controller.WxJsapiControllerTest" name="testGetJsapiTicket" time="0.000">
    <skipped/>
  </testcase> <!-- testGetJsapiTicket -->
  <system-out/>
  <testcase classname="com.github.binarywang.demo.wx.mp.controller.WxJsapiControllerTest" name="testGetJsapiTicket" time="0.000">
    <skipped/>
  </testcase> <!-- testGetJsapiTicket -->
  <system-out/>
  <testcase classname="com.github.binarywang.demo.wx.mp.controller.WxJsapiControllerTest" name="testGetJsapiTicket" time="0.000">
    <skipped/>
  </testcase> <!-- testGetJsapiTicket -->
  <system-out/>
  <testcase classname="com.github.binarywang.demo.wx.mp.controller.WxJsapiControllerTest" name="testGetJsapiTicket" time="0.000">
    <skipped/>
  </testcase> <!-- testGetJsapiTicket -->
  <system-out/>
  <testcase classname="com.github.binarywang.demo.wx.mp.controller.WxJsapiControllerTest" name="testGetJsapiTicket" time="0.000">
    <skipped/>
  </testcase> <!-- testGetJsapiTicket -->
  <system-out/>
  <testcase classname="com.github.binarywang.demo.wx.mp.controller.WxJsapiControllerTest" name="testGetJsapiTicket" time="0.000">
    <skipped/>
  </testcase> <!-- testGetJsapiTicket -->
  <system-out/>
  <testcase classname="com.github.binarywang.demo.wx.mp.controller.WxJsapiControllerTest" name="testGetJsapiTicket" time="0.000">
    <skipped/>
  </testcase> <!-- testGetJsapiTicket -->
  <system-out/>
  <testcase classname="com.github.binarywang.demo.wx.mp.controller.WxJsapiControllerTest" name="testGetJsapiTicket" time="0.000">
    <skipped/>
  </testcase> <!-- testGetJsapiTicket -->
  <system-out/>
  <testcase classname="com.github.binarywang.demo.wx.mp.controller.WxJsapiControllerTest" name="testGetJsapiTicket" time="0.000">
    <skipped/>
  </testcase> <!-- testGetJsapiTicket -->
  <system-out/>
  <testcase classname="com.github.binarywang.demo.wx.mp.controller.WxJsapiControllerTest" name="testGetJsapiTicket" time="0.000">
    <skipped/>
  </testcase> <!-- testGetJsapiTicket -->
  <system-out/>
  <testcase classname="com.github.binarywang.demo.wx.mp.controller.WxJsapiControllerTest" name="testGetJsapiTicket" time="0.000">
    <skipped/>
  </testcase> <!-- testGetJsapiTicket -->
  <system-out/>
  <testcase classname="com.github.binarywang.demo.wx.mp.controller.WxJsapiControllerTest" name="testGetJsapiTicket" time="0.000">
    <skipped/>
  </testcase> <!-- testGetJsapiTicket -->
  <system-out/>
  <testcase classname="com.github.binarywang.demo.wx.mp.controller.WxJsapiControllerTest" name="testGetJsapiTicket" time="0.000">
    <skipped/>
  </testcase> <!-- testGetJsapiTicket -->
  <system-out/>
  <testcase classname="com.github.binarywang.demo.wx.mp.controller.WxJsapiControllerTest" name="testGetJsapiTicket" time="0.000">
    <skipped/>
  </testcase> <!-- testGetJsapiTicket -->
  <system-out/>
  <testcase classname="com.github.binarywang.demo.wx.mp.controller.WxJsapiControllerTest" name="testGetJsapiTicket" time="0.000">
    <skipped/>
  </testcase> <!-- testGetJsapiTicket -->
  <system-out/>
  <testcase classname="com.github.binarywang.demo.wx.mp.controller.WxJsapiControllerTest" name="testGetJsapiTicket" time="0.000">
    <skipped/>
  </testcase> <!-- testGetJsapiTicket -->
  <system-out/>
  <testcase classname="com.github.binarywang.demo.wx.mp.controller.WxJsapiControllerTest" name="testGetJsapiTicket" time="0.000">
    <skipped/>
  </testcase> <!-- testGetJsapiTicket -->
  <system-out/>
  <testcase classname="com.github.binarywang.demo.wx.mp.controller.WxJsapiControllerTest" name="testGetJsapiTicket" time="0.000">
    <skipped/>
  </testcase> <!-- testGetJsapiTicket -->
  <system-out/>
  <testcase classname="com.github.binarywang.demo.wx.mp.controller.WxJsapiControllerTest" name="testGetJsapiTicket" time="0.000">
    <skipped/>
  </testcase> <!-- testGetJsapiTicket -->
  <system-out/>
  <testcase classname="com.github.binarywang.demo.wx.mp.controller.WxJsapiControllerTest" name="testGetJsapiTicket" time="0.000">
    <skipped/>
  </testcase> <!-- testGetJsapiTicket -->
  <system-out/>
  <testcase classname="com.github.binarywang.demo.wx.mp.controller.WxJsapiControllerTest" name="testGetJsapiTicket" time="0.000">
    <skipped/>
  </testcase> <!-- testGetJsapiTicket -->
  <system-out/>
  <testcase classname="com.github.binarywang.demo.wx.mp.controller.WxJsapiControllerTest" name="testGetJsapiTicket" time="0.000">
    <skipped/>
  </testcase> <!-- testGetJsapiTicket -->
  <system-out/>
  <testcase classname="com.github.binarywang.demo.wx.mp.controller.WxJsapiControllerTest" name="testGetJsapiTicket" time="0.000">
    <skipped/>
  </testcase> <!-- testGetJsapiTicket -->
  <system-out/>
  <testcase classname="com.github.binarywang.demo.wx.mp.controller.WxJsapiControllerTest" name="testGetJsapiTicket" time="0.000">
    <skipped/>
  </testcase> <!-- testGetJsapiTicket -->
  <system-out/>
  <testcase classname="com.github.binarywang.demo.wx.mp.controller.WxJsapiControllerTest" name="testGetJsapiTicket" time="0.000">
    <skipped/>
  </testcase> <!-- testGetJsapiTicket -->
  <system-out/>
[...]
  <system-out/>
  <testcase classname="com.github.binarywang.demo.wx.mp.controller.WxJsapiControllerTest" name="testGetJsapiTicket" time="0.000">
    <skipped/>
  </testcase> <!-- testGetJsapiTicket -->
  <system-out/>
  <testcase classname="com.github.binarywang.demo.wx.mp.controller.WxJsapiControllerTest" name="testGetJsapiTicket" time="0.000">
    <skipped/>
  </testcase> <!-- testGetJsapiTicket -->
  <system-out/>
  <testcase classname="com.github.binarywang.demo.wx.mp.controller.WxJsapiControllerTest" name="testGetJsapiTicket" time="0.000">
    <skipped/>
  </testcase> <!-- testGetJsapiTicket -->
  <system-out/>
  <testcase classname="com.github.binarywang.demo.wx.mp.controller.WxJsapiControllerTest" name="testGetJsapiTicket" time="0.000">
    <skipped/>
  </testcase> <!-- testGetJsapiTicket -->
  <system-out/>
  <testcase classname="com.github.binarywang.demo.wx.mp.controller.WxJsapiControllerTest" name="testGetJsapiTicket" time="0.000">
    <skipped/>
  </testcase> <!-- testGetJsapiTicket -->
  <system-out/>
  <testcase classname="com.github.binarywang.demo.wx.mp.controller.WxJsapiControllerTest" name="testGetJsapiTicket" time="0.000">
    <skipped/>
  </testcase> <!-- testGetJsapiTicket -->
  <system-out/>
  <testcase classname="com.github.binarywang.demo.wx.mp.controller.WxJsapiControllerTest" name="testGetJsapiTicket" time="0.000">
    <skipped/>
  </testcase> <!-- testGetJsapiTicket -->
  <system-out/>
  <testcase classname="com.github.binarywang.demo.wx.mp.controller.WxJsapiControllerTest" name="testGetJsapiTicket" time="0.000">
    <skipped/>
  </testcase> <!-- testGetJsapiTicket -->
  <system-out/>
  <testcase classname="com.github.binarywang.demo.wx.mp.controller.WxJsapiControllerTest" name="testGetJsapiTicket" time="0.000">
    <skipped/>
  </testcase> <!-- testGetJsapiTicket -->
  <system-out/>
  <testcase classname="com.github.binarywang.demo.wx.mp.controller.WxJsapiControllerTest" name="testGetJsapiTicket" time="0.000">
    <skipped/>
  </testcase> <!-- testGetJsapiTicket -->
  <system-out/>
  <testcase classname="com.github.binarywang.demo.wx.mp.controller.WxJsapiControllerTest" name="testGetJsapiTicket" time="0.000">
    <skipped/>
  </testcase> <!-- testGetJsapiTicket -->
  <system-out/>
  <testcase classname="com.github.binarywang.demo.wx.mp.controller.WxJsapiControllerTest" name="testGetJsapiTicket" time="0.000">
    <skipped/>
  </testcase> <!-- testGetJsapiTicket -->
  <system-out/>
  <testcase classname="com.github.binarywang.demo.wx.mp.controller.WxJsapiControllerTest" name="testGetJsapiTicket" time="0.000">
    <skipped/>
  </testcase> <!-- testGetJsapiTicket -->
  <system-out/>
  <testcase classname="com.github.binarywang.demo.wx.mp.controller.WxJsapiControllerTest" name="testGetJsapiTicket" time="0.000">
    <skipped/>
  </testcase> <!-- testGetJsapiTicket -->
  <system-out/>
  <testcase classname="com.github.binarywang.demo.wx.mp.controller.WxJsapiControllerTest" name="testGetJsapiTicket" time="0.000">
    <skipped/>
  </testcase> <!-- testGetJsapiTicket -->
  <system-out/>
  <testcase classname="com.github.binarywang.demo.wx.mp.controller.WxJsapiControllerTest" name="testGetJsapiTicket" time="0.000">
    <skipped/>
  </testcase> <!-- testGetJsapiTicket -->
  <system-out/>
  <testcase classname="com.github.binarywang.demo.wx.mp.controller.WxJsapiControllerTest" name="testGetJsapiTicket" time="0.000">
    <skipped/>
  </testcase> <!-- testGetJsapiTicket -->
  <system-out/>
  <testcase classname="com.github.binarywang.demo.wx.mp.controller.WxJsapiControllerTest" name="testGetJsapiTicket" time="0.000">
    <skipped/>
  </testcase> <!-- testGetJsapiTicket -->
  <system-out/>
  <testcase classname="com.github.binarywang.demo.wx.mp.controller.WxJsapiControllerTest" name="testGetJsapiTicket" time="0.001">
    <skipped/>
  </testcase> <!-- testGetJsapiTicket -->
  <system-out/>
  <testcase classname="com.github.binarywang.demo.wx.mp.controller.WxJsapiControllerTest" name="testGetJsapiTicket" time="0.000">
    <skipped/>
  </testcase> <!-- testGetJsapiTicket -->
  <system-out/>
  <testcase classname="com.github.binarywang.demo.wx.mp.controller.WxJsapiControllerTest" name="testGetJsapiTicket" time="0.000">
    <skipped/>
  </testcase> <!-- testGetJsapiTicket -->
  <system-out/>
  <testcase classname="com.github.binarywang.demo.wx.mp.controller.WxJsapiControllerTest" name="testGetJsapiTicket" time="0.000">
    <skipped/>
  </testcase> <!-- testGetJsapiTicket -->
  <system-out/>
  <testcase classname="com.github.binarywang.demo.wx.mp.controller.WxJsapiControllerTest" name="testGetJsapiTicket" time="0.000">
    <skipped/>
  </testcase> <!-- testGetJsapiTicket -->
  <system-out/>
  <testcase classname="com.github.binarywang.demo.wx.mp.controller.WxJsapiControllerTest" name="testGetJsapiTicket" time="0.000">
    <skipped/>
  </testcase> <!-- testGetJsapiTicket -->
  <system-out/>
  <testcase classname="com.github.binarywang.demo.wx.mp.controller.WxJsapiControllerTest" name="testGetJsapiTicket" time="0.000">
    <skipped/>
  </testcase> <!-- testGetJsapiTicket -->
  <system-out/>
  <testcase classname="com.github.binarywang.demo.wx.mp.controller.WxJsapiControllerTest" name="testGetJsapiTicket" time="0.000">
    <skipped/>
  </testcase> <!-- testGetJsapiTicket -->
  <system-out/>
  <testcase classname="com.github.binarywang.demo.wx.mp.controller.WxJsapiControllerTest" name="testGetJsapiTicket" time="0.000">
    <skipped/>
  </testcase> <!-- testGetJsapiTicket -->
  <system-out/>
  <testcase classname="com.github.binarywang.demo.wx.mp.controller.WxJsapiControllerTest" name="testGetJsapiTicket" time="0.000">
    <skipped/>
  </testcase> <!-- testGetJsapiTicket -->
  <system-out/>
  <testcase classname="com.github.binarywang.demo.wx.mp.controller.WxJsapiControllerTest" name="testGetJsapiTicket" time="0.000">
    <skipped/>
  </testcase> <!-- testGetJsapiTicket -->
  <system-out/>
  <testcase classname="com.github.binarywang.demo.wx.mp.controller.WxJsapiControllerTest" name="testGetJsapiTicket" time="0.000">
    <skipped/>
  </testcase> <!-- testGetJsapiTicket -->
  <system-out/>
  <testcase classname="com.github.binarywang.demo.wx.mp.controller.WxJsapiControllerTest" name="testGetJsapiTicket" time="0.000">
    <skipped/>
  </testcase> <!-- testGetJsapiTicket -->
  <system-out/>
  <testcase classname="com.github.binarywang.demo.wx.mp.controller.WxJsapiControllerTest" name="testGetJsapiTicket" time="0.000">
    <skipped/>
  </testcase> <!-- testGetJsapiTicket -->
  <system-out/>
  <testcase classname="com.github.binarywang.demo.wx.mp.controller.WxJsapiControllerTest" name="testGetJsapiTicket" time="0.001">
    <skipped/>
  </testcase> <!-- testGetJsapiTicket -->
  <system-out/>
  <testcase classname="com.github.binarywang.demo.wx.mp.controller.WxJsapiControllerTest" name="testGetJsapiTicket" time="0.000">
    <skipped/>
  </testcase> <!-- testGetJsapiTicket -->
  <system-out/>
  <testcase classname="com.github.binarywang.demo.wx.mp.controller.WxJsapiControllerTest" name="testGetJsapiTicket" time="0.000">
    <skipped/>
  </testcase> <!-- testGetJsapiTicket -->
  <system-out/>
  <testcase classname="com.github.binarywang.demo.wx.mp.controller.WxJsapiControllerTest" name="testGetJsapiTicket" time="0.000">
    <skipped/>
  </testcase> <!-- testGetJsapiTicket -->
  <system-out/>
  <testcase classname="com.github.binarywang.demo.wx.mp.controller.WxJsapiControllerTest" name="testGetJsapiTicket" time="0.000">
    <skipped/>
  </testcase> <!-- testGetJsapiTicket -->
  <system-out/>
  <testcase classname="com.github.binarywang.demo.wx.mp.controller.WxJsapiControllerTest" name="testGetJsapiTicket" time="0.000">
    <skipped/>
  </testcase> <!-- testGetJsapiTicket -->
  <system-out/>
  <testcase classname="com.github.binarywang.demo.wx.mp.controller.WxJsapiControllerTest" name="testGetJsapiTicket" time="0.000">
    <skipped/>
  </testcase> <!-- testGetJsapiTicket -->
  <system-out/>
  <testcase classname="com.github.binarywang.demo.wx.mp.controller.WxJsapiControllerTest" name="testGetJsapiTicket" time="0.000">
    <skipped/>
  </testcase> <!-- testGetJsapiTicket -->
  <system-out/>
  <testcase classname="com.github.binarywang.demo.wx.mp.controller.WxJsapiControllerTest" name="testGetJsapiTicket" time="0.000">
    <skipped/>
  </testcase> <!-- testGetJsapiTicket -->
  <system-out/>
  <testcase classname="com.github.binarywang.demo.wx.mp.controller.WxJsapiControllerTest" name="testGetJsapiTicket" time="0.000">
    <skipped/>
  </testcase> <!-- testGetJsapiTicket -->
  <system-out/>
  <testcase classname="com.github.binarywang.demo.wx.mp.controller.WxJsapiControllerTest" name="testGetJsapiTicket" time="0.000">
    <skipped/>
  </testcase> <!-- testGetJsapiTicket -->
  <system-out/>
  <testcase classname="com.github.binarywang.demo.wx.mp.controller.WxJsapiControllerTest" name="testGetJsapiTicket" time="0.000">
    <skipped/>
  </testcase> <!-- testGetJsapiTicket -->
  <system-out/>
  <testcase classname="com.github.binarywang.demo.wx.mp.controller.WxJsapiControllerTest" name="testGetJsapiTicket" time="0.000">
    <skipped/>
  </testcase> <!-- testGetJsapiTicket -->
  <system-out/>
  <testcase classname="com.github.binarywang.demo.wx.mp.controller.WxJsapiControllerTest" name="testGetJsapiTicket" time="0.000">
    <skipped/>
  </testcase> <!-- testGetJsapiTicket -->
  <system-out/>
  <testcase classname="com.github.binarywang.demo.wx.mp.controller.WxJsapiControllerTest" name="testGetJsapiTicket" time="0.000">
    <skipped/>
  </testcase> <!-- testGetJsapiTicket -->
  <system-out/>
  <testcase classname="com.github.binarywang.demo.wx.mp.controller.WxJsapiControllerTest" name="testGetJsapiTicket" time="0.000">
    <skipped/>
  </testcase> <!-- testGetJsapiTicket -->
  <system-out/>
  <testcase classname="com.github.binarywang.demo.wx.mp.controller.WxJsapiControllerTest" name="testGetJsapiTicket" time="0.000">
    <skipped/>
  </testcase> <!-- testGetJsapiTicket -->
  <system-out/>
  <testcase classname="com.github.binarywang.demo.wx.mp.controller.WxJsapiControllerTest" name="testGetJsapiTicket" time="0.000">
    <skipped/>
  </testcase> <!-- testGetJsapiTicket -->
  <system-out/>
  <testcase classname="com.github.binarywang.demo.wx.mp.controller.WxJsapiControllerTest" name="testGetJsapiTicket" time="0.000">
    <skipped/>
  </testcase> <!-- testGetJsapiTicket -->
  <system-out/>
  <testcase classname="com.github.binarywang.demo.wx.mp.controller.WxJsapiControllerTest" name="testGetJsapiTicket" time="0.000">
    <skipped/>
  </testcase> <!-- testGetJsapiTicket -->
  <system-out/>
  <testcase classname="com.github.binarywang.demo.wx.mp.controller.WxJsapiControllerTest" name="testGetJsapiTicket" time="0.000">
    <skipped/>
  </testcase> <!-- testGetJsapiTicket -->
  <system-out/>
  <testcase classname="com.github.binarywang.demo.wx.mp.controller.WxJsapiControllerTest" name="testGetJsapiTicket" time="0.000">
    <skipped/>
  </testcase> <!-- testGetJsapiTicket -->
  <system-out/>
  <testcase classname="com.github.binarywang.demo.wx.mp.controller.WxJsapiControllerTest" name="testGetJsapiTicket" time="0.000">
    <skipped/>
  </testcase> <!-- testGetJsapiTicket -->
  <system-out/>
  <testcase classname="com.github.binarywang.demo.wx.mp.controller.WxJsapiControllerTest" name="testGetJsapiTicket" time="0.000">
    <skipped/>
  </testcase> <!-- testGetJsapiTicket -->
  <system-out/>
  <testcase classname="com.github.binarywang.demo.wx.mp.controller.WxJsapiControllerTest" name="testGetJsapiTicket" time="0.000">
    <skipped/>
  </testcase> <!-- testGetJsapiTicket -->
  <system-out/>
  <testcase classname="com.github.binarywang.demo.wx.mp.controller.WxJsapiControllerTest" name="testGetJsapiTicket" time="0.000">
    <skipped/>
  </testcase> <!-- testGetJsapiTicket -->
  <system-out/>
  <testcase classname="com.github.binarywang.demo.wx.mp.controller.WxJsapiControllerTest" name="testGetJsapiTicket" time="0.000">
    <skipped/>
  </testcase> <!-- testGetJsapiTicket -->
  <system-out/>
  <testcase classname="com.github.binarywang.demo.wx.mp.controller.WxJsapiControllerTest" name="testGetJsapiTicket" time="0.000">
    <skipped/>
  </testcase> <!-- testGetJsapiTicket -->
  <system-out/>
  <testcase classname="com.github.binarywang.demo.wx.mp.controller.WxJsapiControllerTest" name="testGetJsapiTicket" time="0.000">
    <skipped/>
  </testcase> <!-- testGetJsapiTicket -->
  <system-out/>
  <testcase classname="com.github.binarywang.demo.wx.mp.controller.WxJsapiControllerTest" name="testGetJsapiTicket" time="0.000">
    <skipped/>
  </testcase> <!-- testGetJsapiTicket -->
  <system-out/>
  <testcase classname="com.github.binarywang.demo.wx.mp.controller.WxJsapiControllerTest" name="testGetJsapiTicket" time="0.000">
    <skipped/>
  </testcase> <!-- testGetJsapiTicket -->
  <system-out/>
  <testcase classname="com.github.binarywang.demo.wx.mp.controller.WxJsapiControllerTest" name="testGetJsapiTicket" time="0.000">
    <skipped/>
  </testcase> <!-- testGetJsapiTicket -->
  <system-out/>
  <testcase classname="com.github.binarywang.demo.wx.mp.controller.WxJsapiControllerTest" name="testGetJsapiTicket" time="0.000">
    <skipped/>
  </testcase> <!-- testGetJsapiTicket -->
  <system-out/>
  <testcase classname="com.github.binarywang.demo.wx.mp.controller.WxJsapiControllerTest" name="testGetJsapiTicket" time="0.000">
    <skipped/>
  </testcase> <!-- testGetJsapiTicket -->
  <system-out/>
  <testcase classname="com.github.binarywang.demo.wx.mp.controller.WxJsapiControllerTest" name="testGetJsapiTicket" time="0.000">
    <skipped/>
  </testcase> <!-- testGetJsapiTicket -->
  <system-out/>
  <testcase classname="com.github.binarywang.demo.wx.mp.controller.WxJsapiControllerTest" name="testGetJsapiTicket" time="0.000">
    <skipped/>
  </testcase> <!-- testGetJsapiTicket -->
  <system-out/>
  <testcase classname="com.github.binarywang.demo.wx.mp.controller.WxJsapiControllerTest" name="testGetJsapiTicket" time="0.000">
    <skipped/>
  </testcase> <!-- testGetJsapiTicket -->
  <system-out/>
  <testcase classname="com.github.binarywang.demo.wx.mp.controller.WxJsapiControllerTest" name="testGetJsapiTicket" time="0.000">
    <skipped/>
  </testcase> <!-- testGetJsapiTicket -->
  <system-out/>
  <testcase classname="com.github.binarywang.demo.wx.mp.controller.WxJsapiControllerTest" name="testGetJsapiTicket" time="0.000">
    <skipped/>
  </testcase> <!-- testGetJsapiTicket -->
  <system-out/>
  <testcase classname="com.github.binarywang.demo.wx.mp.controller.WxJsapiControllerTest" name="testGetJsapiTicket" time="0.000">
    <skipped/>
  </testcase> <!-- testGetJsapiTicket -->
  <system-out/>
  <testcase classname="com.github.binarywang.demo.wx.mp.controller.WxJsapiControllerTest" name="testGetJsapiTicket" time="0.000">
    <skipped/>
  </testcase> <!-- testGetJsapiTicket -->
  <system-out/>
  <testcase classname="com.github.binarywang.demo.wx.mp.controller.WxJsapiControllerTest" name="testGetJsapiTicket" time="0.000">
    <skipped/>
  </testcase> <!-- testGetJsapiTicket -->
  <system-out/>
  <testcase classname="com.github.binarywang.demo.wx.mp.controller.WxJsapiControllerTest" name="testGetJsapiTicket" time="0.000">
    <skipped/>
  </testcase> <!-- testGetJsapiTicket -->
  <system-out/>
  <testcase classname="com.github.binarywang.demo.wx.mp.controller.WxJsapiControllerTest" name="testGetJsapiTicket" time="0.000">
    <skipped/>
  </testcase> <!-- testGetJsapiTicket -->
  <system-out/>
  <testcase classname="com.github.binarywang.demo.wx.mp.controller.WxJsapiControllerTest" name="testGetJsapiTicket" time="0.001">
    <skipped/>
  </testcase> <!-- testGetJsapiTicket -->
  <system-out/>
  <testcase classname="com.github.binarywang.demo.wx.mp.controller.WxJsapiControllerTest" name="testGetJsapiTicket" time="0.000">
    <skipped/>
  </testcase> <!-- testGetJsapiTicket -->
  <system-out/>
  <testcase classname="com.github.binarywang.demo.wx.mp.controller.WxJsapiControllerTest" name="testGetJsapiTicket" time="0.000">
    <skipped/>
  </testcase> <!-- testGetJsapiTicket -->
  <system-out/>
  <testcase classname="com.github.binarywang.demo.wx.mp.controller.WxJsapiControllerTest" name="testGetJsapiTicket" time="0.000">
    <skipped/>
  </testcase> <!-- testGetJsapiTicket -->
  <system-out/>
  <testcase classname="com.github.binarywang.demo.wx.mp.controller.WxJsapiControllerTest" name="testGetJsapiTicket" time="0.000">
    <skipped/>
  </testcase> <!-- testGetJsapiTicket -->
  <system-out/>
  <testcase classname="com.github.binarywang.demo.wx.mp.controller.WxJsapiControllerTest" name="testGetJsapiTicket" time="0.000">
    <skipped/>
  </testcase> <!-- testGetJsapiTicket -->
  <system-out/>
  <testcase classname="com.github.binarywang.demo.wx.mp.controller.WxJsapiControllerTest" name="testGetJsapiTicket" time="0.000">
    <skipped/>
  </testcase> <!-- testGetJsapiTicket -->
  <system-out/>
  <testcase classname="com.github.binarywang.demo.wx.mp.controller.WxJsapiControllerTest" name="testGetJsapiTicket" time="0.000">
    <skipped/>
  </testcase> <!-- testGetJsapiTicket -->
  <system-out/>
  <testcase classname="com.github.binarywang.demo.wx.mp.controller.WxJsapiControllerTest" name="testGetJsapiTicket" time="0.000">
    <skipped/>
  </testcase> <!-- testGetJsapiTicket -->
  <system-out/>
  <testcase classname="com.github.binarywang.demo.wx.mp.controller.WxJsapiControllerTest" name="testGetJsapiTicket" time="0.000">
    <skipped/>
  </testcase> <!-- testGetJsapiTicket -->
  <system-out/>
  <testcase classname="com.github.binarywang.demo.wx.mp.controller.WxJsapiControllerTest" name="testGetJsapiTicket" time="0.000">
    <skipped/>
  </testcase> <!-- testGetJsapiTicket -->
  <system-out/>
  <testcase classname="com.github.binarywang.demo.wx.mp.controller.WxJsapiControllerTest" name="testGetJsapiTicket" time="0.000">
    <skipped/>
  </testcase> <!-- testGetJsapiTicket -->
  <system-out/>
  <testcase classname="com.github.binarywang.demo.wx.mp.controller.WxJsapiControllerTest" name="testGetJsapiTicket" time="0.000">
    <skipped/>
  </testcase> <!-- testGetJsapiTicket -->
  <system-out/>
  <testcase classname="com.github.binarywang.demo.wx.mp.controller.WxJsapiControllerTest" name="testGetJsapiTicket" time="0.000">
    <skipped/>
  </testcase> <!-- testGetJsapiTicket -->
  <system-out/>
  <testcase classname="com.github.binarywang.demo.wx.mp.controller.WxJsapiControllerTest" name="testGetJsapiTicket" time="0.000">
    <skipped/>
  </testcase> <!-- testGetJsapiTicket -->
  <system-out/>
  <testcase classname="com.github.binarywang.demo.wx.mp.controller.WxJsapiControllerTest" name="testGetJsapiTicket" time="0.000">
    <skipped/>
  </testcase> <!-- testGetJsapiTicket -->
  <system-out/>
  <testcase classname="com.github.binarywang.demo.wx.mp.controller.WxJsapiControllerTest" name="testGetJsapiTicket" time="0.000">
    <skipped/>
  </testcase> <!-- testGetJsapiTicket -->
  <system-out/>
  <testcase classname="com.github.binarywang.demo.wx.mp.controller.WxJsapiControllerTest" name="testGetJsapiTicket" time="0.000">
    <skipped/>
  </testcase> <!-- testGetJsapiTicket -->
  <system-out/>
  <testcase classname="com.github.binarywang.demo.wx.mp.controller.WxJsapiControllerTest" name="testGetJsapiTicket" time="0.000">
    <skipped/>
  </testcase> <!-- testGetJsapiTicket -->
  <system-out/>
  <testcase classname="com.github.binarywang.demo.wx.mp.controller.WxJsapiControllerTest" name="testGetJsapiTicket" time="0.000">
    <skipped/>
  </testcase> <!-- testGetJsapiTicket -->
  <system-out/>
  <testcase classname="com.github.binarywang.demo.wx.mp.controller.WxJsapiControllerTest" name="testGetJsapiTicket" time="0.000">
    <skipped/>
  </testcase> <!-- testGetJsapiTicket -->
  <system-out/>
  <testcase classname="com.github.binarywang.demo.wx.mp.controller.WxJsapiControllerTest" name="testGetJsapiTicket" time="0.000">
    <skipped/>
  </testcase> <!-- testGetJsapiTicket -->
  <system-out/>
</testsuite> <!-- com.github.binarywang.demo.wx.mp.controller.WxJsapiControllerTest -->
