<?xml version="1.0" encoding="UTF-8"?>
<!-- Generated by org.testng.reporters.JUnitXMLReporter -->
<testsuite ignored="1" hostname="LAPTOP-GP13KVQ9" failures="0" tests="1001" name="Surefire test" time="0.451" errors="0" timestamp="2023-09-01T01:06:49 CST">
  <testcase classname="com.github.binarywang.demo.wx.mp.controller.BaseControllerTest" name="@BeforeTest setup" time="0.337">
    <failure type="java.lang.NoClassDefFoundError" message="io/restassured/mapper/factory/GsonObjectMapperFactory">
      <![CDATA[java.lang.NoClassDefFoundError: io/restassured/mapper/factory/GsonObjectMapperFactory
at io.restassured.config.RestAssuredConfig.<init>(RestAssuredConfig.java:41)
at io.restassured.RestAssured.<clinit>(RestAssured.java:420)
at com.github.binarywang.demo.wx.mp.controller.BaseControllerTest.setup(BaseControllerTest.java:21)
Caused by: java.lang.ClassNotFoundException: io.restassured.mapper.factory.GsonObjectMapperFactory
at java.base/jdk.internal.loader.BuiltinClassLoader.loadClass(BuiltinClassLoader.java:641)
at java.base/jdk.internal.loader.ClassLoaders$AppClassLoader.loadClass(ClassLoaders.java:188)
at java.base/java.lang.ClassLoader.loadClass(ClassLoader.java:520)
... 32 more
... Removed 29 stack frames]]>
    </failure>
  </testcase> <!-- @BeforeTest setup -->
  <testcase classname="com.github.binarywang.demo.wx.mp.controller.WxJsapiControllerTest" name="testGetJsapiTicket" time="0.0">
    <skipped/>
  </testcase> <!-- testGetJsapiTicket -->
  <testcase classname="com.github.binarywang.demo.wx.mp.controller.WxJsapiControllerTest" name="testGetJsapiTicket" time="0.0">
    <skipped/>
  </testcase> <!-- testGetJsapiTicket -->
  <testcase classname="com.github.binarywang.demo.wx.mp.controller.WxJsapiControllerTest" name="testGetJsapiTicket" time="0.0">
    <skipped/>
  </testcase> <!-- testGetJsapiTicket -->
  <testcase classname="com.github.binarywang.demo.wx.mp.controller.WxJsapiControllerTest" name="testGetJsapiTicket" time="0.0">
    <skipped/>
  </testcase> <!-- testGetJsapiTicket -->
  <testcase classname="com.github.binarywang.demo.wx.mp.controller.WxJsapiControllerTest" name="testGetJsapiTicket" time="0.0">
    <skipped/>
  </testcase> <!-- testGetJsapiTicket -->
  <testcase classname="com.github.binarywang.demo.wx.mp.controller.WxJsapiControllerTest" name="testGetJsapiTicket" time="0.0">
    <skipped/>
  </testcase> <!-- testGetJsapiTicket -->
  <testcase classname="com.github.binarywang.demo.wx.mp.controller.WxJsapiControllerTest" name="testGetJsapiTicket" time="0.0">
    <skipped/>
  </testcase> <!-- testGetJsapiTicket -->
  <testcase classname="com.github.binarywang.demo.wx.mp.controller.WxJsapiControllerTest" name="testGetJsapiTicket" time="0.0">
    <skipped/>
  </testcase> <!-- testGetJsapiTicket -->
  <testcase classname="com.github.binarywang.demo.wx.mp.controller.WxJsapiControllerTest" name="testGetJsapiTicket" time="0.0">
    <skipped/>
  </testcase> <!-- testGetJsapiTicket -->
  <testcase classname="com.github.binarywang.demo.wx.mp.controller.WxJsapiControllerTest" name="testGetJsapiTicket" time="0.0">
    <skipped/>
  </testcase> <!-- testGetJsapiTicket -->
  <testcase classname="com.github.binarywang.demo.wx.mp.controller.WxJsapiControllerTest" name="testGetJsapiTicket" time="0.0">
    <skipped/>
  </testcase> <!-- testGetJsapiTicket -->
  <testcase classname="com.github.binarywang.demo.wx.mp.controller.WxJsapiControllerTest" name="testGetJsapiTicket" time="0.001">
    <skipped/>
  </testcase> <!-- testGetJsapiTicket -->
  <testcase classname="com.github.binarywang.demo.wx.mp.controller.WxJsapiControllerTest" name="testGetJsapiTicket" time="0.001">
    <skipped/>
  </testcase> <!-- testGetJsapiTicket -->
  <testcase classname="com.github.binarywang.demo.wx.mp.controller.WxJsapiControllerTest" name="testGetJsapiTicket" time="0.0">
    <skipped/>
  </testcase> <!-- testGetJsapiTicket -->
  <testcase classname="com.github.binarywang.demo.wx.mp.controller.WxJsapiControllerTest" name="testGetJsapiTicket" time="0.0">
    <skipped/>
  </testcase> <!-- testGetJsapiTicket -->
  <testcase classname="com.github.binarywang.demo.wx.mp.controller.WxJsapiControllerTest" name="testGetJsapiTicket" time="0.0">
    <skipped/>
  </testcase> <!-- testGetJsapiTicket -->
  <testcase classname="com.github.binarywang.demo.wx.mp.controller.WxJsapiControllerTest" name="testGetJsapiTicket" time="0.0">
    <skipped/>
  </testcase> <!-- testGetJsapiTicket -->
  <testcase classname="com.github.binarywang.demo.wx.mp.controller.WxJsapiControllerTest" name="testGetJsapiTicket" time="0.0">
    <skipped/>
  </testcase> <!-- testGetJsapiTicket -->
  <testcase classname="com.github.binarywang.demo.wx.mp.controller.WxJsapiControllerTest" name="testGetJsapiTicket" time="0.001">
    <skipped/>
  </testcase> <!-- testGetJsapiTicket -->
  <testcase classname="com.github.binarywang.demo.wx.mp.controller.WxJsapiControllerTest" name="testGetJsapiTicket" time="0.0">
    <skipped/>
  </testcase> <!-- testGetJsapiTicket -->
  <testcase classname="com.github.binarywang.demo.wx.mp.controller.WxJsapiControllerTest" name="testGetJsapiTicket" time="0.001">
    <skipped/>
  </testcase> <!-- testGetJsapiTicket -->
  <testcase classname="com.github.binarywang.demo.wx.mp.controller.WxJsapiControllerTest" name="testGetJsapiTicket" time="0.0">
    <skipped/>
  </testcase> <!-- testGetJsapiTicket -->
  <testcase classname="com.github.binarywang.demo.wx.mp.controller.WxJsapiControllerTest" name="testGetJsapiTicket" time="0.0">
    <skipped/>
  </testcase> <!-- testGetJsapiTicket -->
  <testcase classname="com.github.binarywang.demo.wx.mp.controller.WxJsapiControllerTest" name="testGetJsapiTicket" time="0.0">
    <skipped/>
  </testcase> <!-- testGetJsapiTicket -->
  <testcase classname="com.github.binarywang.demo.wx.mp.controller.WxJsapiControllerTest" name="testGetJsapiTicket" time="0.0">
    <skipped/>
  </testcase> <!-- testGetJsapiTicket -->
  <testcase classname="com.github.binarywang.demo.wx.mp.controller.WxJsapiControllerTest" name="testGetJsapiTicket" time="0.0">
    <skipped/>
  </testcase> <!-- testGetJsapiTicket -->
  <testcase classname="com.github.binarywang.demo.wx.mp.controller.WxJsapiControllerTest" name="testGetJsapiTicket" time="0.0">
    <skipped/>
  </testcase> <!-- testGetJsapiTicket -->
  <testcase classname="com.github.binarywang.demo.wx.mp.controller.WxJsapiControllerTest" name="testGetJsapiTicket" time="0.0">
    <skipped/>
  </testcase> <!-- testGetJsapiTicket -->
  <testcase classname="com.github.binarywang.demo.wx.mp.controller.WxJsapiControllerTest" name="testGetJsapiTicket" time="0.0">
    <skipped/>
  </testcase> <!-- testGetJsapiTicket -->
  <testcase classname="com.github.binarywang.demo.wx.mp.controller.WxJsapiControllerTest" name="testGetJsapiTicket" time="0.0">
    <skipped/>
  </testcase> <!-- testGetJsapiTicket -->
  <testcase classname="com.github.binarywang.demo.wx.mp.controller.WxJsapiControllerTest" name="testGetJsapiTicket" time="0.0">
    <skipped/>
  </testcase> <!-- testGetJsapiTicket -->
  <testcase classname="com.github.binarywang.demo.wx.mp.controller.WxJsapiControllerTest" name="testGetJsapiTicket" time="0.0">
    <skipped/>
  </testcase> <!-- testGetJsapiTicket -->
  <testcase classname="com.github.binarywang.demo.wx.mp.controller.WxJsapiControllerTest" name="testGetJsapiTicket" time="0.0">
    <skipped/>
  </testcase> <!-- testGetJsapiTicket -->
  <testcase classname="com.github.binarywang.demo.wx.mp.controller.WxJsapiControllerTest" name="testGetJsapiTicket" time="0.0">
    <skipped/>
  </testcase> <!-- testGetJsapiTicket -->
  <testcase classname="com.github.binarywang.demo.wx.mp.controller.WxJsapiControllerTest" name="testGetJsapiTicket" time="0.0">
    <skipped/>
  </testcase> <!-- testGetJsapiTicket -->
  <testcase classname="com.github.binarywang.demo.wx.mp.controller.WxJsapiControllerTest" name="testGetJsapiTicket" time="0.0">
    <skipped/>
  </testcase> <!-- testGetJsapiTicket -->
  <testcase classname="com.github.binarywang.demo.wx.mp.controller.WxJsapiControllerTest" name="testGetJsapiTicket" time="0.0">
    <skipped/>
  </testcase> <!-- testGetJsapiTicket -->
  <testcase classname="com.github.binarywang.demo.wx.mp.controller.WxJsapiControllerTest" name="testGetJsapiTicket" time="0.0">
    <skipped/>
  </testcase> <!-- testGetJsapiTicket -->
  <testcase classname="com.github.binarywang.demo.wx.mp.controller.WxJsapiControllerTest" name="testGetJsapiTicket" time="0.0">
    <skipped/>
  </testcase> <!-- testGetJsapiTicket -->
  <testcase classname="com.github.binarywang.demo.wx.mp.controller.WxJsapiControllerTest" name="testGetJsapiTicket" time="0.0">
    <skipped/>
  </testcase> <!-- testGetJsapiTicket -->
  <testcase classname="com.github.binarywang.demo.wx.mp.controller.WxJsapiControllerTest" name="testGetJsapiTicket" time="0.0">
    <skipped/>
  </testcase> <!-- testGetJsapiTicket -->
  <testcase classname="com.github.binarywang.demo.wx.mp.controller.WxJsapiControllerTest" name="testGetJsapiTicket" time="0.001">
    <skipped/>
  </testcase> <!-- testGetJsapiTicket -->
  <testcase classname="com.github.binarywang.demo.wx.mp.controller.WxJsapiControllerTest" name="testGetJsapiTicket" time="0.001">
    <skipped/>
  </testcase> <!-- testGetJsapiTicket -->
  <testcase classname="com.github.binarywang.demo.wx.mp.controller.WxJsapiControllerTest" name="testGetJsapiTicket" time="0.0">
    <skipped/>
  </testcase> <!-- testGetJsapiTicket -->
  <testcase classname="com.github.binarywang.demo.wx.mp.controller.WxJsapiControllerTest" name="testGetJsapiTicket" time="0.0">
    <skipped/>
  </testcase> <!-- testGetJsapiTicket -->
  <testcase classname="com.github.binarywang.demo.wx.mp.controller.WxJsapiControllerTest" name="testGetJsapiTicket" time="0.0">
    <skipped/>
  </testcase> <!-- testGetJsapiTicket -->
  <testcase classname="com.github.binarywang.demo.wx.mp.controller.WxJsapiControllerTest" name="testGetJsapiTicket" time="0.0">
    <skipped/>
  </testcase> <!-- testGetJsapiTicket -->
  <testcase classname="com.github.binarywang.demo.wx.mp.controller.WxJsapiControllerTest" name="testGetJsapiTicket" time="0.0">
    <skipped/>
  </testcase> <!-- testGetJsapiTicket -->
  <testcase classname="com.github.binarywang.demo.wx.mp.controller.WxJsapiControllerTest" name="testGetJsapiTicket" time="0.0">
    <skipped/>
  </testcase> <!-- testGetJsapiTicket -->
  <testcase classname="com.github.binarywang.demo.wx.mp.controller.WxJsapiControllerTest" name="testGetJsapiTicket" time="0.0">
    <skipped/>
  </testcase> <!-- testGetJsapiTicket -->
  <testcase classname="com.github.binarywang.demo.wx.mp.controller.WxJsapiControllerTest" name="testGetJsapiTicket" time="0.0">
    <skipped/>
  </testcase> <!-- testGetJsapiTicket -->
  <testcase classname="com.github.binarywang.demo.wx.mp.controller.WxJsapiControllerTest" name="testGetJsapiTicket" time="0.0">
    <skipped/>
  </testcase> <!-- testGetJsapiTicket -->
  <testcase classname="com.github.binarywang.demo.wx.mp.controller.WxJsapiControllerTest" name="testGetJsapiTicket" time="0.0">
    <skipped/>
  </testcase> <!-- testGetJsapiTicket -->
  <testcase classname="com.github.binarywang.demo.wx.mp.controller.WxJsapiControllerTest" name="testGetJsapiTicket" time="0.0">
    <skipped/>
  </testcase> <!-- testGetJsapiTicket -->
  <testcase classname="com.github.binarywang.demo.wx.mp.controller.WxJsapiControllerTest" name="testGetJsapiTicket" time="0.0">
    <skipped/>
  </testcase> <!-- testGetJsapiTicket -->
  <testcase classname="com.github.binarywang.demo.wx.mp.controller.WxJsapiControllerTest" name="testGetJsapiTicket" time="0.0">
    <skipped/>
  </testcase> <!-- testGetJsapiTicket -->
  <testcase classname="com.github.binarywang.demo.wx.mp.controller.WxJsapiControllerTest" name="testGetJsapiTicket" time="0.0">
    <skipped/>
  </testcase> <!-- testGetJsapiTicket -->
  <testcase classname="com.github.binarywang.demo.wx.mp.controller.WxJsapiControllerTest" name="testGetJsapiTicket" time="0.0">
    <skipped/>
  </testcase> <!-- testGetJsapiTicket -->
  <testcase classname="com.github.binarywang.demo.wx.mp.controller.WxJsapiControllerTest" name="testGetJsapiTicket" time="0.0">
    <skipped/>
  </testcase> <!-- testGetJsapiTicket -->
  <testcase classname="com.github.binarywang.demo.wx.mp.controller.WxJsapiControllerTest" name="testGetJsapiTicket" time="0.0">
    <skipped/>
  </testcase> <!-- testGetJsapiTicket -->
  <testcase classname="com.github.binarywang.demo.wx.mp.controller.WxJsapiControllerTest" name="testGetJsapiTicket" time="0.0">
    <skipped/>
  </testcase> <!-- testGetJsapiTicket -->
  <testcase classname="com.github.binarywang.demo.wx.mp.controller.WxJsapiControllerTest" name="testGetJsapiTicket" time="0.0">
    <skipped/>
  </testcase> <!-- testGetJsapiTicket -->
  <testcase classname="com.github.binarywang.demo.wx.mp.controller.WxJsapiControllerTest" name="testGetJsapiTicket" time="0.0">
    <skipped/>
  </testcase> <!-- testGetJsapiTicket -->
  <testcase classname="com.github.binarywang.demo.wx.mp.controller.WxJsapiControllerTest" name="testGetJsapiTicket" time="0.0">
    <skipped/>
  </testcase> <!-- testGetJsapiTicket -->
  <testcase classname="com.github.binarywang.demo.wx.mp.controller.WxJsapiControllerTest" name="testGetJsapiTicket" time="0.0">
    <skipped/>
  </testcase> <!-- testGetJsapiTicket -->
  <testcase classname="com.github.binarywang.demo.wx.mp.controller.WxJsapiControllerTest" name="testGetJsapiTicket" time="0.0">
    <skipped/>
  </testcase> <!-- testGetJsapiTicket -->
  <testcase classname="com.github.binarywang.demo.wx.mp.controller.WxJsapiControllerTest" name="testGetJsapiTicket" time="0.0">
    <skipped/>
  </testcase> <!-- testGetJsapiTicket -->
  <testcase classname="com.github.binarywang.demo.wx.mp.controller.WxJsapiControllerTest" name="testGetJsapiTicket" time="0.0">
    <skipped/>
  </testcase> <!-- testGetJsapiTicket -->
  <testcase classname="com.github.binarywang.demo.wx.mp.controller.WxJsapiControllerTest" name="testGetJsapiTicket" time="0.0">
    <skipped/>
  </testcase> <!-- testGetJsapiTicket -->
  <testcase classname="com.github.binarywang.demo.wx.mp.controller.WxJsapiControllerTest" name="testGetJsapiTicket" time="0.0">
    <skipped/>
  </testcase> <!-- testGetJsapiTicket -->
  <testcase classname="com.github.binarywang.demo.wx.mp.controller.WxJsapiControllerTest" name="testGetJsapiTicket" time="0.0">
    <skipped/>
  </testcase> <!-- testGetJsapiTicket -->
  <testcase classname="com.github.binarywang.demo.wx.mp.controller.WxJsapiControllerTest" name="testGetJsapiTicket" time="0.0">
    <skipped/>
  </testcase> <!-- testGetJsapiTicket -->
  <testcase classname="com.github.binarywang.demo.wx.mp.controller.WxJsapiControllerTest" name="testGetJsapiTicket" time="0.0">
    <skipped/>
  </testcase> <!-- testGetJsapiTicket -->
  <testcase classname="com.github.binarywang.demo.wx.mp.controller.WxJsapiControllerTest" name="testGetJsapiTicket" time="0.0">
    <skipped/>
  </testcase> <!-- testGetJsapiTicket -->
  <testcase classname="com.github.binarywang.demo.wx.mp.controller.WxJsapiControllerTest" name="testGetJsapiTicket" time="0.0">
    <skipped/>
  </testcase> <!-- testGetJsapiTicket -->
  <testcase classname="com.github.binarywang.demo.wx.mp.controller.WxJsapiControllerTest" name="testGetJsapiTicket" time="0.0">
    <skipped/>
  </testcase> <!-- testGetJsapiTicket -->
  <testcase classname="com.github.binarywang.demo.wx.mp.controller.WxJsapiControllerTest" name="testGetJsapiTicket" time="0.0">
    <skipped/>
  </testcase> <!-- testGetJsapiTicket -->
  <testcase classname="com.github.binarywang.demo.wx.mp.controller.WxJsapiControllerTest" name="testGetJsapiTicket" time="0.001">
    <skipped/>
  </testcase> <!-- testGetJsapiTicket -->
  <testcase classname="com.github.binarywang.demo.wx.mp.controller.WxJsapiControllerTest" name="testGetJsapiTicket" time="0.001">
    <skipped/>
  </testcase> <!-- testGetJsapiTicket -->
  <testcase classname="com.github.binarywang.demo.wx.mp.controller.WxJsapiControllerTest" name="testGetJsapiTicket" time="0.0">
    <skipped/>
  </testcase> <!-- testGetJsapiTicket -->
  <testcase classname="com.github.binarywang.demo.wx.mp.controller.WxJsapiControllerTest" name="testGetJsapiTicket" time="0.0">
    <skipped/>
  </testcase> <!-- testGetJsapiTicket -->
  <testcase classname="com.github.binarywang.demo.wx.mp.controller.WxJsapiControllerTest" name="testGetJsapiTicket" time="0.0">
    <skipped/>
  </testcase> <!-- testGetJsapiTicket -->
  <testcase classname="com.github.binarywang.demo.wx.mp.controller.WxJsapiControllerTest" name="testGetJsapiTicket" time="0.0">
    <skipped/>
  </testcase> <!-- testGetJsapiTicket -->
  <testcase classname="com.github.binarywang.demo.wx.mp.controller.WxJsapiControllerTest" name="testGetJsapiTicket" time="0.0">
    <skipped/>
  </testcase> <!-- testGetJsapiTicket -->
  <testcase classname="com.github.binarywang.demo.wx.mp.controller.WxJsapiControllerTest" name="testGetJsapiTicket" time="0.0">
    <skipped/>
  </testcase> <!-- testGetJsapiTicket -->
  <testcase classname="com.github.binarywang.demo.wx.mp.controller.WxJsapiControllerTest" name="testGetJsapiTicket" time="0.0">
    <skipped/>
  </testcase> <!-- testGetJsapiTicket -->
  <testcase classname="com.github.binarywang.demo.wx.mp.controller.WxJsapiControllerTest" name="testGetJsapiTicket" time="0.0">
    <skipped/>
  </testcase> <!-- testGetJsapiTicket -->
  <testcase classname="com.github.binarywang.demo.wx.mp.controller.WxJsapiControllerTest" name="testGetJsapiTicket" time="0.0">
    <skipped/>
  </testcase> <!-- testGetJsapiTicket -->
  <testcase classname="com.github.binarywang.demo.wx.mp.controller.WxJsapiControllerTest" name="testGetJsapiTicket" time="0.0">
    <skipped/>
  </testcase> <!-- testGetJsapiTicket -->
  <testcase classname="com.github.binarywang.demo.wx.mp.controller.WxJsapiControllerTest" name="testGetJsapiTicket" time="0.0">
    <skipped/>
  </testcase> <!-- testGetJsapiTicket -->
  <testcase classname="com.github.binarywang.demo.wx.mp.controller.WxJsapiControllerTest" name="testGetJsapiTicket" time="0.0">
    <skipped/>
  </testcase> <!-- testGetJsapiTicket -->
  <testcase classname="com.github.binarywang.demo.wx.mp.controller.WxJsapiControllerTest" name="testGetJsapiTicket" time="0.0">
    <skipped/>
  </testcase> <!-- testGetJsapiTicket -->
  <testcase classname="com.github.binarywang.demo.wx.mp.controller.WxJsapiControllerTest" name="testGetJsapiTicket" time="0.0">
    <skipped/>
  </testcase> <!-- testGetJsapiTicket -->
  <testcase classname="com.github.binarywang.demo.wx.mp.controller.WxJsapiControllerTest" name="testGetJsapiTicket" time="0.0">
    <skipped/>
  </testcase> <!-- testGetJsapiTicket -->
  <testcase classname="com.github.binarywang.demo.wx.mp.controller.WxJsapiControllerTest" name="testGetJsapiTicket" time="0.0">
    <skipped/>
  </testcase> <!-- testGetJsapiTicket -->
  <testcase classname="com.github.binarywang.demo.wx.mp.controller.WxJsapiControllerTest" name="testGetJsapiTicket" time="0.0">
    <skipped/>
  </testcase> <!-- testGetJsapiTicket -->
  <testcase classname="com.github.binarywang.demo.wx.mp.controller.WxJsapiControllerTest" name="testGetJsapiTicket" time="0.0">
    <skipped/>
  </testcase> <!-- testGetJsapiTicket -->
  <testcase classname="com.github.binarywang.demo.wx.mp.controller.WxJsapiControllerTest" name="testGetJsapiTicket" time="0.0">
    <skipped/>
  </testcase> <!-- testGetJsapiTicket -->
  <testcase classname="com.github.binarywang.demo.wx.mp.controller.WxJsapiControllerTest" name="testGetJsapiTicket" time="0.0">
    <skipped/>
  </testcase> <!-- testGetJsapiTicket -->
  <testcase classname="com.github.binarywang.demo.wx.mp.controller.WxJsapiControllerTest" name="testGetJsapiTicket" time="0.002">
    <skipped/>
  </testcase> <!-- testGetJsapiTicket -->
  <testcase classname="com.github.binarywang.demo.wx.mp.controller.WxJsapiControllerTest" name="testGetJsapiTicket" time="0.0">
    <skipped/>
  </testcase> <!-- testGetJsapiTicket -->
  <testcase classname="com.github.binarywang.demo.wx.mp.controller.WxJsapiControllerTest" name="testGetJsapiTicket" time="0.0">
    <skipped/>
  </testcase> <!-- testGetJsapiTicket -->
  <testcase classname="com.github.binarywang.demo.wx.mp.controller.WxJsapiControllerTest" name="testGetJsapiTicket" time="0.0">
    <skipped/>
  </testcase> <!-- testGetJsapiTicket -->
  <testcase classname="com.github.binarywang.demo.wx.mp.controller.WxJsapiControllerTest" name="testGetJsapiTicket" time="0.0">
    <skipped/>
  </testcase> <!-- testGetJsapiTicket -->
  <testcase classname="com.github.binarywang.demo.wx.mp.controller.WxJsapiControllerTest" name="testGetJsapiTicket" time="0.0">
    <skipped/>
  </testcase> <!-- testGetJsapiTicket -->
  <testcase classname="com.github.binarywang.demo.wx.mp.controller.WxJsapiControllerTest" name="testGetJsapiTicket" time="0.0">
    <skipped/>
  </testcase> <!-- testGetJsapiTicket -->
  <testcase classname="com.github.binarywang.demo.wx.mp.controller.WxJsapiControllerTest" name="testGetJsapiTicket" time="0.0">
    <skipped/>
  </testcase> <!-- testGetJsapiTicket -->
  <testcase classname="com.github.binarywang.demo.wx.mp.controller.WxJsapiControllerTest" name="testGetJsapiTicket" time="0.0">
    <skipped/>
  </testcase> <!-- testGetJsapiTicket -->
  <testcase classname="com.github.binarywang.demo.wx.mp.controller.WxJsapiControllerTest" name="testGetJsapiTicket" time="0.0">
    <skipped/>
  </testcase> <!-- testGetJsapiTicket -->
  <testcase classname="com.github.binarywang.demo.wx.mp.controller.WxJsapiControllerTest" name="testGetJsapiTicket" time="0.0">
    <skipped/>
  </testcase> <!-- testGetJsapiTicket -->
  <testcase classname="com.github.binarywang.demo.wx.mp.controller.WxJsapiControllerTest" name="testGetJsapiTicket" time="0.0">
    <skipped/>
  </testcase> <!-- testGetJsapiTicket -->
  <testcase classname="com.github.binarywang.demo.wx.mp.controller.WxJsapiControllerTest" name="testGetJsapiTicket" time="0.0">
    <skipped/>
  </testcase> <!-- testGetJsapiTicket -->
  <testcase classname="com.github.binarywang.demo.wx.mp.controller.WxJsapiControllerTest" name="testGetJsapiTicket" time="0.0">
    <skipped/>
  </testcase> <!-- testGetJsapiTicket -->
  <testcase classname="com.github.binarywang.demo.wx.mp.controller.WxJsapiControllerTest" name="testGetJsapiTicket" time="0.0">
    <skipped/>
  </testcase> <!-- testGetJsapiTicket -->
  <testcase classname="com.github.binarywang.demo.wx.mp.controller.WxJsapiControllerTest" name="testGetJsapiTicket" time="0.0">
    <skipped/>
  </testcase> <!-- testGetJsapiTicket -->
  <testcase classname="com.github.binarywang.demo.wx.mp.controller.WxJsapiControllerTest" name="testGetJsapiTicket" time="0.0">
    <skipped/>
  </testcase> <!-- testGetJsapiTicket -->
  <testcase classname="com.github.binarywang.demo.wx.mp.controller.WxJsapiControllerTest" name="testGetJsapiTicket" time="0.0">
    <skipped/>
  </testcase> <!-- testGetJsapiTicket -->
  <testcase classname="com.github.binarywang.demo.wx.mp.controller.WxJsapiControllerTest" name="testGetJsapiTicket" time="0.0">
    <skipped/>
  </testcase> <!-- testGetJsapiTicket -->
  <testcase classname="com.github.binarywang.demo.wx.mp.controller.WxJsapiControllerTest" name="testGetJsapiTicket" time="0.0">
    <skipped/>
  </testcase> <!-- testGetJsapiTicket -->
  <testcase classname="com.github.binarywang.demo.wx.mp.controller.WxJsapiControllerTest" name="testGetJsapiTicket" time="0.0">
    <skipped/>
  </testcase> <!-- testGetJsapiTicket -->
  <testcase classname="com.github.binarywang.demo.wx.mp.controller.WxJsapiControllerTest" name="testGetJsapiTicket" time="0.0">
    <skipped/>
  </testcase> <!-- testGetJsapiTicket -->
  <testcase classname="com.github.binarywang.demo.wx.mp.controller.WxJsapiControllerTest" name="testGetJsapiTicket" time="0.0">
    <skipped/>
  </testcase> <!-- testGetJsapiTicket -->
  <testcase classname="com.github.binarywang.demo.wx.mp.controller.WxJsapiControllerTest" name="testGetJsapiTicket" time="0.0">
    <skipped/>
  </testcase> <!-- testGetJsapiTicket -->
  <testcase classname="com.github.binarywang.demo.wx.mp.controller.WxJsapiControllerTest" name="testGetJsapiTicket" time="0.0">
    <skipped/>
  </testcase> <!-- testGetJsapiTicket -->
  <testcase classname="com.github.binarywang.demo.wx.mp.controller.WxJsapiControllerTest" name="testGetJsapiTicket" time="0.0">
    <skipped/>
  </testcase> <!-- testGetJsapiTicket -->
  <testcase classname="com.github.binarywang.demo.wx.mp.controller.WxJsapiControllerTest" name="testGetJsapiTicket" time="0.0">
    <skipped/>
  </testcase> <!-- testGetJsapiTicket -->
  <testcase classname="com.github.binarywang.demo.wx.mp.controller.WxJsapiControllerTest" name="testGetJsapiTicket" time="0.0">
    <skipped/>
  </testcase> <!-- testGetJsapiTicket -->
  <testcase classname="com.github.binarywang.demo.wx.mp.controller.WxJsapiControllerTest" name="testGetJsapiTicket" time="0.0">
    <skipped/>
  </testcase> <!-- testGetJsapiTicket -->
  <testcase classname="com.github.binarywang.demo.wx.mp.controller.WxJsapiControllerTest" name="testGetJsapiTicket" time="0.0">
    <skipped/>
  </testcase> <!-- testGetJsapiTicket -->
  <testcase classname="com.github.binarywang.demo.wx.mp.controller.WxJsapiControllerTest" name="testGetJsapiTicket" time="0.0">
    <skipped/>
  </testcase> <!-- testGetJsapiTicket -->
  <testcase classname="com.github.binarywang.demo.wx.mp.controller.WxJsapiControllerTest" name="testGetJsapiTicket" time="0.0">
    <skipped/>
  </testcase> <!-- testGetJsapiTicket -->
  <testcase classname="com.github.binarywang.demo.wx.mp.controller.WxJsapiControllerTest" name="testGetJsapiTicket" time="0.0">
    <skipped/>
  </testcase> <!-- testGetJsapiTicket -->
  <testcase classname="com.github.binarywang.demo.wx.mp.controller.WxJsapiControllerTest" name="testGetJsapiTicket" time="0.0">
    <skipped/>
  </testcase> <!-- testGetJsapiTicket -->
  <testcase classname="com.github.binarywang.demo.wx.mp.controller.WxJsapiControllerTest" name="testGetJsapiTicket" time="0.0">
    <skipped/>
  </testcase> <!-- testGetJsapiTicket -->
  <testcase classname="com.github.binarywang.demo.wx.mp.controller.WxJsapiControllerTest" name="testGetJsapiTicket" time="0.0">
    <skipped/>
  </testcase> <!-- testGetJsapiTicket -->
  <testcase classname="com.github.binarywang.demo.wx.mp.controller.WxJsapiControllerTest" name="testGetJsapiTicket" time="0.0">
    <skipped/>
  </testcase> <!-- testGetJsapiTicket -->
  <testcase classname="com.github.binarywang.demo.wx.mp.controller.WxJsapiControllerTest" name="testGetJsapiTicket" time="0.0">
    <skipped/>
  </testcase> <!-- testGetJsapiTicket -->
  <testcase classname="com.github.binarywang.demo.wx.mp.controller.WxJsapiControllerTest" name="testGetJsapiTicket" time="0.0">
    <skipped/>
  </testcase> <!-- testGetJsapiTicket -->
  <testcase classname="com.github.binarywang.demo.wx.mp.controller.WxJsapiControllerTest" name="testGetJsapiTicket" time="0.0">
    <skipped/>
  </testcase> <!-- testGetJsapiTicket -->
  <testcase classname="com.github.binarywang.demo.wx.mp.controller.WxJsapiControllerTest" name="testGetJsapiTicket" time="0.0">
    <skipped/>
  </testcase> <!-- testGetJsapiTicket -->
  <testcase classname="com.github.binarywang.demo.wx.mp.controller.WxJsapiControllerTest" name="testGetJsapiTicket" time="0.001">
    <skipped/>
  </testcase> <!-- testGetJsapiTicket -->
  <testcase classname="com.github.binarywang.demo.wx.mp.controller.WxJsapiControllerTest" name="testGetJsapiTicket" time="0.001">
    <skipped/>
  </testcase> <!-- testGetJsapiTicket -->
  <testcase classname="com.github.binarywang.demo.wx.mp.controller.WxJsapiControllerTest" name="testGetJsapiTicket" time="0.0">
    <skipped/>
  </testcase> <!-- testGetJsapiTicket -->
  <testcase classname="com.github.binarywang.demo.wx.mp.controller.WxJsapiControllerTest" name="testGetJsapiTicket" time="0.0">
    <skipped/>
  </testcase> <!-- testGetJsapiTicket -->
  <testcase classname="com.github.binarywang.demo.wx.mp.controller.WxJsapiControllerTest" name="testGetJsapiTicket" time="0.0">
    <skipped/>
  </testcase> <!-- testGetJsapiTicket -->
  <testcase classname="com.github.binarywang.demo.wx.mp.controller.WxJsapiControllerTest" name="testGetJsapiTicket" time="0.0">
    <skipped/>
  </testcase> <!-- testGetJsapiTicket -->
  <testcase classname="com.github.binarywang.demo.wx.mp.controller.WxJsapiControllerTest" name="testGetJsapiTicket" time="0.0">
    <skipped/>
  </testcase> <!-- testGetJsapiTicket -->
  <testcase classname="com.github.binarywang.demo.wx.mp.controller.WxJsapiControllerTest" name="testGetJsapiTicket" time="0.0">
    <skipped/>
  </testcase> <!-- testGetJsapiTicket -->
  <testcase classname="com.github.binarywang.demo.wx.mp.controller.WxJsapiControllerTest" name="testGetJsapiTicket" time="0.0">
    <skipped/>
  </testcase> <!-- testGetJsapiTicket -->
  <testcase classname="com.github.binarywang.demo.wx.mp.controller.WxJsapiControllerTest" name="testGetJsapiTicket" time="0.0">
    <skipped/>
  </testcase> <!-- testGetJsapiTicket -->
  <testcase classname="com.github.binarywang.demo.wx.mp.controller.WxJsapiControllerTest" name="testGetJsapiTicket" time="0.0">
    <skipped/>
  </testcase> <!-- testGetJsapiTicket -->
  <testcase classname="com.github.binarywang.demo.wx.mp.controller.WxJsapiControllerTest" name="testGetJsapiTicket" time="0.0">
    <skipped/>
  </testcase> <!-- testGetJsapiTicket -->
  <testcase classname="com.github.binarywang.demo.wx.mp.controller.WxJsapiControllerTest" name="testGetJsapiTicket" time="0.0">
    <skipped/>
  </testcase> <!-- testGetJsapiTicket -->
  <testcase classname="com.github.binarywang.demo.wx.mp.controller.WxJsapiControllerTest" name="testGetJsapiTicket" time="0.0">
    <skipped/>
  </testcase> <!-- testGetJsapiTicket -->
  <testcase classname="com.github.binarywang.demo.wx.mp.controller.WxJsapiControllerTest" name="testGetJsapiTicket" time="0.0">
    <skipped/>
  </testcase> <!-- testGetJsapiTicket -->
  <testcase classname="com.github.binarywang.demo.wx.mp.controller.WxJsapiControllerTest" name="testGetJsapiTicket" time="0.0">
    <skipped/>
  </testcase> <!-- testGetJsapiTicket -->
  <testcase classname="com.github.binarywang.demo.wx.mp.controller.WxJsapiControllerTest" name="testGetJsapiTicket" time="0.0">
    <skipped/>
  </testcase> <!-- testGetJsapiTicket -->
  <testcase classname="com.github.binarywang.demo.wx.mp.controller.WxJsapiControllerTest" name="testGetJsapiTicket" time="0.0">
    <skipped/>
  </testcase> <!-- testGetJsapiTicket -->
  <testcase classname="com.github.binarywang.demo.wx.mp.controller.WxJsapiControllerTest" name="testGetJsapiTicket" time="0.0">
    <skipped/>
  </testcase> <!-- testGetJsapiTicket -->
  <testcase classname="com.github.binarywang.demo.wx.mp.controller.WxJsapiControllerTest" name="testGetJsapiTicket" time="0.0">
    <skipped/>
  </testcase> <!-- testGetJsapiTicket -->
  <testcase classname="com.github.binarywang.demo.wx.mp.controller.WxJsapiControllerTest" name="testGetJsapiTicket" time="0.0">
    <skipped/>
  </testcase> <!-- testGetJsapiTicket -->
  <testcase classname="com.github.binarywang.demo.wx.mp.controller.WxJsapiControllerTest" name="testGetJsapiTicket" time="0.0">
    <skipped/>
  </testcase> <!-- testGetJsapiTicket -->
  <testcase classname="com.github.binarywang.demo.wx.mp.controller.WxJsapiControllerTest" name="testGetJsapiTicket" time="0.0">
    <skipped/>
  </testcase> <!-- testGetJsapiTicket -->
  <testcase classname="com.github.binarywang.demo.wx.mp.controller.WxJsapiControllerTest" name="testGetJsapiTicket" time="0.0">
    <skipped/>
  </testcase> <!-- testGetJsapiTicket -->
  <testcase classname="com.github.binarywang.demo.wx.mp.controller.WxJsapiControllerTest" name="testGetJsapiTicket" time="0.0">
    <skipped/>
  </testcase> <!-- testGetJsapiTicket -->
  <testcase classname="com.github.binarywang.demo.wx.mp.controller.WxJsapiControllerTest" name="testGetJsapiTicket" time="0.0">
    <skipped/>
  </testcase> <!-- testGetJsapiTicket -->
  <testcase classname="com.github.binarywang.demo.wx.mp.controller.WxJsapiControllerTest" name="testGetJsapiTicket" time="0.0">
    <skipped/>
  </testcase> <!-- testGetJsapiTicket -->
  <testcase classname="com.github.binarywang.demo.wx.mp.controller.WxJsapiControllerTest" name="testGetJsapiTicket" time="0.0">
    <skipped/>
  </testcase> <!-- testGetJsapiTicket -->
  <testcase classname="com.github.binarywang.demo.wx.mp.controller.WxJsapiControllerTest" name="testGetJsapiTicket" time="0.0">
    <skipped/>
  </testcase> <!-- testGetJsapiTicket -->
  <testcase classname="com.github.binarywang.demo.wx.mp.controller.WxJsapiControllerTest" name="testGetJsapiTicket" time="0.0">
    <skipped/>
  </testcase> <!-- testGetJsapiTicket -->
  <testcase classname="com.github.binarywang.demo.wx.mp.controller.WxJsapiControllerTest" name="testGetJsapiTicket" time="0.0">
    <skipped/>
  </testcase> <!-- testGetJsapiTicket -->
  <testcase classname="com.github.binarywang.demo.wx.mp.controller.WxJsapiControllerTest" name="testGetJsapiTicket" time="0.0">
    <skipped/>
  </testcase> <!-- testGetJsapiTicket -->
  <testcase classname="com.github.binarywang.demo.wx.mp.controller.WxJsapiControllerTest" name="testGetJsapiTicket" time="0.0">
    <skipped/>
  </testcase> <!-- testGetJsapiTicket -->
  <testcase classname="com.github.binarywang.demo.wx.mp.controller.WxJsapiControllerTest" name="testGetJsapiTicket" time="0.0">
    <skipped/>
  </testcase> <!-- testGetJsapiTicket -->
  <testcase classname="com.github.binarywang.demo.wx.mp.controller.WxJsapiControllerTest" name="testGetJsapiTicket" time="0.0">
    <skipped/>
  </testcase> <!-- testGetJsapiTicket -->
  <testcase classname="com.github.binarywang.demo.wx.mp.controller.WxJsapiControllerTest" name="testGetJsapiTicket" time="0.0">
    <skipped/>
  </testcase> <!-- testGetJsapiTicket -->
  <testcase classname="com.github.binarywang.demo.wx.mp.controller.WxJsapiControllerTest" name="testGetJsapiTicket" time="0.0">
    <skipped/>
  </testcase> <!-- testGetJsapiTicket -->
  <testcase classname="com.github.binarywang.demo.wx.mp.controller.WxJsapiControllerTest" name="testGetJsapiTicket" time="0.0">
    <skipped/>
  </testcase> <!-- testGetJsapiTicket -->
  <testcase classname="com.github.binarywang.demo.wx.mp.controller.WxJsapiControllerTest" name="testGetJsapiTicket" time="0.0">
    <skipped/>
  </testcase> <!-- testGetJsapiTicket -->
  <testcase classname="com.github.binarywang.demo.wx.mp.controller.WxJsapiControllerTest" name="testGetJsapiTicket" time="0.0">
    <skipped/>
  </testcase> <!-- testGetJsapiTicket -->
  <testcase classname="com.github.binarywang.demo.wx.mp.controller.WxJsapiControllerTest" name="testGetJsapiTicket" time="0.0">
    <skipped/>
  </testcase> <!-- testGetJsapiTicket -->
  <testcase classname="com.github.binarywang.demo.wx.mp.controller.WxJsapiControllerTest" name="testGetJsapiTicket" time="0.0">
    <skipped/>
  </testcase> <!-- testGetJsapiTicket -->
  <testcase classname="com.github.binarywang.demo.wx.mp.controller.WxJsapiControllerTest" name="testGetJsapiTicket" time="0.0">
    <skipped/>
  </testcase> <!-- testGetJsapiTicket -->
  <testcase classname="com.github.binarywang.demo.wx.mp.controller.WxJsapiControllerTest" name="testGetJsapiTicket" time="0.0">
    <skipped/>
  </testcase> <!-- testGetJsapiTicket -->
  <testcase classname="com.github.binarywang.demo.wx.mp.controller.WxJsapiControllerTest" name="testGetJsapiTicket" time="0.0">
    <skipped/>
  </testcase> <!-- testGetJsapiTicket -->
  <testcase classname="com.github.binarywang.demo.wx.mp.controller.WxJsapiControllerTest" name="testGetJsapiTicket" time="0.0">
    <skipped/>
  </testcase> <!-- testGetJsapiTicket -->
  <testcase classname="com.github.binarywang.demo.wx.mp.controller.WxJsapiControllerTest" name="testGetJsapiTicket" time="0.0">
    <skipped/>
  </testcase> <!-- testGetJsapiTicket -->
  <testcase classname="com.github.binarywang.demo.wx.mp.controller.WxJsapiControllerTest" name="testGetJsapiTicket" time="0.0">
    <skipped/>
  </testcase> <!-- testGetJsapiTicket -->
  <testcase classname="com.github.binarywang.demo.wx.mp.controller.WxJsapiControllerTest" name="testGetJsapiTicket" time="0.0">
    <skipped/>
  </testcase> <!-- testGetJsapiTicket -->
  <testcase classname="com.github.binarywang.demo.wx.mp.controller.WxJsapiControllerTest" name="testGetJsapiTicket" time="0.0">
    <skipped/>
  </testcase> <!-- testGetJsapiTicket -->
  <testcase classname="com.github.binarywang.demo.wx.mp.controller.WxJsapiControllerTest" name="testGetJsapiTicket" time="0.0">
    <skipped/>
  </testcase> <!-- testGetJsapiTicket -->
  <testcase classname="com.github.binarywang.demo.wx.mp.controller.WxJsapiControllerTest" name="testGetJsapiTicket" time="0.0">
    <skipped/>
  </testcase> <!-- testGetJsapiTicket -->
  <testcase classname="com.github.binarywang.demo.wx.mp.controller.WxJsapiControllerTest" name="testGetJsapiTicket" time="0.0">
    <skipped/>
  </testcase> <!-- testGetJsapiTicket -->
  <testcase classname="com.github.binarywang.demo.wx.mp.controller.WxJsapiControllerTest" name="testGetJsapiTicket" time="0.0">
    <skipped/>
  </testcase> <!-- testGetJsapiTicket -->
  <testcase classname="com.github.binarywang.demo.wx.mp.controller.WxJsapiControllerTest" name="testGetJsapiTicket" time="0.0">
    <skipped/>
  </testcase> <!-- testGetJsapiTicket -->
  <testcase classname="com.github.binarywang.demo.wx.mp.controller.WxJsapiControllerTest" name="testGetJsapiTicket" time="0.0">
    <skipped/>
  </testcase> <!-- testGetJsapiTicket -->
  <testcase classname="com.github.binarywang.demo.wx.mp.controller.WxJsapiControllerTest" name="testGetJsapiTicket" time="0.0">
    <skipped/>
  </testcase> <!-- testGetJsapiTicket -->
  <testcase classname="com.github.binarywang.demo.wx.mp.controller.WxJsapiControllerTest" name="testGetJsapiTicket" time="0.0">
    <skipped/>
  </testcase> <!-- testGetJsapiTicket -->
  <testcase classname="com.github.binarywang.demo.wx.mp.controller.WxJsapiControllerTest" name="testGetJsapiTicket" time="0.0">
    <skipped/>
  </testcase> <!-- testGetJsapiTicket -->
  <testcase classname="com.github.binarywang.demo.wx.mp.controller.WxJsapiControllerTest" name="testGetJsapiTicket" time="0.0">
    <skipped/>
  </testcase> <!-- testGetJsapiTicket -->
  <testcase classname="com.github.binarywang.demo.wx.mp.controller.WxJsapiControllerTest" name="testGetJsapiTicket" time="0.0">
    <skipped/>
  </testcase> <!-- testGetJsapiTicket -->
  <testcase classname="com.github.binarywang.demo.wx.mp.controller.WxJsapiControllerTest" name="testGetJsapiTicket" time="0.0">
    <skipped/>
  </testcase> <!-- testGetJsapiTicket -->
  <testcase classname="com.github.binarywang.demo.wx.mp.controller.WxJsapiControllerTest" name="testGetJsapiTicket" time="0.0">
    <skipped/>
  </testcase> <!-- testGetJsapiTicket -->
  <testcase classname="com.github.binarywang.demo.wx.mp.controller.WxJsapiControllerTest" name="testGetJsapiTicket" time="0.0">
    <skipped/>
  </testcase> <!-- testGetJsapiTicket -->
  <testcase classname="com.github.binarywang.demo.wx.mp.controller.WxJsapiControllerTest" name="testGetJsapiTicket" time="0.0">
    <skipped/>
  </testcase> <!-- testGetJsapiTicket -->
  <testcase classname="com.github.binarywang.demo.wx.mp.controller.WxJsapiControllerTest" name="testGetJsapiTicket" time="0.0">
    <skipped/>
  </testcase> <!-- testGetJsapiTicket -->
  <testcase classname="com.github.binarywang.demo.wx.mp.controller.WxJsapiControllerTest" name="testGetJsapiTicket" time="0.0">
    <skipped/>
  </testcase> <!-- testGetJsapiTicket -->
  <testcase classname="com.github.binarywang.demo.wx.mp.controller.WxJsapiControllerTest" name="testGetJsapiTicket" time="0.0">
    <skipped/>
  </testcase> <!-- testGetJsapiTicket -->
  <testcase classname="com.github.binarywang.demo.wx.mp.controller.WxJsapiControllerTest" name="testGetJsapiTicket" time="0.0">
    <skipped/>
  </testcase> <!-- testGetJsapiTicket -->
  <testcase classname="com.github.binarywang.demo.wx.mp.controller.WxJsapiControllerTest" name="testGetJsapiTicket" time="0.0">
    <skipped/>
  </testcase> <!-- testGetJsapiTicket -->
  <testcase classname="com.github.binarywang.demo.wx.mp.controller.WxJsapiControllerTest" name="testGetJsapiTicket" time="0.0">
    <skipped/>
  </testcase> <!-- testGetJsapiTicket -->
  <testcase classname="com.github.binarywang.demo.wx.mp.controller.WxJsapiControllerTest" name="testGetJsapiTicket" time="0.0">
    <skipped/>
  </testcase> <!-- testGetJsapiTicket -->
  <testcase classname="com.github.binarywang.demo.wx.mp.controller.WxJsapiControllerTest" name="testGetJsapiTicket" time="0.0">
    <skipped/>
  </testcase> <!-- testGetJsapiTicket -->
  <testcase classname="com.github.binarywang.demo.wx.mp.controller.WxJsapiControllerTest" name="testGetJsapiTicket" time="0.0">
    <skipped/>
  </testcase> <!-- testGetJsapiTicket -->
  <testcase classname="com.github.binarywang.demo.wx.mp.controller.WxJsapiControllerTest" name="testGetJsapiTicket" time="0.0">
    <skipped/>
  </testcase> <!-- testGetJsapiTicket -->
  <testcase classname="com.github.binarywang.demo.wx.mp.controller.WxJsapiControllerTest" name="testGetJsapiTicket" time="0.0">
    <skipped/>
  </testcase> <!-- testGetJsapiTicket -->
  <testcase classname="com.github.binarywang.demo.wx.mp.controller.WxJsapiControllerTest" name="testGetJsapiTicket" time="0.0">
    <skipped/>
  </testcase> <!-- testGetJsapiTicket -->
  <testcase classname="com.github.binarywang.demo.wx.mp.controller.WxJsapiControllerTest" name="testGetJsapiTicket" time="0.0">
    <skipped/>
  </testcase> <!-- testGetJsapiTicket -->
  <testcase classname="com.github.binarywang.demo.wx.mp.controller.WxJsapiControllerTest" name="testGetJsapiTicket" time="0.0">
    <skipped/>
  </testcase> <!-- testGetJsapiTicket -->
  <testcase classname="com.github.binarywang.demo.wx.mp.controller.WxJsapiControllerTest" name="testGetJsapiTicket" time="0.0">
    <skipped/>
  </testcase> <!-- testGetJsapiTicket -->
  <testcase classname="com.github.binarywang.demo.wx.mp.controller.WxJsapiControllerTest" name="testGetJsapiTicket" time="0.0">
    <skipped/>
  </testcase> <!-- testGetJsapiTicket -->
  <testcase classname="com.github.binarywang.demo.wx.mp.controller.WxJsapiControllerTest" name="testGetJsapiTicket" time="0.0">
    <skipped/>
  </testcase> <!-- testGetJsapiTicket -->
  <testcase classname="com.github.binarywang.demo.wx.mp.controller.WxJsapiControllerTest" name="testGetJsapiTicket" time="0.0">
    <skipped/>
  </testcase> <!-- testGetJsapiTicket -->
  <testcase classname="com.github.binarywang.demo.wx.mp.controller.WxJsapiControllerTest" name="testGetJsapiTicket" time="0.0">
    <skipped/>
  </testcase> <!-- testGetJsapiTicket -->
  <testcase classname="com.github.binarywang.demo.wx.mp.controller.WxJsapiControllerTest" name="testGetJsapiTicket" time="0.0">
    <skipped/>
  </testcase> <!-- testGetJsapiTicket -->
  <testcase classname="com.github.binarywang.demo.wx.mp.controller.WxJsapiControllerTest" name="testGetJsapiTicket" time="0.0">
    <skipped/>
  </testcase> <!-- testGetJsapiTicket -->
  <testcase classname="com.github.binarywang.demo.wx.mp.controller.WxJsapiControllerTest" name="testGetJsapiTicket" time="0.0">
    <skipped/>
  </testcase> <!-- testGetJsapiTicket -->
  <testcase classname="com.github.binarywang.demo.wx.mp.controller.WxJsapiControllerTest" name="testGetJsapiTicket" time="0.0">
    <skipped/>
  </testcase> <!-- testGetJsapiTicket -->
  <testcase classname="com.github.binarywang.demo.wx.mp.controller.WxJsapiControllerTest" name="testGetJsapiTicket" time="0.0">
    <skipped/>
  </testcase> <!-- testGetJsapiTicket -->
  <testcase classname="com.github.binarywang.demo.wx.mp.controller.WxJsapiControllerTest" name="testGetJsapiTicket" time="0.0">
    <skipped/>
  </testcase> <!-- testGetJsapiTicket -->
  <testcase classname="com.github.binarywang.demo.wx.mp.controller.WxJsapiControllerTest" name="testGetJsapiTicket" time="0.0">
    <skipped/>
  </testcase> <!-- testGetJsapiTicket -->
  <testcase classname="com.github.binarywang.demo.wx.mp.controller.WxJsapiControllerTest" name="testGetJsapiTicket" time="0.0">
    <skipped/>
  </testcase> <!-- testGetJsapiTicket -->
  <testcase classname="com.github.binarywang.demo.wx.mp.controller.WxJsapiControllerTest" name="testGetJsapiTicket" time="0.001">
    <skipped/>
  </testcase> <!-- testGetJsapiTicket -->
  <testcase classname="com.github.binarywang.demo.wx.mp.controller.WxJsapiControllerTest" name="testGetJsapiTicket" time="0.0">
    <skipped/>
  </testcase> <!-- testGetJsapiTicket -->
  <testcase classname="com.github.binarywang.demo.wx.mp.controller.WxJsapiControllerTest" name="testGetJsapiTicket" time="0.0">
    <skipped/>
  </testcase> <!-- testGetJsapiTicket -->
  <testcase classname="com.github.binarywang.demo.wx.mp.controller.WxJsapiControllerTest" name="testGetJsapiTicket" time="0.0">
    <skipped/>
  </testcase> <!-- testGetJsapiTicket -->
  <testcase classname="com.github.binarywang.demo.wx.mp.controller.WxJsapiControllerTest" name="testGetJsapiTicket" time="0.0">
    <skipped/>
  </testcase> <!-- testGetJsapiTicket -->
  <testcase classname="com.github.binarywang.demo.wx.mp.controller.WxJsapiControllerTest" name="testGetJsapiTicket" time="0.0">
    <skipped/>
  </testcase> <!-- testGetJsapiTicket -->
  <testcase classname="com.github.binarywang.demo.wx.mp.controller.WxJsapiControllerTest" name="testGetJsapiTicket" time="0.0">
    <skipped/>
  </testcase> <!-- testGetJsapiTicket -->
  <testcase classname="com.github.binarywang.demo.wx.mp.controller.WxJsapiControllerTest" name="testGetJsapiTicket" time="0.0">
    <skipped/>
  </testcase> <!-- testGetJsapiTicket -->
  <testcase classname="com.github.binarywang.demo.wx.mp.controller.WxJsapiControllerTest" name="testGetJsapiTicket" time="0.0">
    <skipped/>
  </testcase> <!-- testGetJsapiTicket -->
  <testcase classname="com.github.binarywang.demo.wx.mp.controller.WxJsapiControllerTest" name="testGetJsapiTicket" time="0.0">
    <skipped/>
  </testcase> <!-- testGetJsapiTicket -->
  <testcase classname="com.github.binarywang.demo.wx.mp.controller.WxJsapiControllerTest" name="testGetJsapiTicket" time="0.0">
    <skipped/>
  </testcase> <!-- testGetJsapiTicket -->
  <testcase classname="com.github.binarywang.demo.wx.mp.controller.WxJsapiControllerTest" name="testGetJsapiTicket" time="0.0">
    <skipped/>
  </testcase> <!-- testGetJsapiTicket -->
  <testcase classname="com.github.binarywang.demo.wx.mp.controller.WxJsapiControllerTest" name="testGetJsapiTicket" time="0.0">
    <skipped/>
  </testcase> <!-- testGetJsapiTicket -->
  <testcase classname="com.github.binarywang.demo.wx.mp.controller.WxJsapiControllerTest" name="testGetJsapiTicket" time="0.0">
    <skipped/>
  </testcase> <!-- testGetJsapiTicket -->
  <testcase classname="com.github.binarywang.demo.wx.mp.controller.WxJsapiControllerTest" name="testGetJsapiTicket" time="0.0">
    <skipped/>
  </testcase> <!-- testGetJsapiTicket -->
  <testcase classname="com.github.binarywang.demo.wx.mp.controller.WxJsapiControllerTest" name="testGetJsapiTicket" time="0.0">
    <skipped/>
  </testcase> <!-- testGetJsapiTicket -->
  <testcase classname="com.github.binarywang.demo.wx.mp.controller.WxJsapiControllerTest" name="testGetJsapiTicket" time="0.0">
    <skipped/>
  </testcase> <!-- testGetJsapiTicket -->
  <testcase classname="com.github.binarywang.demo.wx.mp.controller.WxJsapiControllerTest" name="testGetJsapiTicket" time="0.0">
    <skipped/>
  </testcase> <!-- testGetJsapiTicket -->
  <testcase classname="com.github.binarywang.demo.wx.mp.controller.WxJsapiControllerTest" name="testGetJsapiTicket" time="0.0">
    <skipped/>
  </testcase> <!-- testGetJsapiTicket -->
  <testcase classname="com.github.binarywang.demo.wx.mp.controller.WxJsapiControllerTest" name="testGetJsapiTicket" time="0.0">
    <skipped/>
  </testcase> <!-- testGetJsapiTicket -->
  <testcase classname="com.github.binarywang.demo.wx.mp.controller.WxJsapiControllerTest" name="testGetJsapiTicket" time="0.0">
    <skipped/>
  </testcase> <!-- testGetJsapiTicket -->
  <testcase classname="com.github.binarywang.demo.wx.mp.controller.WxJsapiControllerTest" name="testGetJsapiTicket" time="0.0">
    <skipped/>
  </testcase> <!-- testGetJsapiTicket -->
  <testcase classname="com.github.binarywang.demo.wx.mp.controller.WxJsapiControllerTest" name="testGetJsapiTicket" time="0.0">
    <skipped/>
  </testcase> <!-- testGetJsapiTicket -->
  <testcase classname="com.github.binarywang.demo.wx.mp.controller.WxJsapiControllerTest" name="testGetJsapiTicket" time="0.0">
    <skipped/>
  </testcase> <!-- testGetJsapiTicket -->
  <testcase classname="com.github.binarywang.demo.wx.mp.controller.WxJsapiControllerTest" name="testGetJsapiTicket" time="0.0">
    <skipped/>
  </testcase> <!-- testGetJsapiTicket -->
  <testcase classname="com.github.binarywang.demo.wx.mp.controller.WxJsapiControllerTest" name="testGetJsapiTicket" time="0.0">
    <skipped/>
  </testcase> <!-- testGetJsapiTicket -->
  <testcase classname="com.github.binarywang.demo.wx.mp.controller.WxJsapiControllerTest" name="testGetJsapiTicket" time="0.0">
    <skipped/>
  </testcase> <!-- testGetJsapiTicket -->
  <testcase classname="com.github.binarywang.demo.wx.mp.controller.WxJsapiControllerTest" name="testGetJsapiTicket" time="0.0">
    <skipped/>
  </testcase> <!-- testGetJsapiTicket -->
  <testcase classname="com.github.binarywang.demo.wx.mp.controller.WxJsapiControllerTest" name="testGetJsapiTicket" time="0.0">
    <skipped/>
  </testcase> <!-- testGetJsapiTicket -->
  <testcase classname="com.github.binarywang.demo.wx.mp.controller.WxJsapiControllerTest" name="testGetJsapiTicket" time="0.0">
    <skipped/>
  </testcase> <!-- testGetJsapiTicket -->
  <testcase classname="com.github.binarywang.demo.wx.mp.controller.WxJsapiControllerTest" name="testGetJsapiTicket" time="0.0">
    <skipped/>
  </testcase> <!-- testGetJsapiTicket -->
  <testcase classname="com.github.binarywang.demo.wx.mp.controller.WxJsapiControllerTest" name="testGetJsapiTicket" time="0.0">
    <skipped/>
  </testcase> <!-- testGetJsapiTicket -->
  <testcase classname="com.github.binarywang.demo.wx.mp.controller.WxJsapiControllerTest" name="testGetJsapiTicket" time="0.0">
    <skipped/>
  </testcase> <!-- testGetJsapiTicket -->
  <testcase classname="com.github.binarywang.demo.wx.mp.controller.WxJsapiControllerTest" name="testGetJsapiTicket" time="0.0">
    <skipped/>
  </testcase> <!-- testGetJsapiTicket -->
  <testcase classname="com.github.binarywang.demo.wx.mp.controller.WxJsapiControllerTest" name="testGetJsapiTicket" time="0.0">
    <skipped/>
  </testcase> <!-- testGetJsapiTicket -->
  <testcase classname="com.github.binarywang.demo.wx.mp.controller.WxJsapiControllerTest" name="testGetJsapiTicket" time="0.0">
    <skipped/>
  </testcase> <!-- testGetJsapiTicket -->
  <testcase classname="com.github.binarywang.demo.wx.mp.controller.WxJsapiControllerTest" name="testGetJsapiTicket" time="0.0">
    <skipped/>
  </testcase> <!-- testGetJsapiTicket -->
  <testcase classname="com.github.binarywang.demo.wx.mp.controller.WxJsapiControllerTest" name="testGetJsapiTicket" time="0.0">
    <skipped/>
  </testcase> <!-- testGetJsapiTicket -->
  <testcase classname="com.github.binarywang.demo.wx.mp.controller.WxJsapiControllerTest" name="testGetJsapiTicket" time="0.0">
    <skipped/>
  </testcase> <!-- testGetJsapiTicket -->
  <testcase classname="com.github.binarywang.demo.wx.mp.controller.WxJsapiControllerTest" name="testGetJsapiTicket" time="0.0">
    <skipped/>
  </testcase> <!-- testGetJsapiTicket -->
  <testcase classname="com.github.binarywang.demo.wx.mp.controller.WxJsapiControllerTest" name="testGetJsapiTicket" time="0.0">
    <skipped/>
  </testcase> <!-- testGetJsapiTicket -->
  <testcase classname="com.github.binarywang.demo.wx.mp.controller.WxJsapiControllerTest" name="testGetJsapiTicket" time="0.0">
    <skipped/>
  </testcase> <!-- testGetJsapiTicket -->
  <testcase classname="com.github.binarywang.demo.wx.mp.controller.WxJsapiControllerTest" name="testGetJsapiTicket" time="0.0">
    <skipped/>
  </testcase> <!-- testGetJsapiTicket -->
  <testcase classname="com.github.binarywang.demo.wx.mp.controller.WxJsapiControllerTest" name="testGetJsapiTicket" time="0.0">
    <skipped/>
  </testcase> <!-- testGetJsapiTicket -->
  <testcase classname="com.github.binarywang.demo.wx.mp.controller.WxJsapiControllerTest" name="testGetJsapiTicket" time="0.0">
    <skipped/>
  </testcase> <!-- testGetJsapiTicket -->
  <testcase classname="com.github.binarywang.demo.wx.mp.controller.WxJsapiControllerTest" name="testGetJsapiTicket" time="0.0">
    <skipped/>
  </testcase> <!-- testGetJsapiTicket -->
  <testcase classname="com.github.binarywang.demo.wx.mp.controller.WxJsapiControllerTest" name="testGetJsapiTicket" time="0.0">
    <skipped/>
  </testcase> <!-- testGetJsapiTicket -->
  <testcase classname="com.github.binarywang.demo.wx.mp.controller.WxJsapiControllerTest" name="testGetJsapiTicket" time="0.0">
    <skipped/>
  </testcase> <!-- testGetJsapiTicket -->
  <testcase classname="com.github.binarywang.demo.wx.mp.controller.WxJsapiControllerTest" name="testGetJsapiTicket" time="0.0">
    <skipped/>
  </testcase> <!-- testGetJsapiTicket -->
  <testcase classname="com.github.binarywang.demo.wx.mp.controller.WxJsapiControllerTest" name="testGetJsapiTicket" time="0.0">
    <skipped/>
  </testcase> <!-- testGetJsapiTicket -->
  <testcase classname="com.github.binarywang.demo.wx.mp.controller.WxJsapiControllerTest" name="testGetJsapiTicket" time="0.0">
    <skipped/>
  </testcase> <!-- testGetJsapiTicket -->
  <testcase classname="com.github.binarywang.demo.wx.mp.controller.WxJsapiControllerTest" name="testGetJsapiTicket" time="0.0">
    <skipped/>
  </testcase> <!-- testGetJsapiTicket -->
  <testcase classname="com.github.binarywang.demo.wx.mp.controller.WxJsapiControllerTest" name="testGetJsapiTicket" time="0.0">
    <skipped/>
  </testcase> <!-- testGetJsapiTicket -->
  <testcase classname="com.github.binarywang.demo.wx.mp.controller.WxJsapiControllerTest" name="testGetJsapiTicket" time="0.0">
    <skipped/>
  </testcase> <!-- testGetJsapiTicket -->
  <testcase classname="com.github.binarywang.demo.wx.mp.controller.WxJsapiControllerTest" name="testGetJsapiTicket" time="0.0">
    <skipped/>
  </testcase> <!-- testGetJsapiTicket -->
  <testcase classname="com.github.binarywang.demo.wx.mp.controller.WxJsapiControllerTest" name="testGetJsapiTicket" time="0.0">
    <skipped/>
  </testcase> <!-- testGetJsapiTicket -->
  <testcase classname="com.github.binarywang.demo.wx.mp.controller.WxJsapiControllerTest" name="testGetJsapiTicket" time="0.0">
    <skipped/>
  </testcase> <!-- testGetJsapiTicket -->
  <testcase classname="com.github.binarywang.demo.wx.mp.controller.WxJsapiControllerTest" name="testGetJsapiTicket" time="0.0">
    <skipped/>
  </testcase> <!-- testGetJsapiTicket -->
  <testcase classname="com.github.binarywang.demo.wx.mp.controller.WxJsapiControllerTest" name="testGetJsapiTicket" time="0.0">
    <skipped/>
  </testcase> <!-- testGetJsapiTicket -->
  <testcase classname="com.github.binarywang.demo.wx.mp.controller.WxJsapiControllerTest" name="testGetJsapiTicket" time="0.0">
    <skipped/>
  </testcase> <!-- testGetJsapiTicket -->
  <testcase classname="com.github.binarywang.demo.wx.mp.controller.WxJsapiControllerTest" name="testGetJsapiTicket" time="0.0">
    <skipped/>
  </testcase> <!-- testGetJsapiTicket -->
  <testcase classname="com.github.binarywang.demo.wx.mp.controller.WxJsapiControllerTest" name="testGetJsapiTicket" time="0.0">
    <skipped/>
  </testcase> <!-- testGetJsapiTicket -->
  <testcase classname="com.github.binarywang.demo.wx.mp.controller.WxJsapiControllerTest" name="testGetJsapiTicket" time="0.0">
    <skipped/>
  </testcase> <!-- testGetJsapiTicket -->
  <testcase classname="com.github.binarywang.demo.wx.mp.controller.WxJsapiControllerTest" name="testGetJsapiTicket" time="0.0">
    <skipped/>
  </testcase> <!-- testGetJsapiTicket -->
  <testcase classname="com.github.binarywang.demo.wx.mp.controller.WxJsapiControllerTest" name="testGetJsapiTicket" time="0.001">
    <skipped/>
  </testcase> <!-- testGetJsapiTicket -->
  <testcase classname="com.github.binarywang.demo.wx.mp.controller.WxJsapiControllerTest" name="testGetJsapiTicket" time="0.001">
    <skipped/>
  </testcase> <!-- testGetJsapiTicket -->
  <testcase classname="com.github.binarywang.demo.wx.mp.controller.WxJsapiControllerTest" name="testGetJsapiTicket" time="0.0">
    <skipped/>
  </testcase> <!-- testGetJsapiTicket -->
  <testcase classname="com.github.binarywang.demo.wx.mp.controller.WxJsapiControllerTest" name="testGetJsapiTicket" time="0.0">
    <skipped/>
  </testcase> <!-- testGetJsapiTicket -->
  <testcase classname="com.github.binarywang.demo.wx.mp.controller.WxJsapiControllerTest" name="testGetJsapiTicket" time="0.0">
    <skipped/>
  </testcase> <!-- testGetJsapiTicket -->
  <testcase classname="com.github.binarywang.demo.wx.mp.controller.WxJsapiControllerTest" name="testGetJsapiTicket" time="0.0">
    <skipped/>
  </testcase> <!-- testGetJsapiTicket -->
  <testcase classname="com.github.binarywang.demo.wx.mp.controller.WxJsapiControllerTest" name="testGetJsapiTicket" time="0.0">
    <skipped/>
  </testcase> <!-- testGetJsapiTicket -->
  <testcase classname="com.github.binarywang.demo.wx.mp.controller.WxJsapiControllerTest" name="testGetJsapiTicket" time="0.0">
    <skipped/>
  </testcase> <!-- testGetJsapiTicket -->
  <testcase classname="com.github.binarywang.demo.wx.mp.controller.WxJsapiControllerTest" name="testGetJsapiTicket" time="0.0">
    <skipped/>
  </testcase> <!-- testGetJsapiTicket -->
  <testcase classname="com.github.binarywang.demo.wx.mp.controller.WxJsapiControllerTest" name="testGetJsapiTicket" time="0.0">
    <skipped/>
  </testcase> <!-- testGetJsapiTicket -->
  <testcase classname="com.github.binarywang.demo.wx.mp.controller.WxJsapiControllerTest" name="testGetJsapiTicket" time="0.0">
    <skipped/>
  </testcase> <!-- testGetJsapiTicket -->
  <testcase classname="com.github.binarywang.demo.wx.mp.controller.WxJsapiControllerTest" name="testGetJsapiTicket" time="0.0">
    <skipped/>
  </testcase> <!-- testGetJsapiTicket -->
  <testcase classname="com.github.binarywang.demo.wx.mp.controller.WxJsapiControllerTest" name="testGetJsapiTicket" time="0.0">
    <skipped/>
  </testcase> <!-- testGetJsapiTicket -->
  <testcase classname="com.github.binarywang.demo.wx.mp.controller.WxJsapiControllerTest" name="testGetJsapiTicket" time="0.0">
    <skipped/>
  </testcase> <!-- testGetJsapiTicket -->
  <testcase classname="com.github.binarywang.demo.wx.mp.controller.WxJsapiControllerTest" name="testGetJsapiTicket" time="0.0">
    <skipped/>
  </testcase> <!-- testGetJsapiTicket -->
  <testcase classname="com.github.binarywang.demo.wx.mp.controller.WxJsapiControllerTest" name="testGetJsapiTicket" time="0.0">
    <skipped/>
  </testcase> <!-- testGetJsapiTicket -->
  <testcase classname="com.github.binarywang.demo.wx.mp.controller.WxJsapiControllerTest" name="testGetJsapiTicket" time="0.0">
    <skipped/>
  </testcase> <!-- testGetJsapiTicket -->
  <testcase classname="com.github.binarywang.demo.wx.mp.controller.WxJsapiControllerTest" name="testGetJsapiTicket" time="0.0">
    <skipped/>
  </testcase> <!-- testGetJsapiTicket -->
  <testcase classname="com.github.binarywang.demo.wx.mp.controller.WxJsapiControllerTest" name="testGetJsapiTicket" time="0.0">
    <skipped/>
  </testcase> <!-- testGetJsapiTicket -->
  <testcase classname="com.github.binarywang.demo.wx.mp.controller.WxJsapiControllerTest" name="testGetJsapiTicket" time="0.0">
    <skipped/>
  </testcase> <!-- testGetJsapiTicket -->
  <testcase classname="com.github.binarywang.demo.wx.mp.controller.WxJsapiControllerTest" name="testGetJsapiTicket" time="0.001">
    <skipped/>
  </testcase> <!-- testGetJsapiTicket -->
  <testcase classname="com.github.binarywang.demo.wx.mp.controller.WxJsapiControllerTest" name="testGetJsapiTicket" time="0.0">
    <skipped/>
  </testcase> <!-- testGetJsapiTicket -->
  <testcase classname="com.github.binarywang.demo.wx.mp.controller.WxJsapiControllerTest" name="testGetJsapiTicket" time="0.0">
    <skipped/>
  </testcase> <!-- testGetJsapiTicket -->
  <testcase classname="com.github.binarywang.demo.wx.mp.controller.WxJsapiControllerTest" name="testGetJsapiTicket" time="0.0">
    <skipped/>
  </testcase> <!-- testGetJsapiTicket -->
  <testcase classname="com.github.binarywang.demo.wx.mp.controller.WxJsapiControllerTest" name="testGetJsapiTicket" time="0.0">
    <skipped/>
  </testcase> <!-- testGetJsapiTicket -->
  <testcase classname="com.github.binarywang.demo.wx.mp.controller.WxJsapiControllerTest" name="testGetJsapiTicket" time="0.0">
    <skipped/>
  </testcase> <!-- testGetJsapiTicket -->
  <testcase classname="com.github.binarywang.demo.wx.mp.controller.WxJsapiControllerTest" name="testGetJsapiTicket" time="0.0">
    <skipped/>
  </testcase> <!-- testGetJsapiTicket -->
  <testcase classname="com.github.binarywang.demo.wx.mp.controller.WxJsapiControllerTest" name="testGetJsapiTicket" time="0.0">
    <skipped/>
  </testcase> <!-- testGetJsapiTicket -->
  <testcase classname="com.github.binarywang.demo.wx.mp.controller.WxJsapiControllerTest" name="testGetJsapiTicket" time="0.0">
    <skipped/>
  </testcase> <!-- testGetJsapiTicket -->
  <testcase classname="com.github.binarywang.demo.wx.mp.controller.WxJsapiControllerTest" name="testGetJsapiTicket" time="0.0">
    <skipped/>
  </testcase> <!-- testGetJsapiTicket -->
  <testcase classname="com.github.binarywang.demo.wx.mp.controller.WxJsapiControllerTest" name="testGetJsapiTicket" time="0.0">
    <skipped/>
  </testcase> <!-- testGetJsapiTicket -->
  <testcase classname="com.github.binarywang.demo.wx.mp.controller.WxJsapiControllerTest" name="testGetJsapiTicket" time="0.0">
    <skipped/>
  </testcase> <!-- testGetJsapiTicket -->
  <testcase classname="com.github.binarywang.demo.wx.mp.controller.WxJsapiControllerTest" name="testGetJsapiTicket" time="0.0">
    <skipped/>
  </testcase> <!-- testGetJsapiTicket -->
  <testcase classname="com.github.binarywang.demo.wx.mp.controller.WxJsapiControllerTest" name="testGetJsapiTicket" time="0.0">
    <skipped/>
  </testcase> <!-- testGetJsapiTicket -->
  <testcase classname="com.github.binarywang.demo.wx.mp.controller.WxJsapiControllerTest" name="testGetJsapiTicket" time="0.0">
    <skipped/>
  </testcase> <!-- testGetJsapiTicket -->
  <testcase classname="com.github.binarywang.demo.wx.mp.controller.WxJsapiControllerTest" name="testGetJsapiTicket" time="0.0">
    <skipped/>
  </testcase> <!-- testGetJsapiTicket -->
  <testcase classname="com.github.binarywang.demo.wx.mp.controller.WxJsapiControllerTest" name="testGetJsapiTicket" time="0.0">
    <skipped/>
  </testcase> <!-- testGetJsapiTicket -->
  <testcase classname="com.github.binarywang.demo.wx.mp.controller.WxJsapiControllerTest" name="testGetJsapiTicket" time="0.0">
    <skipped/>
  </testcase> <!-- testGetJsapiTicket -->
  <testcase classname="com.github.binarywang.demo.wx.mp.controller.WxJsapiControllerTest" name="testGetJsapiTicket" time="0.0">
    <skipped/>
  </testcase> <!-- testGetJsapiTicket -->
  <testcase classname="com.github.binarywang.demo.wx.mp.controller.WxJsapiControllerTest" name="testGetJsapiTicket" time="0.0">
    <skipped/>
  </testcase> <!-- testGetJsapiTicket -->
  <testcase classname="com.github.binarywang.demo.wx.mp.controller.WxJsapiControllerTest" name="testGetJsapiTicket" time="0.0">
    <skipped/>
  </testcase> <!-- testGetJsapiTicket -->
  <testcase classname="com.github.binarywang.demo.wx.mp.controller.WxJsapiControllerTest" name="testGetJsapiTicket" time="0.0">
    <skipped/>
  </testcase> <!-- testGetJsapiTicket -->
  <testcase classname="com.github.binarywang.demo.wx.mp.controller.WxJsapiControllerTest" name="testGetJsapiTicket" time="0.001">
    <skipped/>
  </testcase> <!-- testGetJsapiTicket -->
  <testcase classname="com.github.binarywang.demo.wx.mp.controller.WxJsapiControllerTest" name="testGetJsapiTicket" time="0.0">
    <skipped/>
  </testcase> <!-- testGetJsapiTicket -->
  <testcase classname="com.github.binarywang.demo.wx.mp.controller.WxJsapiControllerTest" name="testGetJsapiTicket" time="0.0">
    <skipped/>
  </testcase> <!-- testGetJsapiTicket -->
  <testcase classname="com.github.binarywang.demo.wx.mp.controller.WxJsapiControllerTest" name="testGetJsapiTicket" time="0.0">
    <skipped/>
  </testcase> <!-- testGetJsapiTicket -->
  <testcase classname="com.github.binarywang.demo.wx.mp.controller.WxJsapiControllerTest" name="testGetJsapiTicket" time="0.0">
    <skipped/>
  </testcase> <!-- testGetJsapiTicket -->
  <testcase classname="com.github.binarywang.demo.wx.mp.controller.WxJsapiControllerTest" name="testGetJsapiTicket" time="0.0">
    <skipped/>
  </testcase> <!-- testGetJsapiTicket -->
  <testcase classname="com.github.binarywang.demo.wx.mp.controller.WxJsapiControllerTest" name="testGetJsapiTicket" time="0.0">
    <skipped/>
  </testcase> <!-- testGetJsapiTicket -->
  <testcase classname="com.github.binarywang.demo.wx.mp.controller.WxJsapiControllerTest" name="testGetJsapiTicket" time="0.0">
    <skipped/>
  </testcase> <!-- testGetJsapiTicket -->
  <testcase classname="com.github.binarywang.demo.wx.mp.controller.WxJsapiControllerTest" name="testGetJsapiTicket" time="0.0">
    <skipped/>
  </testcase> <!-- testGetJsapiTicket -->
  <testcase classname="com.github.binarywang.demo.wx.mp.controller.WxJsapiControllerTest" name="testGetJsapiTicket" time="0.0">
    <skipped/>
  </testcase> <!-- testGetJsapiTicket -->
  <testcase classname="com.github.binarywang.demo.wx.mp.controller.WxJsapiControllerTest" name="testGetJsapiTicket" time="0.0">
    <skipped/>
  </testcase> <!-- testGetJsapiTicket -->
  <testcase classname="com.github.binarywang.demo.wx.mp.controller.WxJsapiControllerTest" name="testGetJsapiTicket" time="0.0">
    <skipped/>
  </testcase> <!-- testGetJsapiTicket -->
  <testcase classname="com.github.binarywang.demo.wx.mp.controller.WxJsapiControllerTest" name="testGetJsapiTicket" time="0.0">
    <skipped/>
  </testcase> <!-- testGetJsapiTicket -->
  <testcase classname="com.github.binarywang.demo.wx.mp.controller.WxJsapiControllerTest" name="testGetJsapiTicket" time="0.0">
    <skipped/>
  </testcase> <!-- testGetJsapiTicket -->
  <testcase classname="com.github.binarywang.demo.wx.mp.controller.WxJsapiControllerTest" name="testGetJsapiTicket" time="0.0">
    <skipped/>
  </testcase> <!-- testGetJsapiTicket -->
  <testcase classname="com.github.binarywang.demo.wx.mp.controller.WxJsapiControllerTest" name="testGetJsapiTicket" time="0.0">
    <skipped/>
  </testcase> <!-- testGetJsapiTicket -->
  <testcase classname="com.github.binarywang.demo.wx.mp.controller.WxJsapiControllerTest" name="testGetJsapiTicket" time="0.0">
    <skipped/>
  </testcase> <!-- testGetJsapiTicket -->
  <testcase classname="com.github.binarywang.demo.wx.mp.controller.WxJsapiControllerTest" name="testGetJsapiTicket" time="0.0">
    <skipped/>
  </testcase> <!-- testGetJsapiTicket -->
  <testcase classname="com.github.binarywang.demo.wx.mp.controller.WxJsapiControllerTest" name="testGetJsapiTicket" time="0.0">
    <skipped/>
  </testcase> <!-- testGetJsapiTicket -->
  <testcase classname="com.github.binarywang.demo.wx.mp.controller.WxJsapiControllerTest" name="testGetJsapiTicket" time="0.0">
    <skipped/>
  </testcase> <!-- testGetJsapiTicket -->
  <testcase classname="com.github.binarywang.demo.wx.mp.controller.WxJsapiControllerTest" name="testGetJsapiTicket" time="0.0">
    <skipped/>
  </testcase> <!-- testGetJsapiTicket -->
  <testcase classname="com.github.binarywang.demo.wx.mp.controller.WxJsapiControllerTest" name="testGetJsapiTicket" time="0.0">
    <skipped/>
  </testcase> <!-- testGetJsapiTicket -->
  <testcase classname="com.github.binarywang.demo.wx.mp.controller.WxJsapiControllerTest" name="testGetJsapiTicket" time="0.0">
    <skipped/>
  </testcase> <!-- testGetJsapiTicket -->
  <testcase classname="com.github.binarywang.demo.wx.mp.controller.WxJsapiControllerTest" name="testGetJsapiTicket" time="0.0">
    <skipped/>
  </testcase> <!-- testGetJsapiTicket -->
  <testcase classname="com.github.binarywang.demo.wx.mp.controller.WxJsapiControllerTest" name="testGetJsapiTicket" time="0.0">
    <skipped/>
  </testcase> <!-- testGetJsapiTicket -->
  <testcase classname="com.github.binarywang.demo.wx.mp.controller.WxJsapiControllerTest" name="testGetJsapiTicket" time="0.0">
    <skipped/>
  </testcase> <!-- testGetJsapiTicket -->
  <testcase classname="com.github.binarywang.demo.wx.mp.controller.WxJsapiControllerTest" name="testGetJsapiTicket" time="0.0">
    <skipped/>
  </testcase> <!-- testGetJsapiTicket -->
  <testcase classname="com.github.binarywang.demo.wx.mp.controller.WxJsapiControllerTest" name="testGetJsapiTicket" time="0.0">
    <skipped/>
  </testcase> <!-- testGetJsapiTicket -->
  <testcase classname="com.github.binarywang.demo.wx.mp.controller.WxJsapiControllerTest" name="testGetJsapiTicket" time="0.0">
    <skipped/>
  </testcase> <!-- testGetJsapiTicket -->
  <testcase classname="com.github.binarywang.demo.wx.mp.controller.WxJsapiControllerTest" name="testGetJsapiTicket" time="0.0">
    <skipped/>
  </testcase> <!-- testGetJsapiTicket -->
  <testcase classname="com.github.binarywang.demo.wx.mp.controller.WxJsapiControllerTest" name="testGetJsapiTicket" time="0.0">
    <skipped/>
  </testcase> <!-- testGetJsapiTicket -->
  <testcase classname="com.github.binarywang.demo.wx.mp.controller.WxJsapiControllerTest" name="testGetJsapiTicket" time="0.0">
    <skipped/>
  </testcase> <!-- testGetJsapiTicket -->
  <testcase classname="com.github.binarywang.demo.wx.mp.controller.WxJsapiControllerTest" name="testGetJsapiTicket" time="0.0">
    <skipped/>
  </testcase> <!-- testGetJsapiTicket -->
  <testcase classname="com.github.binarywang.demo.wx.mp.controller.WxJsapiControllerTest" name="testGetJsapiTicket" time="0.0">
    <skipped/>
  </testcase> <!-- testGetJsapiTicket -->
  <testcase classname="com.github.binarywang.demo.wx.mp.controller.WxJsapiControllerTest" name="testGetJsapiTicket" time="0.0">
    <skipped/>
  </testcase> <!-- testGetJsapiTicket -->
  <testcase classname="com.github.binarywang.demo.wx.mp.controller.WxJsapiControllerTest" name="testGetJsapiTicket" time="0.0">
    <skipped/>
  </testcase> <!-- testGetJsapiTicket -->
  <testcase classname="com.github.binarywang.demo.wx.mp.controller.WxJsapiControllerTest" name="testGetJsapiTicket" time="0.0">
    <skipped/>
  </testcase> <!-- testGetJsapiTicket -->
  <testcase classname="com.github.binarywang.demo.wx.mp.controller.WxJsapiControllerTest" name="testGetJsapiTicket" time="0.0">
    <skipped/>
  </testcase> <!-- testGetJsapiTicket -->
  <testcase classname="com.github.binarywang.demo.wx.mp.controller.WxJsapiControllerTest" name="testGetJsapiTicket" time="0.0">
    <skipped/>
  </testcase> <!-- testGetJsapiTicket -->
  <testcase classname="com.github.binarywang.demo.wx.mp.controller.WxJsapiControllerTest" name="testGetJsapiTicket" time="0.0">
    <skipped/>
  </testcase> <!-- testGetJsapiTicket -->
  <testcase classname="com.github.binarywang.demo.wx.mp.controller.WxJsapiControllerTest" name="testGetJsapiTicket" time="0.001">
    <skipped/>
  </testcase> <!-- testGetJsapiTicket -->
  <testcase classname="com.github.binarywang.demo.wx.mp.controller.WxJsapiControllerTest" name="testGetJsapiTicket" time="0.0">
    <skipped/>
  </testcase> <!-- testGetJsapiTicket -->
  <testcase classname="com.github.binarywang.demo.wx.mp.controller.WxJsapiControllerTest" name="testGetJsapiTicket" time="0.0">
    <skipped/>
  </testcase> <!-- testGetJsapiTicket -->
  <testcase classname="com.github.binarywang.demo.wx.mp.controller.WxJsapiControllerTest" name="testGetJsapiTicket" time="0.0">
    <skipped/>
  </testcase> <!-- testGetJsapiTicket -->
  <testcase classname="com.github.binarywang.demo.wx.mp.controller.WxJsapiControllerTest" name="testGetJsapiTicket" time="0.0">
    <skipped/>
  </testcase> <!-- testGetJsapiTicket -->
  <testcase classname="com.github.binarywang.demo.wx.mp.controller.WxJsapiControllerTest" name="testGetJsapiTicket" time="0.0">
    <skipped/>
  </testcase> <!-- testGetJsapiTicket -->
  <testcase classname="com.github.binarywang.demo.wx.mp.controller.WxJsapiControllerTest" name="testGetJsapiTicket" time="0.0">
    <skipped/>
  </testcase> <!-- testGetJsapiTicket -->
  <testcase classname="com.github.binarywang.demo.wx.mp.controller.WxJsapiControllerTest" name="testGetJsapiTicket" time="0.0">
    <skipped/>
  </testcase> <!-- testGetJsapiTicket -->
  <testcase classname="com.github.binarywang.demo.wx.mp.controller.WxJsapiControllerTest" name="testGetJsapiTicket" time="0.0">
    <skipped/>
  </testcase> <!-- testGetJsapiTicket -->
  <testcase classname="com.github.binarywang.demo.wx.mp.controller.WxJsapiControllerTest" name="testGetJsapiTicket" time="0.0">
    <skipped/>
  </testcase> <!-- testGetJsapiTicket -->
  <testcase classname="com.github.binarywang.demo.wx.mp.controller.WxJsapiControllerTest" name="testGetJsapiTicket" time="0.0">
    <skipped/>
  </testcase> <!-- testGetJsapiTicket -->
  <testcase classname="com.github.binarywang.demo.wx.mp.controller.WxJsapiControllerTest" name="testGetJsapiTicket" time="0.0">
    <skipped/>
  </testcase> <!-- testGetJsapiTicket -->
  <testcase classname="com.github.binarywang.demo.wx.mp.controller.WxJsapiControllerTest" name="testGetJsapiTicket" time="0.0">
    <skipped/>
  </testcase> <!-- testGetJsapiTicket -->
  <testcase classname="com.github.binarywang.demo.wx.mp.controller.WxJsapiControllerTest" name="testGetJsapiTicket" time="0.0">
    <skipped/>
  </testcase> <!-- testGetJsapiTicket -->
  <testcase classname="com.github.binarywang.demo.wx.mp.controller.WxJsapiControllerTest" name="testGetJsapiTicket" time="0.0">
    <skipped/>
  </testcase> <!-- testGetJsapiTicket -->
  <testcase classname="com.github.binarywang.demo.wx.mp.controller.WxJsapiControllerTest" name="testGetJsapiTicket" time="0.0">
    <skipped/>
  </testcase> <!-- testGetJsapiTicket -->
  <testcase classname="com.github.binarywang.demo.wx.mp.controller.WxJsapiControllerTest" name="testGetJsapiTicket" time="0.0">
    <skipped/>
  </testcase> <!-- testGetJsapiTicket -->
  <testcase classname="com.github.binarywang.demo.wx.mp.controller.WxJsapiControllerTest" name="testGetJsapiTicket" time="0.001">
    <skipped/>
  </testcase> <!-- testGetJsapiTicket -->
  <testcase classname="com.github.binarywang.demo.wx.mp.controller.WxJsapiControllerTest" name="testGetJsapiTicket" time="0.0">
    <skipped/>
  </testcase> <!-- testGetJsapiTicket -->
  <testcase classname="com.github.binarywang.demo.wx.mp.controller.WxJsapiControllerTest" name="testGetJsapiTicket" time="0.0">
    <skipped/>
  </testcase> <!-- testGetJsapiTicket -->
  <testcase classname="com.github.binarywang.demo.wx.mp.controller.WxJsapiControllerTest" name="testGetJsapiTicket" time="0.0">
    <skipped/>
  </testcase> <!-- testGetJsapiTicket -->
  <testcase classname="com.github.binarywang.demo.wx.mp.controller.WxJsapiControllerTest" name="testGetJsapiTicket" time="0.0">
    <skipped/>
  </testcase> <!-- testGetJsapiTicket -->
  <testcase classname="com.github.binarywang.demo.wx.mp.controller.WxJsapiControllerTest" name="testGetJsapiTicket" time="0.0">
    <skipped/>
  </testcase> <!-- testGetJsapiTicket -->
  <testcase classname="com.github.binarywang.demo.wx.mp.controller.WxJsapiControllerTest" name="testGetJsapiTicket" time="0.0">
    <skipped/>
  </testcase> <!-- testGetJsapiTicket -->
  <testcase classname="com.github.binarywang.demo.wx.mp.controller.WxJsapiControllerTest" name="testGetJsapiTicket" time="0.0">
    <skipped/>
  </testcase> <!-- testGetJsapiTicket -->
  <testcase classname="com.github.binarywang.demo.wx.mp.controller.WxJsapiControllerTest" name="testGetJsapiTicket" time="0.0">
    <skipped/>
  </testcase> <!-- testGetJsapiTicket -->
  <testcase classname="com.github.binarywang.demo.wx.mp.controller.WxJsapiControllerTest" name="testGetJsapiTicket" time="0.0">
    <skipped/>
  </testcase> <!-- testGetJsapiTicket -->
  <testcase classname="com.github.binarywang.demo.wx.mp.controller.WxJsapiControllerTest" name="testGetJsapiTicket" time="0.0">
    <skipped/>
  </testcase> <!-- testGetJsapiTicket -->
  <testcase classname="com.github.binarywang.demo.wx.mp.controller.WxJsapiControllerTest" name="testGetJsapiTicket" time="0.0">
    <skipped/>
  </testcase> <!-- testGetJsapiTicket -->
  <testcase classname="com.github.binarywang.demo.wx.mp.controller.WxJsapiControllerTest" name="testGetJsapiTicket" time="0.0">
    <skipped/>
  </testcase> <!-- testGetJsapiTicket -->
  <testcase classname="com.github.binarywang.demo.wx.mp.controller.WxJsapiControllerTest" name="testGetJsapiTicket" time="0.0">
    <skipped/>
  </testcase> <!-- testGetJsapiTicket -->
  <testcase classname="com.github.binarywang.demo.wx.mp.controller.WxJsapiControllerTest" name="testGetJsapiTicket" time="0.0">
    <skipped/>
  </testcase> <!-- testGetJsapiTicket -->
  <testcase classname="com.github.binarywang.demo.wx.mp.controller.WxJsapiControllerTest" name="testGetJsapiTicket" time="0.0">
    <skipped/>
  </testcase> <!-- testGetJsapiTicket -->
  <testcase classname="com.github.binarywang.demo.wx.mp.controller.WxJsapiControllerTest" name="testGetJsapiTicket" time="0.0">
    <skipped/>
  </testcase> <!-- testGetJsapiTicket -->
  <testcase classname="com.github.binarywang.demo.wx.mp.controller.WxJsapiControllerTest" name="testGetJsapiTicket" time="0.0">
    <skipped/>
  </testcase> <!-- testGetJsapiTicket -->
  <testcase classname="com.github.binarywang.demo.wx.mp.controller.WxJsapiControllerTest" name="testGetJsapiTicket" time="0.0">
    <skipped/>
  </testcase> <!-- testGetJsapiTicket -->
  <testcase classname="com.github.binarywang.demo.wx.mp.controller.WxJsapiControllerTest" name="testGetJsapiTicket" time="0.0">
    <skipped/>
  </testcase> <!-- testGetJsapiTicket -->
  <testcase classname="com.github.binarywang.demo.wx.mp.controller.WxJsapiControllerTest" name="testGetJsapiTicket" time="0.0">
    <skipped/>
  </testcase> <!-- testGetJsapiTicket -->
  <testcase classname="com.github.binarywang.demo.wx.mp.controller.WxJsapiControllerTest" name="testGetJsapiTicket" time="0.0">
    <skipped/>
  </testcase> <!-- testGetJsapiTicket -->
  <testcase classname="com.github.binarywang.demo.wx.mp.controller.WxJsapiControllerTest" name="testGetJsapiTicket" time="0.0">
    <skipped/>
  </testcase> <!-- testGetJsapiTicket -->
  <testcase classname="com.github.binarywang.demo.wx.mp.controller.WxJsapiControllerTest" name="testGetJsapiTicket" time="0.0">
    <skipped/>
  </testcase> <!-- testGetJsapiTicket -->
  <testcase classname="com.github.binarywang.demo.wx.mp.controller.WxJsapiControllerTest" name="testGetJsapiTicket" time="0.0">
    <skipped/>
  </testcase> <!-- testGetJsapiTicket -->
  <testcase classname="com.github.binarywang.demo.wx.mp.controller.WxJsapiControllerTest" name="testGetJsapiTicket" time="0.0">
    <skipped/>
  </testcase> <!-- testGetJsapiTicket -->
  <testcase classname="com.github.binarywang.demo.wx.mp.controller.WxJsapiControllerTest" name="testGetJsapiTicket" time="0.0">
    <skipped/>
  </testcase> <!-- testGetJsapiTicket -->
  <testcase classname="com.github.binarywang.demo.wx.mp.controller.WxJsapiControllerTest" name="testGetJsapiTicket" time="0.0">
    <skipped/>
  </testcase> <!-- testGetJsapiTicket -->
  <testcase classname="com.github.binarywang.demo.wx.mp.controller.WxJsapiControllerTest" name="testGetJsapiTicket" time="0.0">
    <skipped/>
  </testcase> <!-- testGetJsapiTicket -->
  <testcase classname="com.github.binarywang.demo.wx.mp.controller.WxJsapiControllerTest" name="testGetJsapiTicket" time="0.0">
    <skipped/>
  </testcase> <!-- testGetJsapiTicket -->
[...]
    <skipped/>
  </testcase> <!-- testGetJsapiTicket -->
  <testcase classname="com.github.binarywang.demo.wx.mp.controller.WxJsapiControllerTest" name="testGetJsapiTicket" time="0.0">
    <skipped/>
  </testcase> <!-- testGetJsapiTicket -->
  <testcase classname="com.github.binarywang.demo.wx.mp.controller.WxJsapiControllerTest" name="testGetJsapiTicket" time="0.0">
    <skipped/>
  </testcase> <!-- testGetJsapiTicket -->
  <testcase classname="com.github.binarywang.demo.wx.mp.controller.WxJsapiControllerTest" name="testGetJsapiTicket" time="0.0">
    <skipped/>
  </testcase> <!-- testGetJsapiTicket -->
  <testcase classname="com.github.binarywang.demo.wx.mp.controller.WxJsapiControllerTest" name="testGetJsapiTicket" time="0.0">
    <skipped/>
  </testcase> <!-- testGetJsapiTicket -->
  <testcase classname="com.github.binarywang.demo.wx.mp.controller.WxJsapiControllerTest" name="testGetJsapiTicket" time="0.0">
    <skipped/>
  </testcase> <!-- testGetJsapiTicket -->
  <testcase classname="com.github.binarywang.demo.wx.mp.controller.WxJsapiControllerTest" name="testGetJsapiTicket" time="0.0">
    <skipped/>
  </testcase> <!-- testGetJsapiTicket -->
  <testcase classname="com.github.binarywang.demo.wx.mp.controller.WxJsapiControllerTest" name="testGetJsapiTicket" time="0.0">
    <skipped/>
  </testcase> <!-- testGetJsapiTicket -->
  <testcase classname="com.github.binarywang.demo.wx.mp.controller.WxJsapiControllerTest" name="testGetJsapiTicket" time="0.0">
    <skipped/>
  </testcase> <!-- testGetJsapiTicket -->
  <testcase classname="com.github.binarywang.demo.wx.mp.controller.WxJsapiControllerTest" name="testGetJsapiTicket" time="0.0">
    <skipped/>
  </testcase> <!-- testGetJsapiTicket -->
  <testcase classname="com.github.binarywang.demo.wx.mp.controller.WxJsapiControllerTest" name="testGetJsapiTicket" time="0.0">
    <skipped/>
  </testcase> <!-- testGetJsapiTicket -->
  <testcase classname="com.github.binarywang.demo.wx.mp.controller.WxJsapiControllerTest" name="testGetJsapiTicket" time="0.0">
    <skipped/>
  </testcase> <!-- testGetJsapiTicket -->
  <testcase classname="com.github.binarywang.demo.wx.mp.controller.WxJsapiControllerTest" name="testGetJsapiTicket" time="0.0">
    <skipped/>
  </testcase> <!-- testGetJsapiTicket -->
  <testcase classname="com.github.binarywang.demo.wx.mp.controller.WxJsapiControllerTest" name="testGetJsapiTicket" time="0.0">
    <skipped/>
  </testcase> <!-- testGetJsapiTicket -->
  <testcase classname="com.github.binarywang.demo.wx.mp.controller.WxJsapiControllerTest" name="testGetJsapiTicket" time="0.0">
    <skipped/>
  </testcase> <!-- testGetJsapiTicket -->
  <testcase classname="com.github.binarywang.demo.wx.mp.controller.WxJsapiControllerTest" name="testGetJsapiTicket" time="0.0">
    <skipped/>
  </testcase> <!-- testGetJsapiTicket -->
  <testcase classname="com.github.binarywang.demo.wx.mp.controller.WxJsapiControllerTest" name="testGetJsapiTicket" time="0.0">
    <skipped/>
  </testcase> <!-- testGetJsapiTicket -->
  <testcase classname="com.github.binarywang.demo.wx.mp.controller.WxJsapiControllerTest" name="testGetJsapiTicket" time="0.0">
    <skipped/>
  </testcase> <!-- testGetJsapiTicket -->
  <testcase classname="com.github.binarywang.demo.wx.mp.controller.WxJsapiControllerTest" name="testGetJsapiTicket" time="0.0">
    <skipped/>
  </testcase> <!-- testGetJsapiTicket -->
  <testcase classname="com.github.binarywang.demo.wx.mp.controller.WxJsapiControllerTest" name="testGetJsapiTicket" time="0.0">
    <skipped/>
  </testcase> <!-- testGetJsapiTicket -->
  <testcase classname="com.github.binarywang.demo.wx.mp.controller.WxJsapiControllerTest" name="testGetJsapiTicket" time="0.0">
    <skipped/>
  </testcase> <!-- testGetJsapiTicket -->
  <testcase classname="com.github.binarywang.demo.wx.mp.controller.WxJsapiControllerTest" name="testGetJsapiTicket" time="0.0">
    <skipped/>
  </testcase> <!-- testGetJsapiTicket -->
  <testcase classname="com.github.binarywang.demo.wx.mp.controller.WxJsapiControllerTest" name="testGetJsapiTicket" time="0.0">
    <skipped/>
  </testcase> <!-- testGetJsapiTicket -->
  <testcase classname="com.github.binarywang.demo.wx.mp.controller.WxJsapiControllerTest" name="testGetJsapiTicket" time="0.0">
    <skipped/>
  </testcase> <!-- testGetJsapiTicket -->
  <testcase classname="com.github.binarywang.demo.wx.mp.controller.WxJsapiControllerTest" name="testGetJsapiTicket" time="0.0">
    <skipped/>
  </testcase> <!-- testGetJsapiTicket -->
  <testcase classname="com.github.binarywang.demo.wx.mp.controller.WxJsapiControllerTest" name="testGetJsapiTicket" time="0.0">
    <skipped/>
  </testcase> <!-- testGetJsapiTicket -->
  <testcase classname="com.github.binarywang.demo.wx.mp.controller.WxJsapiControllerTest" name="testGetJsapiTicket" time="0.0">
    <skipped/>
  </testcase> <!-- testGetJsapiTicket -->
  <testcase classname="com.github.binarywang.demo.wx.mp.controller.WxJsapiControllerTest" name="testGetJsapiTicket" time="0.0">
    <skipped/>
  </testcase> <!-- testGetJsapiTicket -->
  <testcase classname="com.github.binarywang.demo.wx.mp.controller.WxJsapiControllerTest" name="testGetJsapiTicket" time="0.0">
    <skipped/>
  </testcase> <!-- testGetJsapiTicket -->
  <testcase classname="com.github.binarywang.demo.wx.mp.controller.WxJsapiControllerTest" name="testGetJsapiTicket" time="0.0">
    <skipped/>
  </testcase> <!-- testGetJsapiTicket -->
  <testcase classname="com.github.binarywang.demo.wx.mp.controller.WxJsapiControllerTest" name="testGetJsapiTicket" time="0.0">
    <skipped/>
  </testcase> <!-- testGetJsapiTicket -->
  <testcase classname="com.github.binarywang.demo.wx.mp.controller.WxJsapiControllerTest" name="testGetJsapiTicket" time="0.0">
    <skipped/>
  </testcase> <!-- testGetJsapiTicket -->
  <testcase classname="com.github.binarywang.demo.wx.mp.controller.WxJsapiControllerTest" name="testGetJsapiTicket" time="0.0">
    <skipped/>
  </testcase> <!-- testGetJsapiTicket -->
  <testcase classname="com.github.binarywang.demo.wx.mp.controller.WxJsapiControllerTest" name="testGetJsapiTicket" time="0.0">
    <skipped/>
  </testcase> <!-- testGetJsapiTicket -->
  <testcase classname="com.github.binarywang.demo.wx.mp.controller.WxJsapiControllerTest" name="testGetJsapiTicket" time="0.0">
    <skipped/>
  </testcase> <!-- testGetJsapiTicket -->
  <testcase classname="com.github.binarywang.demo.wx.mp.controller.WxJsapiControllerTest" name="testGetJsapiTicket" time="0.0">
    <skipped/>
  </testcase> <!-- testGetJsapiTicket -->
  <testcase classname="com.github.binarywang.demo.wx.mp.controller.WxJsapiControllerTest" name="testGetJsapiTicket" time="0.0">
    <skipped/>
  </testcase> <!-- testGetJsapiTicket -->
  <testcase classname="com.github.binarywang.demo.wx.mp.controller.WxJsapiControllerTest" name="testGetJsapiTicket" time="0.0">
    <skipped/>
  </testcase> <!-- testGetJsapiTicket -->
  <testcase classname="com.github.binarywang.demo.wx.mp.controller.WxJsapiControllerTest" name="testGetJsapiTicket" time="0.0">
    <skipped/>
  </testcase> <!-- testGetJsapiTicket -->
  <testcase classname="com.github.binarywang.demo.wx.mp.controller.WxJsapiControllerTest" name="testGetJsapiTicket" time="0.0">
    <skipped/>
  </testcase> <!-- testGetJsapiTicket -->
  <testcase classname="com.github.binarywang.demo.wx.mp.controller.WxJsapiControllerTest" name="testGetJsapiTicket" time="0.0">
    <skipped/>
  </testcase> <!-- testGetJsapiTicket -->
  <testcase classname="com.github.binarywang.demo.wx.mp.controller.WxJsapiControllerTest" name="testGetJsapiTicket" time="0.0">
    <skipped/>
  </testcase> <!-- testGetJsapiTicket -->
  <testcase classname="com.github.binarywang.demo.wx.mp.controller.WxJsapiControllerTest" name="testGetJsapiTicket" time="0.0">
    <skipped/>
  </testcase> <!-- testGetJsapiTicket -->
  <testcase classname="com.github.binarywang.demo.wx.mp.controller.WxJsapiControllerTest" name="testGetJsapiTicket" time="0.0">
    <skipped/>
  </testcase> <!-- testGetJsapiTicket -->
  <testcase classname="com.github.binarywang.demo.wx.mp.controller.WxJsapiControllerTest" name="testGetJsapiTicket" time="0.0">
    <skipped/>
  </testcase> <!-- testGetJsapiTicket -->
  <testcase classname="com.github.binarywang.demo.wx.mp.controller.WxJsapiControllerTest" name="testGetJsapiTicket" time="0.0">
    <skipped/>
  </testcase> <!-- testGetJsapiTicket -->
  <testcase classname="com.github.binarywang.demo.wx.mp.controller.WxJsapiControllerTest" name="testGetJsapiTicket" time="0.0">
    <skipped/>
  </testcase> <!-- testGetJsapiTicket -->
  <testcase classname="com.github.binarywang.demo.wx.mp.controller.WxJsapiControllerTest" name="testGetJsapiTicket" time="0.0">
    <skipped/>
  </testcase> <!-- testGetJsapiTicket -->
  <testcase classname="com.github.binarywang.demo.wx.mp.controller.WxJsapiControllerTest" name="testGetJsapiTicket" time="0.0">
    <skipped/>
  </testcase> <!-- testGetJsapiTicket -->
  <testcase classname="com.github.binarywang.demo.wx.mp.controller.WxJsapiControllerTest" name="testGetJsapiTicket" time="0.0">
    <skipped/>
  </testcase> <!-- testGetJsapiTicket -->
  <testcase classname="com.github.binarywang.demo.wx.mp.controller.WxJsapiControllerTest" name="testGetJsapiTicket" time="0.0">
    <skipped/>
  </testcase> <!-- testGetJsapiTicket -->
  <testcase classname="com.github.binarywang.demo.wx.mp.controller.WxJsapiControllerTest" name="testGetJsapiTicket" time="0.0">
    <skipped/>
  </testcase> <!-- testGetJsapiTicket -->
  <testcase classname="com.github.binarywang.demo.wx.mp.controller.WxJsapiControllerTest" name="testGetJsapiTicket" time="0.0">
    <skipped/>
  </testcase> <!-- testGetJsapiTicket -->
  <testcase classname="com.github.binarywang.demo.wx.mp.controller.WxJsapiControllerTest" name="testGetJsapiTicket" time="0.0">
    <skipped/>
  </testcase> <!-- testGetJsapiTicket -->
  <testcase classname="com.github.binarywang.demo.wx.mp.controller.WxJsapiControllerTest" name="testGetJsapiTicket" time="0.0">
    <skipped/>
  </testcase> <!-- testGetJsapiTicket -->
  <testcase classname="com.github.binarywang.demo.wx.mp.controller.WxJsapiControllerTest" name="testGetJsapiTicket" time="0.0">
    <skipped/>
  </testcase> <!-- testGetJsapiTicket -->
  <testcase classname="com.github.binarywang.demo.wx.mp.controller.WxJsapiControllerTest" name="testGetJsapiTicket" time="0.0">
    <skipped/>
  </testcase> <!-- testGetJsapiTicket -->
  <testcase classname="com.github.binarywang.demo.wx.mp.controller.WxJsapiControllerTest" name="testGetJsapiTicket" time="0.0">
    <skipped/>
  </testcase> <!-- testGetJsapiTicket -->
  <testcase classname="com.github.binarywang.demo.wx.mp.controller.WxJsapiControllerTest" name="testGetJsapiTicket" time="0.0">
    <skipped/>
  </testcase> <!-- testGetJsapiTicket -->
  <testcase classname="com.github.binarywang.demo.wx.mp.controller.WxJsapiControllerTest" name="testGetJsapiTicket" time="0.0">
    <skipped/>
  </testcase> <!-- testGetJsapiTicket -->
  <testcase classname="com.github.binarywang.demo.wx.mp.controller.WxJsapiControllerTest" name="testGetJsapiTicket" time="0.0">
    <skipped/>
  </testcase> <!-- testGetJsapiTicket -->
  <testcase classname="com.github.binarywang.demo.wx.mp.controller.WxJsapiControllerTest" name="testGetJsapiTicket" time="0.0">
    <skipped/>
  </testcase> <!-- testGetJsapiTicket -->
  <testcase classname="com.github.binarywang.demo.wx.mp.controller.WxJsapiControllerTest" name="testGetJsapiTicket" time="0.0">
    <skipped/>
  </testcase> <!-- testGetJsapiTicket -->
  <testcase classname="com.github.binarywang.demo.wx.mp.controller.WxJsapiControllerTest" name="testGetJsapiTicket" time="0.0">
    <skipped/>
  </testcase> <!-- testGetJsapiTicket -->
  <testcase classname="com.github.binarywang.demo.wx.mp.controller.WxJsapiControllerTest" name="testGetJsapiTicket" time="0.0">
    <skipped/>
  </testcase> <!-- testGetJsapiTicket -->
  <testcase classname="com.github.binarywang.demo.wx.mp.controller.WxJsapiControllerTest" name="testGetJsapiTicket" time="0.0">
    <skipped/>
  </testcase> <!-- testGetJsapiTicket -->
  <testcase classname="com.github.binarywang.demo.wx.mp.controller.WxJsapiControllerTest" name="testGetJsapiTicket" time="0.0">
    <skipped/>
  </testcase> <!-- testGetJsapiTicket -->
  <testcase classname="com.github.binarywang.demo.wx.mp.controller.WxJsapiControllerTest" name="testGetJsapiTicket" time="0.0">
    <skipped/>
  </testcase> <!-- testGetJsapiTicket -->
  <testcase classname="com.github.binarywang.demo.wx.mp.controller.WxJsapiControllerTest" name="testGetJsapiTicket" time="0.0">
    <skipped/>
  </testcase> <!-- testGetJsapiTicket -->
  <testcase classname="com.github.binarywang.demo.wx.mp.controller.WxJsapiControllerTest" name="testGetJsapiTicket" time="0.0">
    <skipped/>
  </testcase> <!-- testGetJsapiTicket -->
  <testcase classname="com.github.binarywang.demo.wx.mp.controller.WxJsapiControllerTest" name="testGetJsapiTicket" time="0.0">
    <skipped/>
  </testcase> <!-- testGetJsapiTicket -->
  <testcase classname="com.github.binarywang.demo.wx.mp.controller.WxJsapiControllerTest" name="testGetJsapiTicket" time="0.0">
    <skipped/>
  </testcase> <!-- testGetJsapiTicket -->
  <testcase classname="com.github.binarywang.demo.wx.mp.controller.WxJsapiControllerTest" name="testGetJsapiTicket" time="0.0">
    <skipped/>
  </testcase> <!-- testGetJsapiTicket -->
  <testcase classname="com.github.binarywang.demo.wx.mp.controller.WxJsapiControllerTest" name="testGetJsapiTicket" time="0.0">
    <skipped/>
  </testcase> <!-- testGetJsapiTicket -->
  <testcase classname="com.github.binarywang.demo.wx.mp.controller.WxJsapiControllerTest" name="testGetJsapiTicket" time="0.0">
    <skipped/>
  </testcase> <!-- testGetJsapiTicket -->
  <testcase classname="com.github.binarywang.demo.wx.mp.controller.WxJsapiControllerTest" name="testGetJsapiTicket" time="0.0">
    <skipped/>
  </testcase> <!-- testGetJsapiTicket -->
  <testcase classname="com.github.binarywang.demo.wx.mp.controller.WxJsapiControllerTest" name="testGetJsapiTicket" time="0.0">
    <skipped/>
  </testcase> <!-- testGetJsapiTicket -->
  <testcase classname="com.github.binarywang.demo.wx.mp.controller.WxJsapiControllerTest" name="testGetJsapiTicket" time="0.0">
    <skipped/>
  </testcase> <!-- testGetJsapiTicket -->
  <testcase classname="com.github.binarywang.demo.wx.mp.controller.WxJsapiControllerTest" name="testGetJsapiTicket" time="0.0">
    <skipped/>
  </testcase> <!-- testGetJsapiTicket -->
  <testcase classname="com.github.binarywang.demo.wx.mp.controller.WxJsapiControllerTest" name="testGetJsapiTicket" time="0.0">
    <skipped/>
  </testcase> <!-- testGetJsapiTicket -->
  <testcase classname="com.github.binarywang.demo.wx.mp.controller.WxJsapiControllerTest" name="testGetJsapiTicket" time="0.001">
    <skipped/>
  </testcase> <!-- testGetJsapiTicket -->
  <testcase classname="com.github.binarywang.demo.wx.mp.controller.WxJsapiControllerTest" name="testGetJsapiTicket" time="0.001">
    <skipped/>
  </testcase> <!-- testGetJsapiTicket -->
  <testcase classname="com.github.binarywang.demo.wx.mp.controller.WxJsapiControllerTest" name="testGetJsapiTicket" time="0.0">
    <skipped/>
  </testcase> <!-- testGetJsapiTicket -->
  <testcase classname="com.github.binarywang.demo.wx.mp.controller.WxJsapiControllerTest" name="testGetJsapiTicket" time="0.0">
    <skipped/>
  </testcase> <!-- testGetJsapiTicket -->
  <testcase classname="com.github.binarywang.demo.wx.mp.controller.WxJsapiControllerTest" name="testGetJsapiTicket" time="0.0">
    <skipped/>
  </testcase> <!-- testGetJsapiTicket -->
  <testcase classname="com.github.binarywang.demo.wx.mp.controller.WxJsapiControllerTest" name="testGetJsapiTicket" time="0.0">
    <skipped/>
  </testcase> <!-- testGetJsapiTicket -->
  <testcase classname="com.github.binarywang.demo.wx.mp.controller.WxJsapiControllerTest" name="testGetJsapiTicket" time="0.0">
    <skipped/>
  </testcase> <!-- testGetJsapiTicket -->
  <testcase classname="com.github.binarywang.demo.wx.mp.controller.WxJsapiControllerTest" name="testGetJsapiTicket" time="0.0">
    <skipped/>
  </testcase> <!-- testGetJsapiTicket -->
  <testcase classname="com.github.binarywang.demo.wx.mp.controller.WxJsapiControllerTest" name="testGetJsapiTicket" time="0.0">
    <skipped/>
  </testcase> <!-- testGetJsapiTicket -->
  <testcase classname="com.github.binarywang.demo.wx.mp.controller.WxJsapiControllerTest" name="testGetJsapiTicket" time="0.0">
    <skipped/>
  </testcase> <!-- testGetJsapiTicket -->
  <testcase classname="com.github.binarywang.demo.wx.mp.controller.WxJsapiControllerTest" name="testGetJsapiTicket" time="0.0">
    <skipped/>
  </testcase> <!-- testGetJsapiTicket -->
  <testcase classname="com.github.binarywang.demo.wx.mp.controller.WxJsapiControllerTest" name="testGetJsapiTicket" time="0.0">
    <skipped/>
  </testcase> <!-- testGetJsapiTicket -->
  <testcase classname="com.github.binarywang.demo.wx.mp.controller.WxJsapiControllerTest" name="testGetJsapiTicket" time="0.0">
    <skipped/>
  </testcase> <!-- testGetJsapiTicket -->
  <testcase classname="com.github.binarywang.demo.wx.mp.controller.WxJsapiControllerTest" name="testGetJsapiTicket" time="0.0">
    <skipped/>
  </testcase> <!-- testGetJsapiTicket -->
  <testcase classname="com.github.binarywang.demo.wx.mp.controller.WxJsapiControllerTest" name="testGetJsapiTicket" time="0.0">
    <skipped/>
  </testcase> <!-- testGetJsapiTicket -->
  <testcase classname="com.github.binarywang.demo.wx.mp.controller.WxJsapiControllerTest" name="testGetJsapiTicket" time="0.0">
    <skipped/>
  </testcase> <!-- testGetJsapiTicket -->
  <testcase classname="com.github.binarywang.demo.wx.mp.controller.WxJsapiControllerTest" name="testGetJsapiTicket" time="0.0">
    <skipped/>
  </testcase> <!-- testGetJsapiTicket -->
  <testcase classname="com.github.binarywang.demo.wx.mp.controller.WxJsapiControllerTest" name="testGetJsapiTicket" time="0.0">
    <skipped/>
  </testcase> <!-- testGetJsapiTicket -->
  <testcase classname="com.github.binarywang.demo.wx.mp.controller.WxJsapiControllerTest" name="testGetJsapiTicket" time="0.0">
    <skipped/>
  </testcase> <!-- testGetJsapiTicket -->
  <testcase classname="com.github.binarywang.demo.wx.mp.controller.WxJsapiControllerTest" name="testGetJsapiTicket" time="0.0">
    <skipped/>
  </testcase> <!-- testGetJsapiTicket -->
  <testcase classname="com.github.binarywang.demo.wx.mp.controller.WxJsapiControllerTest" name="testGetJsapiTicket" time="0.0">
    <skipped/>
  </testcase> <!-- testGetJsapiTicket -->
  <testcase classname="com.github.binarywang.demo.wx.mp.controller.WxJsapiControllerTest" name="testGetJsapiTicket" time="0.0">
    <skipped/>
  </testcase> <!-- testGetJsapiTicket -->
  <testcase classname="com.github.binarywang.demo.wx.mp.controller.WxJsapiControllerTest" name="testGetJsapiTicket" time="0.0">
    <skipped/>
  </testcase> <!-- testGetJsapiTicket -->
  <testcase classname="com.github.binarywang.demo.wx.mp.controller.WxJsapiControllerTest" name="testGetJsapiTicket" time="0.0">
    <skipped/>
  </testcase> <!-- testGetJsapiTicket -->
  <testcase classname="com.github.binarywang.demo.wx.mp.controller.WxJsapiControllerTest" name="testGetJsapiTicket" time="0.0">
    <skipped/>
  </testcase> <!-- testGetJsapiTicket -->
  <testcase classname="com.github.binarywang.demo.wx.mp.controller.WxJsapiControllerTest" name="testGetJsapiTicket" time="0.0">
    <skipped/>
  </testcase> <!-- testGetJsapiTicket -->
  <testcase classname="com.github.binarywang.demo.wx.mp.controller.WxMenuControllerTest" name="testMenuCreate" time="0.0">
    <skipped/>
  </testcase> <!-- testMenuCreate -->
  <testcase classname="com.github.binarywang.demo.wx.mp.controller.BaseControllerTest" name="@BeforeTest setup" time="0.0">
    <ignored/>
  </testcase> <!-- @BeforeTest setup -->
</testsuite> <!-- Surefire test -->
