<?xml version="1.0" encoding="UTF-8"?>
<testsuite xmlns:xsi="http://www.w3.org/2001/XMLSchema-instance" xsi:noNamespaceSchemaLocation="https://maven.apache.org/surefire/maven-surefire-plugin/xsd/surefire-test-report.xsd" name="TestSuite" time="1.367" tests="1002" errors="0" skipped="1001" failures="1">
  <properties>
[...]
</properties>
  <testcase name="setup" classname="com.github.binarywang.demo.wx.mp.controller.WxJsapiControllerTest" time="0.599">
    <failure message="io/restassured/mapper/factory/GsonObjectMapperFactory" type="java.lang.NoClassDefFoundError">java.lang.NoClassDefFoundError: io/restassured/mapper/factory/GsonObjectMapperFactory
Caused by: java.lang.ClassNotFoundException: io.restassured.mapper.factory.GsonObjectMapperFactory
</failure>
  </testcase>
  <testcase name="testGetJsapiTicket" classname="com.github.binarywang.demo.wx.mp.controller.WxJsapiControllerTest" time="0">
    <skipped message="io/restassured/mapper/factory/GsonObjectMapperFactory"/>
  </testcase>
  <testcase name="testGetJsapiTicket" classname="com.github.binarywang.demo.wx.mp.controller.WxJsapiControllerTest" time="0">
    <skipped message="io/restassured/mapper/factory/GsonObjectMapperFactory"/>
  </testcase>
  <testcase name="testGetJsapiTicket" classname="com.github.binarywang.demo.wx.mp.controller.WxJsapiControllerTest" time="0">
    <skipped message="io/restassured/mapper/factory/GsonObjectMapperFactory"/>
  </testcase>
  <testcase name="testGetJsapiTicket" classname="com.github.binarywang.demo.wx.mp.controller.WxJsapiControllerTest" time="0">
    <skipped message="io/restassured/mapper/factory/GsonObjectMapperFactory"/>
  </testcase>
  <testcase name="testGetJsapiTicket" classname="com.github.binarywang.demo.wx.mp.controller.WxJsapiControllerTest" time="0">
    <skipped message="io/restassured/mapper/factory/GsonObjectMapperFactory"/>
  </testcase>
  <testcase name="testGetJsapiTicket" classname="com.github.binarywang.demo.wx.mp.controller.WxJsapiControllerTest" time="0">
    <skipped message="io/restassured/mapper/factory/GsonObjectMapperFactory"/>
  </testcase>
  <testcase name="testGetJsapiTicket" classname="com.github.binarywang.demo.wx.mp.controller.WxJsapiControllerTest" time="0">
    <skipped message="io/restassured/mapper/factory/GsonObjectMapperFactory"/>
  </testcase>
  <testcase name="testGetJsapiTicket" classname="com.github.binarywang.demo.wx.mp.controller.WxJsapiControllerTest" time="0">
    <skipped message="io/restassured/mapper/factory/GsonObjectMapperFactory"/>
  </testcase>
  <testcase name="testGetJsapiTicket" classname="com.github.binarywang.demo.wx.mp.controller.WxJsapiControllerTest" time="0">
    <skipped message="io/restassured/mapper/factory/GsonObjectMapperFactory"/>
  </testcase>
  <testcase name="testGetJsapiTicket" classname="com.github.binarywang.demo.wx.mp.controller.WxJsapiControllerTest" time="0">
    <skipped message="io/restassured/mapper/factory/GsonObjectMapperFactory"/>
  </testcase>
  <testcase name="testGetJsapiTicket" classname="com.github.binarywang.demo.wx.mp.controller.WxJsapiControllerTest" time="0">
    <skipped message="io/restassured/mapper/factory/GsonObjectMapperFactory"/>
  </testcase>
  <testcase name="testGetJsapiTicket" classname="com.github.binarywang.demo.wx.mp.controller.WxJsapiControllerTest" time="0">
    <skipped message="io/restassured/mapper/factory/GsonObjectMapperFactory"/>
  </testcase>
  <testcase name="testGetJsapiTicket" classname="com.github.binarywang.demo.wx.mp.controller.WxJsapiControllerTest" time="0">
    <skipped message="io/restassured/mapper/factory/GsonObjectMapperFactory"/>
  </testcase>
  <testcase name="testGetJsapiTicket" classname="com.github.binarywang.demo.wx.mp.controller.WxJsapiControllerTest" time="0">
    <skipped message="io/restassured/mapper/factory/GsonObjectMapperFactory"/>
  </testcase>
  <testcase name="testGetJsapiTicket" classname="com.github.binarywang.demo.wx.mp.controller.WxJsapiControllerTest" time="0">
    <skipped message="io/restassured/mapper/factory/GsonObjectMapperFactory"/>
  </testcase>
  <testcase name="testGetJsapiTicket" classname="com.github.binarywang.demo.wx.mp.controller.WxJsapiControllerTest" time="0">
    <skipped message="io/restassured/mapper/factory/GsonObjectMapperFactory"/>
  </testcase>
  <testcase name="testGetJsapiTicket" classname="com.github.binarywang.demo.wx.mp.controller.WxJsapiControllerTest" time="0">
    <skipped message="io/restassured/mapper/factory/GsonObjectMapperFactory"/>
  </testcase>
  <testcase name="testGetJsapiTicket" classname="com.github.binarywang.demo.wx.mp.controller.WxJsapiControllerTest" time="0">
    <skipped message="io/restassured/mapper/factory/GsonObjectMapperFactory"/>
  </testcase>
  <testcase name="testGetJsapiTicket" classname="com.github.binarywang.demo.wx.mp.controller.WxJsapiControllerTest" time="0">
    <skipped message="io/restassured/mapper/factory/GsonObjectMapperFactory"/>
  </testcase>
  <testcase name="testGetJsapiTicket" classname="com.github.binarywang.demo.wx.mp.controller.WxJsapiControllerTest" time="0">
    <skipped message="io/restassured/mapper/factory/GsonObjectMapperFactory"/>
  </testcase>
  <testcase name="testGetJsapiTicket" classname="com.github.binarywang.demo.wx.mp.controller.WxJsapiControllerTest" time="0">
    <skipped message="io/restassured/mapper/factory/GsonObjectMapperFactory"/>
  </testcase>
  <testcase name="testGetJsapiTicket" classname="com.github.binarywang.demo.wx.mp.controller.WxJsapiControllerTest" time="0">
    <skipped message="io/restassured/mapper/factory/GsonObjectMapperFactory"/>
  </testcase>
  <testcase name="testGetJsapiTicket" classname="com.github.binarywang.demo.wx.mp.controller.WxJsapiControllerTest" time="0">
    <skipped message="io/restassured/mapper/factory/GsonObjectMapperFactory"/>
  </testcase>
  <testcase name="testGetJsapiTicket" classname="com.github.binarywang.demo.wx.mp.controller.WxJsapiControllerTest" time="0">
    <skipped message="io/restassured/mapper/factory/GsonObjectMapperFactory"/>
  </testcase>
  <testcase name="testGetJsapiTicket" classname="com.github.binarywang.demo.wx.mp.controller.WxJsapiControllerTest" time="0">
    <skipped message="io/restassured/mapper/factory/GsonObjectMapperFactory"/>
  </testcase>
  <testcase name="testGetJsapiTicket" classname="com.github.binarywang.demo.wx.mp.controller.WxJsapiControllerTest" time="0">
    <skipped message="io/restassured/mapper/factory/GsonObjectMapperFactory"/>
  </testcase>
  <testcase name="testGetJsapiTicket" classname="com.github.binarywang.demo.wx.mp.controller.WxJsapiControllerTest" time="0">
    <skipped message="io/restassured/mapper/factory/GsonObjectMapperFactory"/>
  </testcase>
  <testcase name="testGetJsapiTicket" classname="com.github.binarywang.demo.wx.mp.controller.WxJsapiControllerTest" time="0">
    <skipped message="io/restassured/mapper/factory/GsonObjectMapperFactory"/>
  </testcase>
  <testcase name="testGetJsapiTicket" classname="com.github.binarywang.demo.wx.mp.controller.WxJsapiControllerTest" time="0">
    <skipped message="io/restassured/mapper/factory/GsonObjectMapperFactory"/>
  </testcase>
  <testcase name="testGetJsapiTicket" classname="com.github.binarywang.demo.wx.mp.controller.WxJsapiControllerTest" time="0">
    <skipped message="io/restassured/mapper/factory/GsonObjectMapperFactory"/>
  </testcase>
  <testcase name="testGetJsapiTicket" classname="com.github.binarywang.demo.wx.mp.controller.WxJsapiControllerTest" time="0">
    <skipped message="io/restassured/mapper/factory/GsonObjectMapperFactory"/>
  </testcase>
  <testcase name="testGetJsapiTicket" classname="com.github.binarywang.demo.wx.mp.controller.WxJsapiControllerTest" time="0">
    <skipped message="io/restassured/mapper/factory/GsonObjectMapperFactory"/>
  </testcase>
  <testcase name="testGetJsapiTicket" classname="com.github.binarywang.demo.wx.mp.controller.WxJsapiControllerTest" time="0">
    <skipped message="io/restassured/mapper/factory/GsonObjectMapperFactory"/>
  </testcase>
  <testcase name="testGetJsapiTicket" classname="com.github.binarywang.demo.wx.mp.controller.WxJsapiControllerTest" time="0">
    <skipped message="io/restassured/mapper/factory/GsonObjectMapperFactory"/>
  </testcase>
  <testcase name="testGetJsapiTicket" classname="com.github.binarywang.demo.wx.mp.controller.WxJsapiControllerTest" time="0">
    <skipped message="io/restassured/mapper/factory/GsonObjectMapperFactory"/>
  </testcase>
  <testcase name="testGetJsapiTicket" classname="com.github.binarywang.demo.wx.mp.controller.WxJsapiControllerTest" time="0">
    <skipped message="io/restassured/mapper/factory/GsonObjectMapperFactory"/>
  </testcase>
  <testcase name="testGetJsapiTicket" classname="com.github.binarywang.demo.wx.mp.controller.WxJsapiControllerTest" time="0">
    <skipped message="io/restassured/mapper/factory/GsonObjectMapperFactory"/>
  </testcase>
  <testcase name="testGetJsapiTicket" classname="com.github.binarywang.demo.wx.mp.controller.WxJsapiControllerTest" time="0">
    <skipped message="io/restassured/mapper/factory/GsonObjectMapperFactory"/>
  </testcase>
  <testcase name="testGetJsapiTicket" classname="com.github.binarywang.demo.wx.mp.controller.WxJsapiControllerTest" time="0">
    <skipped message="io/restassured/mapper/factory/GsonObjectMapperFactory"/>
  </testcase>
  <testcase name="testGetJsapiTicket" classname="com.github.binarywang.demo.wx.mp.controller.WxJsapiControllerTest" time="0">
    <skipped message="io/restassured/mapper/factory/GsonObjectMapperFactory"/>
  </testcase>
  <testcase name="testGetJsapiTicket" classname="com.github.binarywang.demo.wx.mp.controller.WxJsapiControllerTest" time="0">
    <skipped message="io/restassured/mapper/factory/GsonObjectMapperFactory"/>
  </testcase>
  <testcase name="testGetJsapiTicket" classname="com.github.binarywang.demo.wx.mp.controller.WxJsapiControllerTest" time="0">
    <skipped message="io/restassured/mapper/factory/GsonObjectMapperFactory"/>
  </testcase>
  <testcase name="testGetJsapiTicket" classname="com.github.binarywang.demo.wx.mp.controller.WxJsapiControllerTest" time="0">
    <skipped message="io/restassured/mapper/factory/GsonObjectMapperFactory"/>
  </testcase>
  <testcase name="testGetJsapiTicket" classname="com.github.binarywang.demo.wx.mp.controller.WxJsapiControllerTest" time="0">
    <skipped message="io/restassured/mapper/factory/GsonObjectMapperFactory"/>
  </testcase>
  <testcase name="testGetJsapiTicket" classname="com.github.binarywang.demo.wx.mp.controller.WxJsapiControllerTest" time="0">
    <skipped message="io/restassured/mapper/factory/GsonObjectMapperFactory"/>
  </testcase>
  <testcase name="testGetJsapiTicket" classname="com.github.binarywang.demo.wx.mp.controller.WxJsapiControllerTest" time="0">
    <skipped message="io/restassured/mapper/factory/GsonObjectMapperFactory"/>
  </testcase>
  <testcase name="testGetJsapiTicket" classname="com.github.binarywang.demo.wx.mp.controller.WxJsapiControllerTest" time="0">
    <skipped message="io/restassured/mapper/factory/GsonObjectMapperFactory"/>
  </testcase>
  <testcase name="testGetJsapiTicket" classname="com.github.binarywang.demo.wx.mp.controller.WxJsapiControllerTest" time="0">
    <skipped message="io/restassured/mapper/factory/GsonObjectMapperFactory"/>
  </testcase>
  <testcase name="testGetJsapiTicket" classname="com.github.binarywang.demo.wx.mp.controller.WxJsapiControllerTest" time="0">
    <skipped message="io/restassured/mapper/factory/GsonObjectMapperFactory"/>
  </testcase>
  <testcase name="testGetJsapiTicket" classname="com.github.binarywang.demo.wx.mp.controller.WxJsapiControllerTest" time="0">
    <skipped message="io/restassured/mapper/factory/GsonObjectMapperFactory"/>
  </testcase>
  <testcase name="testGetJsapiTicket" classname="com.github.binarywang.demo.wx.mp.controller.WxJsapiControllerTest" time="0">
    <skipped message="io/restassured/mapper/factory/GsonObjectMapperFactory"/>
  </testcase>
  <testcase name="testGetJsapiTicket" classname="com.github.binarywang.demo.wx.mp.controller.WxJsapiControllerTest" time="0">
    <skipped message="io/restassured/mapper/factory/GsonObjectMapperFactory"/>
  </testcase>
  <testcase name="testGetJsapiTicket" classname="com.github.binarywang.demo.wx.mp.controller.WxJsapiControllerTest" time="0">
    <skipped message="io/restassured/mapper/factory/GsonObjectMapperFactory"/>
  </testcase>
  <testcase name="testGetJsapiTicket" classname="com.github.binarywang.demo.wx.mp.controller.WxJsapiControllerTest" time="0">
    <skipped message="io/restassured/mapper/factory/GsonObjectMapperFactory"/>
  </testcase>
  <testcase name="testGetJsapiTicket" classname="com.github.binarywang.demo.wx.mp.controller.WxJsapiControllerTest" time="0">
    <skipped message="io/restassured/mapper/factory/GsonObjectMapperFactory"/>
  </testcase>
  <testcase name="testGetJsapiTicket" classname="com.github.binarywang.demo.wx.mp.controller.WxJsapiControllerTest" time="0">
    <skipped message="io/restassured/mapper/factory/GsonObjectMapperFactory"/>
  </testcase>
  <testcase name="testGetJsapiTicket" classname="com.github.binarywang.demo.wx.mp.controller.WxJsapiControllerTest" time="0">
    <skipped message="io/restassured/mapper/factory/GsonObjectMapperFactory"/>
  </testcase>
  <testcase name="testGetJsapiTicket" classname="com.github.binarywang.demo.wx.mp.controller.WxJsapiControllerTest" time="0">
    <skipped message="io/restassured/mapper/factory/GsonObjectMapperFactory"/>
  </testcase>
  <testcase name="testGetJsapiTicket" classname="com.github.binarywang.demo.wx.mp.controller.WxJsapiControllerTest" time="0">
    <skipped message="io/restassured/mapper/factory/GsonObjectMapperFactory"/>
  </testcase>
  <testcase name="testGetJsapiTicket" classname="com.github.binarywang.demo.wx.mp.controller.WxJsapiControllerTest" time="0">
    <skipped message="io/restassured/mapper/factory/GsonObjectMapperFactory"/>
  </testcase>
  <testcase name="testGetJsapiTicket" classname="com.github.binarywang.demo.wx.mp.controller.WxJsapiControllerTest" time="0">
    <skipped message="io/restassured/mapper/factory/GsonObjectMapperFactory"/>
  </testcase>
  <testcase name="testGetJsapiTicket" classname="com.github.binarywang.demo.wx.mp.controller.WxJsapiControllerTest" time="0">
    <skipped message="io/restassured/mapper/factory/GsonObjectMapperFactory"/>
  </testcase>
  <testcase name="testGetJsapiTicket" classname="com.github.binarywang.demo.wx.mp.controller.WxJsapiControllerTest" time="0">
    <skipped message="io/restassured/mapper/factory/GsonObjectMapperFactory"/>
  </testcase>
  <testcase name="testGetJsapiTicket" classname="com.github.binarywang.demo.wx.mp.controller.WxJsapiControllerTest" time="0">
    <skipped message="io/restassured/mapper/factory/GsonObjectMapperFactory"/>
  </testcase>
  <testcase name="testGetJsapiTicket" classname="com.github.binarywang.demo.wx.mp.controller.WxJsapiControllerTest" time="0">
    <skipped message="io/restassured/mapper/factory/GsonObjectMapperFactory"/>
  </testcase>
  <testcase name="testGetJsapiTicket" classname="com.github.binarywang.demo.wx.mp.controller.WxJsapiControllerTest" time="0">
    <skipped message="io/restassured/mapper/factory/GsonObjectMapperFactory"/>
  </testcase>
  <testcase name="testGetJsapiTicket" classname="com.github.binarywang.demo.wx.mp.controller.WxJsapiControllerTest" time="0">
    <skipped message="io/restassured/mapper/factory/GsonObjectMapperFactory"/>
  </testcase>
  <testcase name="testGetJsapiTicket" classname="com.github.binarywang.demo.wx.mp.controller.WxJsapiControllerTest" time="0">
    <skipped message="io/restassured/mapper/factory/GsonObjectMapperFactory"/>
  </testcase>
  <testcase name="testGetJsapiTicket" classname="com.github.binarywang.demo.wx.mp.controller.WxJsapiControllerTest" time="0">
    <skipped message="io/restassured/mapper/factory/GsonObjectMapperFactory"/>
  </testcase>
  <testcase name="testGetJsapiTicket" classname="com.github.binarywang.demo.wx.mp.controller.WxJsapiControllerTest" time="0">
    <skipped message="io/restassured/mapper/factory/GsonObjectMapperFactory"/>
  </testcase>
  <testcase name="testGetJsapiTicket" classname="com.github.binarywang.demo.wx.mp.controller.WxJsapiControllerTest" time="0">
    <skipped message="io/restassured/mapper/factory/GsonObjectMapperFactory"/>
  </testcase>
  <testcase name="testGetJsapiTicket" classname="com.github.binarywang.demo.wx.mp.controller.WxJsapiControllerTest" time="0">
    <skipped message="io/restassured/mapper/factory/GsonObjectMapperFactory"/>
  </testcase>
  <testcase name="testGetJsapiTicket" classname="com.github.binarywang.demo.wx.mp.controller.WxJsapiControllerTest" time="0">
    <skipped message="io/restassured/mapper/factory/GsonObjectMapperFactory"/>
  </testcase>
  <testcase name="testGetJsapiTicket" classname="com.github.binarywang.demo.wx.mp.controller.WxJsapiControllerTest" time="0">
    <skipped message="io/restassured/mapper/factory/GsonObjectMapperFactory"/>
  </testcase>
  <testcase name="testGetJsapiTicket" classname="com.github.binarywang.demo.wx.mp.controller.WxJsapiControllerTest" time="0">
    <skipped message="io/restassured/mapper/factory/GsonObjectMapperFactory"/>
  </testcase>
  <testcase name="testGetJsapiTicket" classname="com.github.binarywang.demo.wx.mp.controller.WxJsapiControllerTest" time="0">
    <skipped message="io/restassured/mapper/factory/GsonObjectMapperFactory"/>
  </testcase>
  <testcase name="testGetJsapiTicket" classname="com.github.binarywang.demo.wx.mp.controller.WxJsapiControllerTest" time="0">
    <skipped message="io/restassured/mapper/factory/GsonObjectMapperFactory"/>
  </testcase>
  <testcase name="testGetJsapiTicket" classname="com.github.binarywang.demo.wx.mp.controller.WxJsapiControllerTest" time="0">
    <skipped message="io/restassured/mapper/factory/GsonObjectMapperFactory"/>
  </testcase>
  <testcase name="testGetJsapiTicket" classname="com.github.binarywang.demo.wx.mp.controller.WxJsapiControllerTest" time="0">
    <skipped message="io/restassured/mapper/factory/GsonObjectMapperFactory"/>
  </testcase>
  <testcase name="testGetJsapiTicket" classname="com.github.binarywang.demo.wx.mp.controller.WxJsapiControllerTest" time="0">
    <skipped message="io/restassured/mapper/factory/GsonObjectMapperFactory"/>
  </testcase>
  <testcase name="testGetJsapiTicket" classname="com.github.binarywang.demo.wx.mp.controller.WxJsapiControllerTest" time="0">
    <skipped message="io/restassured/mapper/factory/GsonObjectMapperFactory"/>
  </testcase>
  <testcase name="testGetJsapiTicket" classname="com.github.binarywang.demo.wx.mp.controller.WxJsapiControllerTest" time="0">
    <skipped message="io/restassured/mapper/factory/GsonObjectMapperFactory"/>
  </testcase>
  <testcase name="testGetJsapiTicket" classname="com.github.binarywang.demo.wx.mp.controller.WxJsapiControllerTest" time="0">
    <skipped message="io/restassured/mapper/factory/GsonObjectMapperFactory"/>
  </testcase>
  <testcase name="testGetJsapiTicket" classname="com.github.binarywang.demo.wx.mp.controller.WxJsapiControllerTest" time="0">
    <skipped message="io/restassured/mapper/factory/GsonObjectMapperFactory"/>
  </testcase>
  <testcase name="testGetJsapiTicket" classname="com.github.binarywang.demo.wx.mp.controller.WxJsapiControllerTest" time="0">
    <skipped message="io/restassured/mapper/factory/GsonObjectMapperFactory"/>
  </testcase>
  <testcase name="testGetJsapiTicket" classname="com.github.binarywang.demo.wx.mp.controller.WxJsapiControllerTest" time="0">
    <skipped message="io/restassured/mapper/factory/GsonObjectMapperFactory"/>
  </testcase>
  <testcase name="testGetJsapiTicket" classname="com.github.binarywang.demo.wx.mp.controller.WxJsapiControllerTest" time="0">
    <skipped message="io/restassured/mapper/factory/GsonObjectMapperFactory"/>
  </testcase>
  <testcase name="testGetJsapiTicket" classname="com.github.binarywang.demo.wx.mp.controller.WxJsapiControllerTest" time="0">
    <skipped message="io/restassured/mapper/factory/GsonObjectMapperFactory"/>
  </testcase>
  <testcase name="testGetJsapiTicket" classname="com.github.binarywang.demo.wx.mp.controller.WxJsapiControllerTest" time="0">
    <skipped message="io/restassured/mapper/factory/GsonObjectMapperFactory"/>
  </testcase>
  <testcase name="testGetJsapiTicket" classname="com.github.binarywang.demo.wx.mp.controller.WxJsapiControllerTest" time="0">
    <skipped message="io/restassured/mapper/factory/GsonObjectMapperFactory"/>
  </testcase>
  <testcase name="testGetJsapiTicket" classname="com.github.binarywang.demo.wx.mp.controller.WxJsapiControllerTest" time="0">
    <skipped message="io/restassured/mapper/factory/GsonObjectMapperFactory"/>
  </testcase>
  <testcase name="testGetJsapiTicket" classname="com.github.binarywang.demo.wx.mp.controller.WxJsapiControllerTest" time="0">
    <skipped message="io/restassured/mapper/factory/GsonObjectMapperFactory"/>
  </testcase>
  <testcase name="testGetJsapiTicket" classname="com.github.binarywang.demo.wx.mp.controller.WxJsapiControllerTest" time="0">
    <skipped message="io/restassured/mapper/factory/GsonObjectMapperFactory"/>
  </testcase>
  <testcase name="testGetJsapiTicket" classname="com.github.binarywang.demo.wx.mp.controller.WxJsapiControllerTest" time="0">
    <skipped message="io/restassured/mapper/factory/GsonObjectMapperFactory"/>
  </testcase>
  <testcase name="testGetJsapiTicket" classname="com.github.binarywang.demo.wx.mp.controller.WxJsapiControllerTest" time="0">
    <skipped message="io/restassured/mapper/factory/GsonObjectMapperFactory"/>
  </testcase>
  <testcase name="testGetJsapiTicket" classname="com.github.binarywang.demo.wx.mp.controller.WxJsapiControllerTest" time="0">
    <skipped message="io/restassured/mapper/factory/GsonObjectMapperFactory"/>
  </testcase>
  <testcase name="testGetJsapiTicket" classname="com.github.binarywang.demo.wx.mp.controller.WxJsapiControllerTest" time="0">
    <skipped message="io/restassured/mapper/factory/GsonObjectMapperFactory"/>
  </testcase>
  <testcase name="testGetJsapiTicket" classname="com.github.binarywang.demo.wx.mp.controller.WxJsapiControllerTest" time="0">
    <skipped message="io/restassured/mapper/factory/GsonObjectMapperFactory"/>
  </testcase>
  <testcase name="testGetJsapiTicket" classname="com.github.binarywang.demo.wx.mp.controller.WxJsapiControllerTest" time="0">
    <skipped message="io/restassured/mapper/factory/GsonObjectMapperFactory"/>
  </testcase>
  <testcase name="testGetJsapiTicket" classname="com.github.binarywang.demo.wx.mp.controller.WxJsapiControllerTest" time="0">
    <skipped message="io/restassured/mapper/factory/GsonObjectMapperFactory"/>
  </testcase>
  <testcase name="testGetJsapiTicket" classname="com.github.binarywang.demo.wx.mp.controller.WxJsapiControllerTest" time="0">
    <skipped message="io/restassured/mapper/factory/GsonObjectMapperFactory"/>
  </testcase>
  <testcase name="testGetJsapiTicket" classname="com.github.binarywang.demo.wx.mp.controller.WxJsapiControllerTest" time="0">
    <skipped message="io/restassured/mapper/factory/GsonObjectMapperFactory"/>
  </testcase>
  <testcase name="testGetJsapiTicket" classname="com.github.binarywang.demo.wx.mp.controller.WxJsapiControllerTest" time="0">
    <skipped message="io/restassured/mapper/factory/GsonObjectMapperFactory"/>
  </testcase>
  <testcase name="testGetJsapiTicket" classname="com.github.binarywang.demo.wx.mp.controller.WxJsapiControllerTest" time="0">
    <skipped message="io/restassured/mapper/factory/GsonObjectMapperFactory"/>
  </testcase>
  <testcase name="testGetJsapiTicket" classname="com.github.binarywang.demo.wx.mp.controller.WxJsapiControllerTest" time="0">
    <skipped message="io/restassured/mapper/factory/GsonObjectMapperFactory"/>
  </testcase>
  <testcase name="testGetJsapiTicket" classname="com.github.binarywang.demo.wx.mp.controller.WxJsapiControllerTest" time="0">
    <skipped message="io/restassured/mapper/factory/GsonObjectMapperFactory"/>
  </testcase>
  <testcase name="testGetJsapiTicket" classname="com.github.binarywang.demo.wx.mp.controller.WxJsapiControllerTest" time="0">
    <skipped message="io/restassured/mapper/factory/GsonObjectMapperFactory"/>
  </testcase>
  <testcase name="testGetJsapiTicket" classname="com.github.binarywang.demo.wx.mp.controller.WxJsapiControllerTest" time="0">
    <skipped message="io/restassured/mapper/factory/GsonObjectMapperFactory"/>
  </testcase>
  <testcase name="testGetJsapiTicket" classname="com.github.binarywang.demo.wx.mp.controller.WxJsapiControllerTest" time="0">
    <skipped message="io/restassured/mapper/factory/GsonObjectMapperFactory"/>
  </testcase>
  <testcase name="testGetJsapiTicket" classname="com.github.binarywang.demo.wx.mp.controller.WxJsapiControllerTest" time="0">
    <skipped message="io/restassured/mapper/factory/GsonObjectMapperFactory"/>
  </testcase>
  <testcase name="testGetJsapiTicket" classname="com.github.binarywang.demo.wx.mp.controller.WxJsapiControllerTest" time="0">
    <skipped message="io/restassured/mapper/factory/GsonObjectMapperFactory"/>
  </testcase>
  <testcase name="testGetJsapiTicket" classname="com.github.binarywang.demo.wx.mp.controller.WxJsapiControllerTest" time="0">
    <skipped message="io/restassured/mapper/factory/GsonObjectMapperFactory"/>
  </testcase>
  <testcase name="testGetJsapiTicket" classname="com.github.binarywang.demo.wx.mp.controller.WxJsapiControllerTest" time="0">
    <skipped message="io/restassured/mapper/factory/GsonObjectMapperFactory"/>
  </testcase>
  <testcase name="testGetJsapiTicket" classname="com.github.binarywang.demo.wx.mp.controller.WxJsapiControllerTest" time="0">
    <skipped message="io/restassured/mapper/factory/GsonObjectMapperFactory"/>
  </testcase>
  <testcase name="testGetJsapiTicket" classname="com.github.binarywang.demo.wx.mp.controller.WxJsapiControllerTest" time="0">
    <skipped message="io/restassured/mapper/factory/GsonObjectMapperFactory"/>
  </testcase>
  <testcase name="testGetJsapiTicket" classname="com.github.binarywang.demo.wx.mp.controller.WxJsapiControllerTest" time="0">
    <skipped message="io/restassured/mapper/factory/GsonObjectMapperFactory"/>
  </testcase>
  <testcase name="testGetJsapiTicket" classname="com.github.binarywang.demo.wx.mp.controller.WxJsapiControllerTest" time="0">
    <skipped message="io/restassured/mapper/factory/GsonObjectMapperFactory"/>
  </testcase>
  <testcase name="testGetJsapiTicket" classname="com.github.binarywang.demo.wx.mp.controller.WxJsapiControllerTest" time="0">
    <skipped message="io/restassured/mapper/factory/GsonObjectMapperFactory"/>
  </testcase>
  <testcase name="testGetJsapiTicket" classname="com.github.binarywang.demo.wx.mp.controller.WxJsapiControllerTest" time="0">
    <skipped message="io/restassured/mapper/factory/GsonObjectMapperFactory"/>
  </testcase>
  <testcase name="testGetJsapiTicket" classname="com.github.binarywang.demo.wx.mp.controller.WxJsapiControllerTest" time="0">
    <skipped message="io/restassured/mapper/factory/GsonObjectMapperFactory"/>
  </testcase>
  <testcase name="testGetJsapiTicket" classname="com.github.binarywang.demo.wx.mp.controller.WxJsapiControllerTest" time="0">
    <skipped message="io/restassured/mapper/factory/GsonObjectMapperFactory"/>
  </testcase>
  <testcase name="testGetJsapiTicket" classname="com.github.binarywang.demo.wx.mp.controller.WxJsapiControllerTest" time="0">
    <skipped message="io/restassured/mapper/factory/GsonObjectMapperFactory"/>
  </testcase>
  <testcase name="testGetJsapiTicket" classname="com.github.binarywang.demo.wx.mp.controller.WxJsapiControllerTest" time="0">
    <skipped message="io/restassured/mapper/factory/GsonObjectMapperFactory"/>
  </testcase>
  <testcase name="testGetJsapiTicket" classname="com.github.binarywang.demo.wx.mp.controller.WxJsapiControllerTest" time="0">
    <skipped message="io/restassured/mapper/factory/GsonObjectMapperFactory"/>
  </testcase>
  <testcase name="testGetJsapiTicket" classname="com.github.binarywang.demo.wx.mp.controller.WxJsapiControllerTest" time="0">
    <skipped message="io/restassured/mapper/factory/GsonObjectMapperFactory"/>
  </testcase>
  <testcase name="testGetJsapiTicket" classname="com.github.binarywang.demo.wx.mp.controller.WxJsapiControllerTest" time="0">
    <skipped message="io/restassured/mapper/factory/GsonObjectMapperFactory"/>
  </testcase>
  <testcase name="testGetJsapiTicket" classname="com.github.binarywang.demo.wx.mp.controller.WxJsapiControllerTest" time="0">
    <skipped message="io/restassured/mapper/factory/GsonObjectMapperFactory"/>
  </testcase>
  <testcase name="testGetJsapiTicket" classname="com.github.binarywang.demo.wx.mp.controller.WxJsapiControllerTest" time="0">
    <skipped message="io/restassured/mapper/factory/GsonObjectMapperFactory"/>
  </testcase>
  <testcase name="testGetJsapiTicket" classname="com.github.binarywang.demo.wx.mp.controller.WxJsapiControllerTest" time="0">
    <skipped message="io/restassured/mapper/factory/GsonObjectMapperFactory"/>
  </testcase>
  <testcase name="testGetJsapiTicket" classname="com.github.binarywang.demo.wx.mp.controller.WxJsapiControllerTest" time="0">
    <skipped message="io/restassured/mapper/factory/GsonObjectMapperFactory"/>
  </testcase>
  <testcase name="testGetJsapiTicket" classname="com.github.binarywang.demo.wx.mp.controller.WxJsapiControllerTest" time="0">
    <skipped message="io/restassured/mapper/factory/GsonObjectMapperFactory"/>
  </testcase>
  <testcase name="testGetJsapiTicket" classname="com.github.binarywang.demo.wx.mp.controller.WxJsapiControllerTest" time="0">
    <skipped message="io/restassured/mapper/factory/GsonObjectMapperFactory"/>
  </testcase>
  <testcase name="testGetJsapiTicket" classname="com.github.binarywang.demo.wx.mp.controller.WxJsapiControllerTest" time="0">
    <skipped message="io/restassured/mapper/factory/GsonObjectMapperFactory"/>
  </testcase>
  <testcase name="testGetJsapiTicket" classname="com.github.binarywang.demo.wx.mp.controller.WxJsapiControllerTest" time="0">
    <skipped message="io/restassured/mapper/factory/GsonObjectMapperFactory"/>
  </testcase>
  <testcase name="testGetJsapiTicket" classname="com.github.binarywang.demo.wx.mp.controller.WxJsapiControllerTest" time="0">
    <skipped message="io/restassured/mapper/factory/GsonObjectMapperFactory"/>
  </testcase>
  <testcase name="testGetJsapiTicket" classname="com.github.binarywang.demo.wx.mp.controller.WxJsapiControllerTest" time="0">
    <skipped message="io/restassured/mapper/factory/GsonObjectMapperFactory"/>
  </testcase>
  <testcase name="testGetJsapiTicket" classname="com.github.binarywang.demo.wx.mp.controller.WxJsapiControllerTest" time="0">
    <skipped message="io/restassured/mapper/factory/GsonObjectMapperFactory"/>
  </testcase>
  <testcase name="testGetJsapiTicket" classname="com.github.binarywang.demo.wx.mp.controller.WxJsapiControllerTest" time="0">
    <skipped message="io/restassured/mapper/factory/GsonObjectMapperFactory"/>
  </testcase>
  <testcase name="testGetJsapiTicket" classname="com.github.binarywang.demo.wx.mp.controller.WxJsapiControllerTest" time="0">
    <skipped message="io/restassured/mapper/factory/GsonObjectMapperFactory"/>
  </testcase>
  <testcase name="testGetJsapiTicket" classname="com.github.binarywang.demo.wx.mp.controller.WxJsapiControllerTest" time="0">
    <skipped message="io/restassured/mapper/factory/GsonObjectMapperFactory"/>
  </testcase>
  <testcase name="testGetJsapiTicket" classname="com.github.binarywang.demo.wx.mp.controller.WxJsapiControllerTest" time="0">
    <skipped message="io/restassured/mapper/factory/GsonObjectMapperFactory"/>
  </testcase>
  <testcase name="testGetJsapiTicket" classname="com.github.binarywang.demo.wx.mp.controller.WxJsapiControllerTest" time="0">
    <skipped message="io/restassured/mapper/factory/GsonObjectMapperFactory"/>
  </testcase>
  <testcase name="testGetJsapiTicket" classname="com.github.binarywang.demo.wx.mp.controller.WxJsapiControllerTest" time="0">
    <skipped message="io/restassured/mapper/factory/GsonObjectMapperFactory"/>
  </testcase>
  <testcase name="testGetJsapiTicket" classname="com.github.binarywang.demo.wx.mp.controller.WxJsapiControllerTest" time="0">
    <skipped message="io/restassured/mapper/factory/GsonObjectMapperFactory"/>
  </testcase>
  <testcase name="testGetJsapiTicket" classname="com.github.binarywang.demo.wx.mp.controller.WxJsapiControllerTest" time="0">
    <skipped message="io/restassured/mapper/factory/GsonObjectMapperFactory"/>
  </testcase>
  <testcase name="testGetJsapiTicket" classname="com.github.binarywang.demo.wx.mp.controller.WxJsapiControllerTest" time="0">
    <skipped message="io/restassured/mapper/factory/GsonObjectMapperFactory"/>
  </testcase>
  <testcase name="testGetJsapiTicket" classname="com.github.binarywang.demo.wx.mp.controller.WxJsapiControllerTest" time="0">
    <skipped message="io/restassured/mapper/factory/GsonObjectMapperFactory"/>
  </testcase>
  <testcase name="testGetJsapiTicket" classname="com.github.binarywang.demo.wx.mp.controller.WxJsapiControllerTest" time="0">
    <skipped message="io/restassured/mapper/factory/GsonObjectMapperFactory"/>
  </testcase>
  <testcase name="testGetJsapiTicket" classname="com.github.binarywang.demo.wx.mp.controller.WxJsapiControllerTest" time="0">
    <skipped message="io/restassured/mapper/factory/GsonObjectMapperFactory"/>
  </testcase>
  <testcase name="testGetJsapiTicket" classname="com.github.binarywang.demo.wx.mp.controller.WxJsapiControllerTest" time="0">
    <skipped message="io/restassured/mapper/factory/GsonObjectMapperFactory"/>
  </testcase>
  <testcase name="testGetJsapiTicket" classname="com.github.binarywang.demo.wx.mp.controller.WxJsapiControllerTest" time="0">
    <skipped message="io/restassured/mapper/factory/GsonObjectMapperFactory"/>
  </testcase>
  <testcase name="testGetJsapiTicket" classname="com.github.binarywang.demo.wx.mp.controller.WxJsapiControllerTest" time="0">
    <skipped message="io/restassured/mapper/factory/GsonObjectMapperFactory"/>
  </testcase>
  <testcase name="testGetJsapiTicket" classname="com.github.binarywang.demo.wx.mp.controller.WxJsapiControllerTest" time="0">
    <skipped message="io/restassured/mapper/factory/GsonObjectMapperFactory"/>
  </testcase>
  <testcase name="testGetJsapiTicket" classname="com.github.binarywang.demo.wx.mp.controller.WxJsapiControllerTest" time="0">
    <skipped message="io/restassured/mapper/factory/GsonObjectMapperFactory"/>
  </testcase>
  <testcase name="testGetJsapiTicket" classname="com.github.binarywang.demo.wx.mp.controller.WxJsapiControllerTest" time="0">
    <skipped message="io/restassured/mapper/factory/GsonObjectMapperFactory"/>
  </testcase>
  <testcase name="testGetJsapiTicket" classname="com.github.binarywang.demo.wx.mp.controller.WxJsapiControllerTest" time="0">
    <skipped message="io/restassured/mapper/factory/GsonObjectMapperFactory"/>
  </testcase>
  <testcase name="testGetJsapiTicket" classname="com.github.binarywang.demo.wx.mp.controller.WxJsapiControllerTest" time="0">
    <skipped message="io/restassured/mapper/factory/GsonObjectMapperFactory"/>
  </testcase>
  <testcase name="testGetJsapiTicket" classname="com.github.binarywang.demo.wx.mp.controller.WxJsapiControllerTest" time="0">
    <skipped message="io/restassured/mapper/factory/GsonObjectMapperFactory"/>
  </testcase>
  <testcase name="testGetJsapiTicket" classname="com.github.binarywang.demo.wx.mp.controller.WxJsapiControllerTest" time="0">
    <skipped message="io/restassured/mapper/factory/GsonObjectMapperFactory"/>
  </testcase>
  <testcase name="testGetJsapiTicket" classname="com.github.binarywang.demo.wx.mp.controller.WxJsapiControllerTest" time="0">
    <skipped message="io/restassured/mapper/factory/GsonObjectMapperFactory"/>
  </testcase>
  <testcase name="testGetJsapiTicket" classname="com.github.binarywang.demo.wx.mp.controller.WxJsapiControllerTest" time="0">
    <skipped message="io/restassured/mapper/factory/GsonObjectMapperFactory"/>
  </testcase>
  <testcase name="testGetJsapiTicket" classname="com.github.binarywang.demo.wx.mp.controller.WxJsapiControllerTest" time="0">
    <skipped message="io/restassured/mapper/factory/GsonObjectMapperFactory"/>
  </testcase>
  <testcase name="testGetJsapiTicket" classname="com.github.binarywang.demo.wx.mp.controller.WxJsapiControllerTest" time="0">
    <skipped message="io/restassured/mapper/factory/GsonObjectMapperFactory"/>
  </testcase>
  <testcase name="testGetJsapiTicket" classname="com.github.binarywang.demo.wx.mp.controller.WxJsapiControllerTest" time="0">
    <skipped message="io/restassured/mapper/factory/GsonObjectMapperFactory"/>
  </testcase>
  <testcase name="testGetJsapiTicket" classname="com.github.binarywang.demo.wx.mp.controller.WxJsapiControllerTest" time="0">
    <skipped message="io/restassured/mapper/factory/GsonObjectMapperFactory"/>
  </testcase>
  <testcase name="testGetJsapiTicket" classname="com.github.binarywang.demo.wx.mp.controller.WxJsapiControllerTest" time="0">
    <skipped message="io/restassured/mapper/factory/GsonObjectMapperFactory"/>
  </testcase>
  <testcase name="testGetJsapiTicket" classname="com.github.binarywang.demo.wx.mp.controller.WxJsapiControllerTest" time="0">
    <skipped message="io/restassured/mapper/factory/GsonObjectMapperFactory"/>
  </testcase>
  <testcase name="testGetJsapiTicket" classname="com.github.binarywang.demo.wx.mp.controller.WxJsapiControllerTest" time="0">
    <skipped message="io/restassured/mapper/factory/GsonObjectMapperFactory"/>
  </testcase>
  <testcase name="testGetJsapiTicket" classname="com.github.binarywang.demo.wx.mp.controller.WxJsapiControllerTest" time="0">
    <skipped message="io/restassured/mapper/factory/GsonObjectMapperFactory"/>
  </testcase>
  <testcase name="testGetJsapiTicket" classname="com.github.binarywang.demo.wx.mp.controller.WxJsapiControllerTest" time="0">
    <skipped message="io/restassured/mapper/factory/GsonObjectMapperFactory"/>
  </testcase>
  <testcase name="testGetJsapiTicket" classname="com.github.binarywang.demo.wx.mp.controller.WxJsapiControllerTest" time="0">
    <skipped message="io/restassured/mapper/factory/GsonObjectMapperFactory"/>
  </testcase>
  <testcase name="testGetJsapiTicket" classname="com.github.binarywang.demo.wx.mp.controller.WxJsapiControllerTest" time="0">
    <skipped message="io/restassured/mapper/factory/GsonObjectMapperFactory"/>
  </testcase>
  <testcase name="testGetJsapiTicket" classname="com.github.binarywang.demo.wx.mp.controller.WxJsapiControllerTest" time="0">
    <skipped message="io/restassured/mapper/factory/GsonObjectMapperFactory"/>
  </testcase>
  <testcase name="testGetJsapiTicket" classname="com.github.binarywang.demo.wx.mp.controller.WxJsapiControllerTest" time="0">
    <skipped message="io/restassured/mapper/factory/GsonObjectMapperFactory"/>
  </testcase>
  <testcase name="testGetJsapiTicket" classname="com.github.binarywang.demo.wx.mp.controller.WxJsapiControllerTest" time="0">
    <skipped message="io/restassured/mapper/factory/GsonObjectMapperFactory"/>
  </testcase>
  <testcase name="testGetJsapiTicket" classname="com.github.binarywang.demo.wx.mp.controller.WxJsapiControllerTest" time="0">
    <skipped message="io/restassured/mapper/factory/GsonObjectMapperFactory"/>
  </testcase>
  <testcase name="testGetJsapiTicket" classname="com.github.binarywang.demo.wx.mp.controller.WxJsapiControllerTest" time="0">
    <skipped message="io/restassured/mapper/factory/GsonObjectMapperFactory"/>
  </testcase>
  <testcase name="testGetJsapiTicket" classname="com.github.binarywang.demo.wx.mp.controller.WxJsapiControllerTest" time="0">
    <skipped message="io/restassured/mapper/factory/GsonObjectMapperFactory"/>
  </testcase>
  <testcase name="testGetJsapiTicket" classname="com.github.binarywang.demo.wx.mp.controller.WxJsapiControllerTest" time="0">
    <skipped message="io/restassured/mapper/factory/GsonObjectMapperFactory"/>
  </testcase>
  <testcase name="testGetJsapiTicket" classname="com.github.binarywang.demo.wx.mp.controller.WxJsapiControllerTest" time="0">
    <skipped message="io/restassured/mapper/factory/GsonObjectMapperFactory"/>
  </testcase>
  <testcase name="testGetJsapiTicket" classname="com.github.binarywang.demo.wx.mp.controller.WxJsapiControllerTest" time="0">
    <skipped message="io/restassured/mapper/factory/GsonObjectMapperFactory"/>
  </testcase>
  <testcase name="testGetJsapiTicket" classname="com.github.binarywang.demo.wx.mp.controller.WxJsapiControllerTest" time="0">
    <skipped message="io/restassured/mapper/factory/GsonObjectMapperFactory"/>
  </testcase>
  <testcase name="testGetJsapiTicket" classname="com.github.binarywang.demo.wx.mp.controller.WxJsapiControllerTest" time="0">
    <skipped message="io/restassured/mapper/factory/GsonObjectMapperFactory"/>
  </testcase>
  <testcase name="testGetJsapiTicket" classname="com.github.binarywang.demo.wx.mp.controller.WxJsapiControllerTest" time="0">
    <skipped message="io/restassured/mapper/factory/GsonObjectMapperFactory"/>
  </testcase>
  <testcase name="testGetJsapiTicket" classname="com.github.binarywang.demo.wx.mp.controller.WxJsapiControllerTest" time="0">
    <skipped message="io/restassured/mapper/factory/GsonObjectMapperFactory"/>
  </testcase>
  <testcase name="testGetJsapiTicket" classname="com.github.binarywang.demo.wx.mp.controller.WxJsapiControllerTest" time="0">
    <skipped message="io/restassured/mapper/factory/GsonObjectMapperFactory"/>
  </testcase>
  <testcase name="testGetJsapiTicket" classname="com.github.binarywang.demo.wx.mp.controller.WxJsapiControllerTest" time="0">
    <skipped message="io/restassured/mapper/factory/GsonObjectMapperFactory"/>
  </testcase>
  <testcase name="testGetJsapiTicket" classname="com.github.binarywang.demo.wx.mp.controller.WxJsapiControllerTest" time="0">
    <skipped message="io/restassured/mapper/factory/GsonObjectMapperFactory"/>
  </testcase>
  <testcase name="testGetJsapiTicket" classname="com.github.binarywang.demo.wx.mp.controller.WxJsapiControllerTest" time="0">
    <skipped message="io/restassured/mapper/factory/GsonObjectMapperFactory"/>
  </testcase>
  <testcase name="testGetJsapiTicket" classname="com.github.binarywang.demo.wx.mp.controller.WxJsapiControllerTest" time="0">
    <skipped message="io/restassured/mapper/factory/GsonObjectMapperFactory"/>
  </testcase>
  <testcase name="testGetJsapiTicket" classname="com.github.binarywang.demo.wx.mp.controller.WxJsapiControllerTest" time="0">
    <skipped message="io/restassured/mapper/factory/GsonObjectMapperFactory"/>
  </testcase>
  <testcase name="testGetJsapiTicket" classname="com.github.binarywang.demo.wx.mp.controller.WxJsapiControllerTest" time="0">
    <skipped message="io/restassured/mapper/factory/GsonObjectMapperFactory"/>
  </testcase>
  <testcase name="testGetJsapiTicket" classname="com.github.binarywang.demo.wx.mp.controller.WxJsapiControllerTest" time="0">
    <skipped message="io/restassured/mapper/factory/GsonObjectMapperFactory"/>
  </testcase>
  <testcase name="testGetJsapiTicket" classname="com.github.binarywang.demo.wx.mp.controller.WxJsapiControllerTest" time="0">
    <skipped message="io/restassured/mapper/factory/GsonObjectMapperFactory"/>
  </testcase>
  <testcase name="testGetJsapiTicket" classname="com.github.binarywang.demo.wx.mp.controller.WxJsapiControllerTest" time="0">
    <skipped message="io/restassured/mapper/factory/GsonObjectMapperFactory"/>
  </testcase>
  <testcase name="testGetJsapiTicket" classname="com.github.binarywang.demo.wx.mp.controller.WxJsapiControllerTest" time="0">
    <skipped message="io/restassured/mapper/factory/GsonObjectMapperFactory"/>
  </testcase>
  <testcase name="testGetJsapiTicket" classname="com.github.binarywang.demo.wx.mp.controller.WxJsapiControllerTest" time="0">
    <skipped message="io/restassured/mapper/factory/GsonObjectMapperFactory"/>
  </testcase>
  <testcase name="testGetJsapiTicket" classname="com.github.binarywang.demo.wx.mp.controller.WxJsapiControllerTest" time="0">
    <skipped message="io/restassured/mapper/factory/GsonObjectMapperFactory"/>
  </testcase>
  <testcase name="testGetJsapiTicket" classname="com.github.binarywang.demo.wx.mp.controller.WxJsapiControllerTest" time="0">
    <skipped message="io/restassured/mapper/factory/GsonObjectMapperFactory"/>
  </testcase>
  <testcase name="testGetJsapiTicket" classname="com.github.binarywang.demo.wx.mp.controller.WxJsapiControllerTest" time="0">
    <skipped message="io/restassured/mapper/factory/GsonObjectMapperFactory"/>
  </testcase>
  <testcase name="testGetJsapiTicket" classname="com.github.binarywang.demo.wx.mp.controller.WxJsapiControllerTest" time="0">
    <skipped message="io/restassured/mapper/factory/GsonObjectMapperFactory"/>
  </testcase>
  <testcase name="testGetJsapiTicket" classname="com.github.binarywang.demo.wx.mp.controller.WxJsapiControllerTest" time="0">
    <skipped message="io/restassured/mapper/factory/GsonObjectMapperFactory"/>
  </testcase>
  <testcase name="testGetJsapiTicket" classname="com.github.binarywang.demo.wx.mp.controller.WxJsapiControllerTest" time="0">
    <skipped message="io/restassured/mapper/factory/GsonObjectMapperFactory"/>
  </testcase>
  <testcase name="testGetJsapiTicket" classname="com.github.binarywang.demo.wx.mp.controller.WxJsapiControllerTest" time="0">
    <skipped message="io/restassured/mapper/factory/GsonObjectMapperFactory"/>
  </testcase>
  <testcase name="testGetJsapiTicket" classname="com.github.binarywang.demo.wx.mp.controller.WxJsapiControllerTest" time="0">
    <skipped message="io/restassured/mapper/factory/GsonObjectMapperFactory"/>
  </testcase>
  <testcase name="testGetJsapiTicket" classname="com.github.binarywang.demo.wx.mp.controller.WxJsapiControllerTest" time="0">
    <skipped message="io/restassured/mapper/factory/GsonObjectMapperFactory"/>
  </testcase>
  <testcase name="testGetJsapiTicket" classname="com.github.binarywang.demo.wx.mp.controller.WxJsapiControllerTest" time="0">
    <skipped message="io/restassured/mapper/factory/GsonObjectMapperFactory"/>
  </testcase>
  <testcase name="testGetJsapiTicket" classname="com.github.binarywang.demo.wx.mp.controller.WxJsapiControllerTest" time="0">
    <skipped message="io/restassured/mapper/factory/GsonObjectMapperFactory"/>
  </testcase>
  <testcase name="testGetJsapiTicket" classname="com.github.binarywang.demo.wx.mp.controller.WxJsapiControllerTest" time="0">
    <skipped message="io/restassured/mapper/factory/GsonObjectMapperFactory"/>
  </testcase>
  <testcase name="testGetJsapiTicket" classname="com.github.binarywang.demo.wx.mp.controller.WxJsapiControllerTest" time="0">
    <skipped message="io/restassured/mapper/factory/GsonObjectMapperFactory"/>
  </testcase>
  <testcase name="testGetJsapiTicket" classname="com.github.binarywang.demo.wx.mp.controller.WxJsapiControllerTest" time="0">
    <skipped message="io/restassured/mapper/factory/GsonObjectMapperFactory"/>
  </testcase>
  <testcase name="testGetJsapiTicket" classname="com.github.binarywang.demo.wx.mp.controller.WxJsapiControllerTest" time="0">
    <skipped message="io/restassured/mapper/factory/GsonObjectMapperFactory"/>
  </testcase>
  <testcase name="testGetJsapiTicket" classname="com.github.binarywang.demo.wx.mp.controller.WxJsapiControllerTest" time="0">
    <skipped message="io/restassured/mapper/factory/GsonObjectMapperFactory"/>
  </testcase>
  <testcase name="testGetJsapiTicket" classname="com.github.binarywang.demo.wx.mp.controller.WxJsapiControllerTest" time="0">
    <skipped message="io/restassured/mapper/factory/GsonObjectMapperFactory"/>
  </testcase>
  <testcase name="testGetJsapiTicket" classname="com.github.binarywang.demo.wx.mp.controller.WxJsapiControllerTest" time="0">
    <skipped message="io/restassured/mapper/factory/GsonObjectMapperFactory"/>
  </testcase>
  <testcase name="testGetJsapiTicket" classname="com.github.binarywang.demo.wx.mp.controller.WxJsapiControllerTest" time="0">
    <skipped message="io/restassured/mapper/factory/GsonObjectMapperFactory"/>
  </testcase>
  <testcase name="testGetJsapiTicket" classname="com.github.binarywang.demo.wx.mp.controller.WxJsapiControllerTest" time="0">
    <skipped message="io/restassured/mapper/factory/GsonObjectMapperFactory"/>
  </testcase>
  <testcase name="testGetJsapiTicket" classname="com.github.binarywang.demo.wx.mp.controller.WxJsapiControllerTest" time="0">
    <skipped message="io/restassured/mapper/factory/GsonObjectMapperFactory"/>
  </testcase>
  <testcase name="testGetJsapiTicket" classname="com.github.binarywang.demo.wx.mp.controller.WxJsapiControllerTest" time="0">
    <skipped message="io/restassured/mapper/factory/GsonObjectMapperFactory"/>
  </testcase>
  <testcase name="testGetJsapiTicket" classname="com.github.binarywang.demo.wx.mp.controller.WxJsapiControllerTest" time="0">
    <skipped message="io/restassured/mapper/factory/GsonObjectMapperFactory"/>
  </testcase>
  <testcase name="testGetJsapiTicket" classname="com.github.binarywang.demo.wx.mp.controller.WxJsapiControllerTest" time="0">
    <skipped message="io/restassured/mapper/factory/GsonObjectMapperFactory"/>
  </testcase>
  <testcase name="testGetJsapiTicket" classname="com.github.binarywang.demo.wx.mp.controller.WxJsapiControllerTest" time="0">
    <skipped message="io/restassured/mapper/factory/GsonObjectMapperFactory"/>
  </testcase>
  <testcase name="testGetJsapiTicket" classname="com.github.binarywang.demo.wx.mp.controller.WxJsapiControllerTest" time="0">
    <skipped message="io/restassured/mapper/factory/GsonObjectMapperFactory"/>
  </testcase>
  <testcase name="testGetJsapiTicket" classname="com.github.binarywang.demo.wx.mp.controller.WxJsapiControllerTest" time="0">
    <skipped message="io/restassured/mapper/factory/GsonObjectMapperFactory"/>
  </testcase>
  <testcase name="testGetJsapiTicket" classname="com.github.binarywang.demo.wx.mp.controller.WxJsapiControllerTest" time="0">
    <skipped message="io/restassured/mapper/factory/GsonObjectMapperFactory"/>
  </testcase>
  <testcase name="testGetJsapiTicket" classname="com.github.binarywang.demo.wx.mp.controller.WxJsapiControllerTest" time="0">
    <skipped message="io/restassured/mapper/factory/GsonObjectMapperFactory"/>
  </testcase>
  <testcase name="testGetJsapiTicket" classname="com.github.binarywang.demo.wx.mp.controller.WxJsapiControllerTest" time="0">
    <skipped message="io/restassured/mapper/factory/GsonObjectMapperFactory"/>
  </testcase>
  <testcase name="testGetJsapiTicket" classname="com.github.binarywang.demo.wx.mp.controller.WxJsapiControllerTest" time="0">
    <skipped message="io/restassured/mapper/factory/GsonObjectMapperFactory"/>
  </testcase>
  <testcase name="testGetJsapiTicket" classname="com.github.binarywang.demo.wx.mp.controller.WxJsapiControllerTest" time="0">
    <skipped message="io/restassured/mapper/factory/GsonObjectMapperFactory"/>
  </testcase>
  <testcase name="testGetJsapiTicket" classname="com.github.binarywang.demo.wx.mp.controller.WxJsapiControllerTest" time="0">
    <skipped message="io/restassured/mapper/factory/GsonObjectMapperFactory"/>
  </testcase>
  <testcase name="testGetJsapiTicket" classname="com.github.binarywang.demo.wx.mp.controller.WxJsapiControllerTest" time="0">
    <skipped message="io/restassured/mapper/factory/GsonObjectMapperFactory"/>
  </testcase>
  <testcase name="testGetJsapiTicket" classname="com.github.binarywang.demo.wx.mp.controller.WxJsapiControllerTest" time="0">
    <skipped message="io/restassured/mapper/factory/GsonObjectMapperFactory"/>
  </testcase>
  <testcase name="testGetJsapiTicket" classname="com.github.binarywang.demo.wx.mp.controller.WxJsapiControllerTest" time="0">
    <skipped message="io/restassured/mapper/factory/GsonObjectMapperFactory"/>
  </testcase>
  <testcase name="testGetJsapiTicket" classname="com.github.binarywang.demo.wx.mp.controller.WxJsapiControllerTest" time="0">
    <skipped message="io/restassured/mapper/factory/GsonObjectMapperFactory"/>
  </testcase>
  <testcase name="testGetJsapiTicket" classname="com.github.binarywang.demo.wx.mp.controller.WxJsapiControllerTest" time="0">
    <skipped message="io/restassured/mapper/factory/GsonObjectMapperFactory"/>
  </testcase>
  <testcase name="testGetJsapiTicket" classname="com.github.binarywang.demo.wx.mp.controller.WxJsapiControllerTest" time="0">
    <skipped message="io/restassured/mapper/factory/GsonObjectMapperFactory"/>
  </testcase>
  <testcase name="testGetJsapiTicket" classname="com.github.binarywang.demo.wx.mp.controller.WxJsapiControllerTest" time="0">
    <skipped message="io/restassured/mapper/factory/GsonObjectMapperFactory"/>
  </testcase>
  <testcase name="testGetJsapiTicket" classname="com.github.binarywang.demo.wx.mp.controller.WxJsapiControllerTest" time="0">
    <skipped message="io/restassured/mapper/factory/GsonObjectMapperFactory"/>
  </testcase>
  <testcase name="testGetJsapiTicket" classname="com.github.binarywang.demo.wx.mp.controller.WxJsapiControllerTest" time="0">
    <skipped message="io/restassured/mapper/factory/GsonObjectMapperFactory"/>
  </testcase>
  <testcase name="testGetJsapiTicket" classname="com.github.binarywang.demo.wx.mp.controller.WxJsapiControllerTest" time="0">
    <skipped message="io/restassured/mapper/factory/GsonObjectMapperFactory"/>
  </testcase>
  <testcase name="testGetJsapiTicket" classname="com.github.binarywang.demo.wx.mp.controller.WxJsapiControllerTest" time="0">
    <skipped message="io/restassured/mapper/factory/GsonObjectMapperFactory"/>
  </testcase>
  <testcase name="testGetJsapiTicket" classname="com.github.binarywang.demo.wx.mp.controller.WxJsapiControllerTest" time="0">
    <skipped message="io/restassured/mapper/factory/GsonObjectMapperFactory"/>
  </testcase>
  <testcase name="testGetJsapiTicket" classname="com.github.binarywang.demo.wx.mp.controller.WxJsapiControllerTest" time="0">
    <skipped message="io/restassured/mapper/factory/GsonObjectMapperFactory"/>
  </testcase>
  <testcase name="testGetJsapiTicket" classname="com.github.binarywang.demo.wx.mp.controller.WxJsapiControllerTest" time="0">
    <skipped message="io/restassured/mapper/factory/GsonObjectMapperFactory"/>
  </testcase>
  <testcase name="testGetJsapiTicket" classname="com.github.binarywang.demo.wx.mp.controller.WxJsapiControllerTest" time="0">
    <skipped message="io/restassured/mapper/factory/GsonObjectMapperFactory"/>
  </testcase>
  <testcase name="testGetJsapiTicket" classname="com.github.binarywang.demo.wx.mp.controller.WxJsapiControllerTest" time="0">
    <skipped message="io/restassured/mapper/factory/GsonObjectMapperFactory"/>
  </testcase>
  <testcase name="testGetJsapiTicket" classname="com.github.binarywang.demo.wx.mp.controller.WxJsapiControllerTest" time="0">
    <skipped message="io/restassured/mapper/factory/GsonObjectMapperFactory"/>
  </testcase>
  <testcase name="testGetJsapiTicket" classname="com.github.binarywang.demo.wx.mp.controller.WxJsapiControllerTest" time="0">
    <skipped message="io/restassured/mapper/factory/GsonObjectMapperFactory"/>
  </testcase>
  <testcase name="testGetJsapiTicket" classname="com.github.binarywang.demo.wx.mp.controller.WxJsapiControllerTest" time="0">
    <skipped message="io/restassured/mapper/factory/GsonObjectMapperFactory"/>
  </testcase>
  <testcase name="testGetJsapiTicket" classname="com.github.binarywang.demo.wx.mp.controller.WxJsapiControllerTest" time="0">
    <skipped message="io/restassured/mapper/factory/GsonObjectMapperFactory"/>
  </testcase>
  <testcase name="testGetJsapiTicket" classname="com.github.binarywang.demo.wx.mp.controller.WxJsapiControllerTest" time="0">
    <skipped message="io/restassured/mapper/factory/GsonObjectMapperFactory"/>
  </testcase>
  <testcase name="testGetJsapiTicket" classname="com.github.binarywang.demo.wx.mp.controller.WxJsapiControllerTest" time="0">
    <skipped message="io/restassured/mapper/factory/GsonObjectMapperFactory"/>
  </testcase>
  <testcase name="testGetJsapiTicket" classname="com.github.binarywang.demo.wx.mp.controller.WxJsapiControllerTest" time="0">
    <skipped message="io/restassured/mapper/factory/GsonObjectMapperFactory"/>
  </testcase>
  <testcase name="testGetJsapiTicket" classname="com.github.binarywang.demo.wx.mp.controller.WxJsapiControllerTest" time="0">
    <skipped message="io/restassured/mapper/factory/GsonObjectMapperFactory"/>
  </testcase>
  <testcase name="testGetJsapiTicket" classname="com.github.binarywang.demo.wx.mp.controller.WxJsapiControllerTest" time="0">
    <skipped message="io/restassured/mapper/factory/GsonObjectMapperFactory"/>
  </testcase>
  <testcase name="testGetJsapiTicket" classname="com.github.binarywang.demo.wx.mp.controller.WxJsapiControllerTest" time="0">
    <skipped message="io/restassured/mapper/factory/GsonObjectMapperFactory"/>
  </testcase>
  <testcase name="testGetJsapiTicket" classname="com.github.binarywang.demo.wx.mp.controller.WxJsapiControllerTest" time="0">
    <skipped message="io/restassured/mapper/factory/GsonObjectMapperFactory"/>
  </testcase>
  <testcase name="testGetJsapiTicket" classname="com.github.binarywang.demo.wx.mp.controller.WxJsapiControllerTest" time="0">
    <skipped message="io/restassured/mapper/factory/GsonObjectMapperFactory"/>
  </testcase>
  <testcase name="testGetJsapiTicket" classname="com.github.binarywang.demo.wx.mp.controller.WxJsapiControllerTest" time="0">
    <skipped message="io/restassured/mapper/factory/GsonObjectMapperFactory"/>
  </testcase>
  <testcase name="testGetJsapiTicket" classname="com.github.binarywang.demo.wx.mp.controller.WxJsapiControllerTest" time="0">
    <skipped message="io/restassured/mapper/factory/GsonObjectMapperFactory"/>
  </testcase>
  <testcase name="testGetJsapiTicket" classname="com.github.binarywang.demo.wx.mp.controller.WxJsapiControllerTest" time="0">
    <skipped message="io/restassured/mapper/factory/GsonObjectMapperFactory"/>
  </testcase>
  <testcase name="testGetJsapiTicket" classname="com.github.binarywang.demo.wx.mp.controller.WxJsapiControllerTest" time="0">
    <skipped message="io/restassured/mapper/factory/GsonObjectMapperFactory"/>
  </testcase>
  <testcase name="testGetJsapiTicket" classname="com.github.binarywang.demo.wx.mp.controller.WxJsapiControllerTest" time="0">
    <skipped message="io/restassured/mapper/factory/GsonObjectMapperFactory"/>
  </testcase>
  <testcase name="testGetJsapiTicket" classname="com.github.binarywang.demo.wx.mp.controller.WxJsapiControllerTest" time="0">
    <skipped message="io/restassured/mapper/factory/GsonObjectMapperFactory"/>
  </testcase>
  <testcase name="testGetJsapiTicket" classname="com.github.binarywang.demo.wx.mp.controller.WxJsapiControllerTest" time="0">
    <skipped message="io/restassured/mapper/factory/GsonObjectMapperFactory"/>
  </testcase>
  <testcase name="testGetJsapiTicket" classname="com.github.binarywang.demo.wx.mp.controller.WxJsapiControllerTest" time="0">
    <skipped message="io/restassured/mapper/factory/GsonObjectMapperFactory"/>
  </testcase>
  <testcase name="testGetJsapiTicket" classname="com.github.binarywang.demo.wx.mp.controller.WxJsapiControllerTest" time="0">
    <skipped message="io/restassured/mapper/factory/GsonObjectMapperFactory"/>
  </testcase>
  <testcase name="testGetJsapiTicket" classname="com.github.binarywang.demo.wx.mp.controller.WxJsapiControllerTest" time="0">
    <skipped message="io/restassured/mapper/factory/GsonObjectMapperFactory"/>
  </testcase>
  <testcase name="testGetJsapiTicket" classname="com.github.binarywang.demo.wx.mp.controller.WxJsapiControllerTest" time="0">
    <skipped message="io/restassured/mapper/factory/GsonObjectMapperFactory"/>
  </testcase>
  <testcase name="testGetJsapiTicket" classname="com.github.binarywang.demo.wx.mp.controller.WxJsapiControllerTest" time="0">
    <skipped message="io/restassured/mapper/factory/GsonObjectMapperFactory"/>
  </testcase>
  <testcase name="testGetJsapiTicket" classname="com.github.binarywang.demo.wx.mp.controller.WxJsapiControllerTest" time="0">
    <skipped message="io/restassured/mapper/factory/GsonObjectMapperFactory"/>
  </testcase>
  <testcase name="testGetJsapiTicket" classname="com.github.binarywang.demo.wx.mp.controller.WxJsapiControllerTest" time="0">
    <skipped message="io/restassured/mapper/factory/GsonObjectMapperFactory"/>
  </testcase>
  <testcase name="testGetJsapiTicket" classname="com.github.binarywang.demo.wx.mp.controller.WxJsapiControllerTest" time="0">
    <skipped message="io/restassured/mapper/factory/GsonObjectMapperFactory"/>
  </testcase>
  <testcase name="testGetJsapiTicket" classname="com.github.binarywang.demo.wx.mp.controller.WxJsapiControllerTest" time="0">
    <skipped message="io/restassured/mapper/factory/GsonObjectMapperFactory"/>
  </testcase>
  <testcase name="testGetJsapiTicket" classname="com.github.binarywang.demo.wx.mp.controller.WxJsapiControllerTest" time="0">
    <skipped message="io/restassured/mapper/factory/GsonObjectMapperFactory"/>
  </testcase>
  <testcase name="testGetJsapiTicket" classname="com.github.binarywang.demo.wx.mp.controller.WxJsapiControllerTest" time="0">
    <skipped message="io/restassured/mapper/factory/GsonObjectMapperFactory"/>
  </testcase>
  <testcase name="testGetJsapiTicket" classname="com.github.binarywang.demo.wx.mp.controller.WxJsapiControllerTest" time="0">
    <skipped message="io/restassured/mapper/factory/GsonObjectMapperFactory"/>
  </testcase>
  <testcase name="testGetJsapiTicket" classname="com.github.binarywang.demo.wx.mp.controller.WxJsapiControllerTest" time="0">
    <skipped message="io/restassured/mapper/factory/GsonObjectMapperFactory"/>
  </testcase>
  <testcase name="testGetJsapiTicket" classname="com.github.binarywang.demo.wx.mp.controller.WxJsapiControllerTest" time="0">
    <skipped message="io/restassured/mapper/factory/GsonObjectMapperFactory"/>
  </testcase>
  <testcase name="testGetJsapiTicket" classname="com.github.binarywang.demo.wx.mp.controller.WxJsapiControllerTest" time="0">
    <skipped message="io/restassured/mapper/factory/GsonObjectMapperFactory"/>
  </testcase>
  <testcase name="testGetJsapiTicket" classname="com.github.binarywang.demo.wx.mp.controller.WxJsapiControllerTest" time="0">
    <skipped message="io/restassured/mapper/factory/GsonObjectMapperFactory"/>
  </testcase>
  <testcase name="testGetJsapiTicket" classname="com.github.binarywang.demo.wx.mp.controller.WxJsapiControllerTest" time="0">
    <skipped message="io/restassured/mapper/factory/GsonObjectMapperFactory"/>
  </testcase>
  <testcase name="testGetJsapiTicket" classname="com.github.binarywang.demo.wx.mp.controller.WxJsapiControllerTest" time="0">
    <skipped message="io/restassured/mapper/factory/GsonObjectMapperFactory"/>
  </testcase>
  <testcase name="testGetJsapiTicket" classname="com.github.binarywang.demo.wx.mp.controller.WxJsapiControllerTest" time="0">
    <skipped message="io/restassured/mapper/factory/GsonObjectMapperFactory"/>
  </testcase>
  <testcase name="testGetJsapiTicket" classname="com.github.binarywang.demo.wx.mp.controller.WxJsapiControllerTest" time="0">
    <skipped message="io/restassured/mapper/factory/GsonObjectMapperFactory"/>
  </testcase>
  <testcase name="testGetJsapiTicket" classname="com.github.binarywang.demo.wx.mp.controller.WxJsapiControllerTest" time="0">
    <skipped message="io/restassured/mapper/factory/GsonObjectMapperFactory"/>
  </testcase>
  <testcase name="testGetJsapiTicket" classname="com.github.binarywang.demo.wx.mp.controller.WxJsapiControllerTest" time="0">
    <skipped message="io/restassured/mapper/factory/GsonObjectMapperFactory"/>
  </testcase>
  <testcase name="testGetJsapiTicket" classname="com.github.binarywang.demo.wx.mp.controller.WxJsapiControllerTest" time="0">
    <skipped message="io/restassured/mapper/factory/GsonObjectMapperFactory"/>
  </testcase>
  <testcase name="testGetJsapiTicket" classname="com.github.binarywang.demo.wx.mp.controller.WxJsapiControllerTest" time="0">
    <skipped message="io/restassured/mapper/factory/GsonObjectMapperFactory"/>
  </testcase>
  <testcase name="testGetJsapiTicket" classname="com.github.binarywang.demo.wx.mp.controller.WxJsapiControllerTest" time="0">
    <skipped message="io/restassured/mapper/factory/GsonObjectMapperFactory"/>
  </testcase>
  <testcase name="testGetJsapiTicket" classname="com.github.binarywang.demo.wx.mp.controller.WxJsapiControllerTest" time="0">
    <skipped message="io/restassured/mapper/factory/GsonObjectMapperFactory"/>
  </testcase>
  <testcase name="testGetJsapiTicket" classname="com.github.binarywang.demo.wx.mp.controller.WxJsapiControllerTest" time="0">
    <skipped message="io/restassured/mapper/factory/GsonObjectMapperFactory"/>
  </testcase>
  <testcase name="testGetJsapiTicket" classname="com.github.binarywang.demo.wx.mp.controller.WxJsapiControllerTest" time="0">
    <skipped message="io/restassured/mapper/factory/GsonObjectMapperFactory"/>
  </testcase>
  <testcase name="testGetJsapiTicket" classname="com.github.binarywang.demo.wx.mp.controller.WxJsapiControllerTest" time="0">
    <skipped message="io/restassured/mapper/factory/GsonObjectMapperFactory"/>
  </testcase>
  <testcase name="testGetJsapiTicket" classname="com.github.binarywang.demo.wx.mp.controller.WxJsapiControllerTest" time="0">
    <skipped message="io/restassured/mapper/factory/GsonObjectMapperFactory"/>
  </testcase>
  <testcase name="testGetJsapiTicket" classname="com.github.binarywang.demo.wx.mp.controller.WxJsapiControllerTest" time="0">
    <skipped message="io/restassured/mapper/factory/GsonObjectMapperFactory"/>
  </testcase>
  <testcase name="testGetJsapiTicket" classname="com.github.binarywang.demo.wx.mp.controller.WxJsapiControllerTest" time="0">
    <skipped message="io/restassured/mapper/factory/GsonObjectMapperFactory"/>
  </testcase>
  <testcase name="testGetJsapiTicket" classname="com.github.binarywang.demo.wx.mp.controller.WxJsapiControllerTest" time="0">
    <skipped message="io/restassured/mapper/factory/GsonObjectMapperFactory"/>
  </testcase>
  <testcase name="testGetJsapiTicket" classname="com.github.binarywang.demo.wx.mp.controller.WxJsapiControllerTest" time="0">
    <skipped message="io/restassured/mapper/factory/GsonObjectMapperFactory"/>
  </testcase>
  <testcase name="testGetJsapiTicket" classname="com.github.binarywang.demo.wx.mp.controller.WxJsapiControllerTest" time="0">
    <skipped message="io/restassured/mapper/factory/GsonObjectMapperFactory"/>
  </testcase>
  <testcase name="testGetJsapiTicket" classname="com.github.binarywang.demo.wx.mp.controller.WxJsapiControllerTest" time="0">
    <skipped message="io/restassured/mapper/factory/GsonObjectMapperFactory"/>
  </testcase>
  <testcase name="testGetJsapiTicket" classname="com.github.binarywang.demo.wx.mp.controller.WxJsapiControllerTest" time="0">
    <skipped message="io/restassured/mapper/factory/GsonObjectMapperFactory"/>
  </testcase>
  <testcase name="testGetJsapiTicket" classname="com.github.binarywang.demo.wx.mp.controller.WxJsapiControllerTest" time="0">
    <skipped message="io/restassured/mapper/factory/GsonObjectMapperFactory"/>
  </testcase>
  <testcase name="testGetJsapiTicket" classname="com.github.binarywang.demo.wx.mp.controller.WxJsapiControllerTest" time="0">
    <skipped message="io/restassured/mapper/factory/GsonObjectMapperFactory"/>
  </testcase>
  <testcase name="testGetJsapiTicket" classname="com.github.binarywang.demo.wx.mp.controller.WxJsapiControllerTest" time="0">
    <skipped message="io/restassured/mapper/factory/GsonObjectMapperFactory"/>
  </testcase>
  <testcase name="testGetJsapiTicket" classname="com.github.binarywang.demo.wx.mp.controller.WxJsapiControllerTest" time="0">
    <skipped message="io/restassured/mapper/factory/GsonObjectMapperFactory"/>
  </testcase>
  <testcase name="testGetJsapiTicket" classname="com.github.binarywang.demo.wx.mp.controller.WxJsapiControllerTest" time="0">
    <skipped message="io/restassured/mapper/factory/GsonObjectMapperFactory"/>
  </testcase>
  <testcase name="testGetJsapiTicket" classname="com.github.binarywang.demo.wx.mp.controller.WxJsapiControllerTest" time="0">
    <skipped message="io/restassured/mapper/factory/GsonObjectMapperFactory"/>
  </testcase>
  <testcase name="testGetJsapiTicket" classname="com.github.binarywang.demo.wx.mp.controller.WxJsapiControllerTest" time="0">
    <skipped message="io/restassured/mapper/factory/GsonObjectMapperFactory"/>
  </testcase>
  <testcase name="testGetJsapiTicket" classname="com.github.binarywang.demo.wx.mp.controller.WxJsapiControllerTest" time="0">
    <skipped message="io/restassured/mapper/factory/GsonObjectMapperFactory"/>
  </testcase>
  <testcase name="testGetJsapiTicket" classname="com.github.binarywang.demo.wx.mp.controller.WxJsapiControllerTest" time="0">
    <skipped message="io/restassured/mapper/factory/GsonObjectMapperFactory"/>
  </testcase>
  <testcase name="testGetJsapiTicket" classname="com.github.binarywang.demo.wx.mp.controller.WxJsapiControllerTest" time="0">
    <skipped message="io/restassured/mapper/factory/GsonObjectMapperFactory"/>
  </testcase>
  <testcase name="testGetJsapiTicket" classname="com.github.binarywang.demo.wx.mp.controller.WxJsapiControllerTest" time="0">
    <skipped message="io/restassured/mapper/factory/GsonObjectMapperFactory"/>
  </testcase>
  <testcase name="testGetJsapiTicket" classname="com.github.binarywang.demo.wx.mp.controller.WxJsapiControllerTest" time="0">
    <skipped message="io/restassured/mapper/factory/GsonObjectMapperFactory"/>
  </testcase>
  <testcase name="testGetJsapiTicket" classname="com.github.binarywang.demo.wx.mp.controller.WxJsapiControllerTest" time="0">
    <skipped message="io/restassured/mapper/factory/GsonObjectMapperFactory"/>
  </testcase>
  <testcase name="testGetJsapiTicket" classname="com.github.binarywang.demo.wx.mp.controller.WxJsapiControllerTest" time="0">
    <skipped message="io/restassured/mapper/factory/GsonObjectMapperFactory"/>
  </testcase>
  <testcase name="testGetJsapiTicket" classname="com.github.binarywang.demo.wx.mp.controller.WxJsapiControllerTest" time="0">
    <skipped message="io/restassured/mapper/factory/GsonObjectMapperFactory"/>
  </testcase>
  <testcase name="testGetJsapiTicket" classname="com.github.binarywang.demo.wx.mp.controller.WxJsapiControllerTest" time="0">
    <skipped message="io/restassured/mapper/factory/GsonObjectMapperFactory"/>
  </testcase>
  <testcase name="testGetJsapiTicket" classname="com.github.binarywang.demo.wx.mp.controller.WxJsapiControllerTest" time="0">
    <skipped message="io/restassured/mapper/factory/GsonObjectMapperFactory"/>
  </testcase>
  <testcase name="testGetJsapiTicket" classname="com.github.binarywang.demo.wx.mp.controller.WxJsapiControllerTest" time="0">
    <skipped message="io/restassured/mapper/factory/GsonObjectMapperFactory"/>
  </testcase>
  <testcase name="testGetJsapiTicket" classname="com.github.binarywang.demo.wx.mp.controller.WxJsapiControllerTest" time="0">
    <skipped message="io/restassured/mapper/factory/GsonObjectMapperFactory"/>
  </testcase>
  <testcase name="testGetJsapiTicket" classname="com.github.binarywang.demo.wx.mp.controller.WxJsapiControllerTest" time="0">
    <skipped message="io/restassured/mapper/factory/GsonObjectMapperFactory"/>
  </testcase>
  <testcase name="testGetJsapiTicket" classname="com.github.binarywang.demo.wx.mp.controller.WxJsapiControllerTest" time="0">
    <skipped message="io/restassured/mapper/factory/GsonObjectMapperFactory"/>
  </testcase>
  <testcase name="testGetJsapiTicket" classname="com.github.binarywang.demo.wx.mp.controller.WxJsapiControllerTest" time="0">
    <skipped message="io/restassured/mapper/factory/GsonObjectMapperFactory"/>
  </testcase>
  <testcase name="testGetJsapiTicket" classname="com.github.binarywang.demo.wx.mp.controller.WxJsapiControllerTest" time="0">
    <skipped message="io/restassured/mapper/factory/GsonObjectMapperFactory"/>
  </testcase>
  <testcase name="testGetJsapiTicket" classname="com.github.binarywang.demo.wx.mp.controller.WxJsapiControllerTest" time="0">
    <skipped message="io/restassured/mapper/factory/GsonObjectMapperFactory"/>
  </testcase>
  <testcase name="testGetJsapiTicket" classname="com.github.binarywang.demo.wx.mp.controller.WxJsapiControllerTest" time="0">
    <skipped message="io/restassured/mapper/factory/GsonObjectMapperFactory"/>
  </testcase>
  <testcase name="testGetJsapiTicket" classname="com.github.binarywang.demo.wx.mp.controller.WxJsapiControllerTest" time="0">
    <skipped message="io/restassured/mapper/factory/GsonObjectMapperFactory"/>
  </testcase>
  <testcase name="testGetJsapiTicket" classname="com.github.binarywang.demo.wx.mp.controller.WxJsapiControllerTest" time="0">
    <skipped message="io/restassured/mapper/factory/GsonObjectMapperFactory"/>
  </testcase>
  <testcase name="testGetJsapiTicket" classname="com.github.binarywang.demo.wx.mp.controller.WxJsapiControllerTest" time="0">
    <skipped message="io/restassured/mapper/factory/GsonObjectMapperFactory"/>
  </testcase>
  <testcase name="testGetJsapiTicket" classname="com.github.binarywang.demo.wx.mp.controller.WxJsapiControllerTest" time="0">
    <skipped message="io/restassured/mapper/factory/GsonObjectMapperFactory"/>
  </testcase>
  <testcase name="testGetJsapiTicket" classname="com.github.binarywang.demo.wx.mp.controller.WxJsapiControllerTest" time="0">
    <skipped message="io/restassured/mapper/factory/GsonObjectMapperFactory"/>
  </testcase>
  <testcase name="testGetJsapiTicket" classname="com.github.binarywang.demo.wx.mp.controller.WxJsapiControllerTest" time="0">
    <skipped message="io/restassured/mapper/factory/GsonObjectMapperFactory"/>
  </testcase>
  <testcase name="testGetJsapiTicket" classname="com.github.binarywang.demo.wx.mp.controller.WxJsapiControllerTest" time="0">
    <skipped message="io/restassured/mapper/factory/GsonObjectMapperFactory"/>
  </testcase>
  <testcase name="testGetJsapiTicket" classname="com.github.binarywang.demo.wx.mp.controller.WxJsapiControllerTest" time="0">
    <skipped message="io/restassured/mapper/factory/GsonObjectMapperFactory"/>
  </testcase>
  <testcase name="testGetJsapiTicket" classname="com.github.binarywang.demo.wx.mp.controller.WxJsapiControllerTest" time="0">
    <skipped message="io/restassured/mapper/factory/GsonObjectMapperFactory"/>
  </testcase>
  <testcase name="testGetJsapiTicket" classname="com.github.binarywang.demo.wx.mp.controller.WxJsapiControllerTest" time="0">
    <skipped message="io/restassured/mapper/factory/GsonObjectMapperFactory"/>
  </testcase>
  <testcase name="testGetJsapiTicket" classname="com.github.binarywang.demo.wx.mp.controller.WxJsapiControllerTest" time="0">
    <skipped message="io/restassured/mapper/factory/GsonObjectMapperFactory"/>
  </testcase>
  <testcase name="testGetJsapiTicket" classname="com.github.binarywang.demo.wx.mp.controller.WxJsapiControllerTest" time="0">
    <skipped message="io/restassured/mapper/factory/GsonObjectMapperFactory"/>
  </testcase>
  <testcase name="testGetJsapiTicket" classname="com.github.binarywang.demo.wx.mp.controller.WxJsapiControllerTest" time="0">
    <skipped message="io/restassured/mapper/factory/GsonObjectMapperFactory"/>
  </testcase>
  <testcase name="testGetJsapiTicket" classname="com.github.binarywang.demo.wx.mp.controller.WxJsapiControllerTest" time="0">
    <skipped message="io/restassured/mapper/factory/GsonObjectMapperFactory"/>
  </testcase>
  <testcase name="testGetJsapiTicket" classname="com.github.binarywang.demo.wx.mp.controller.WxJsapiControllerTest" time="0">
    <skipped message="io/restassured/mapper/factory/GsonObjectMapperFactory"/>
  </testcase>
  <testcase name="testGetJsapiTicket" classname="com.github.binarywang.demo.wx.mp.controller.WxJsapiControllerTest" time="0">
    <skipped message="io/restassured/mapper/factory/GsonObjectMapperFactory"/>
  </testcase>
  <testcase name="testGetJsapiTicket" classname="com.github.binarywang.demo.wx.mp.controller.WxJsapiControllerTest" time="0">
    <skipped message="io/restassured/mapper/factory/GsonObjectMapperFactory"/>
  </testcase>
  <testcase name="testGetJsapiTicket" classname="com.github.binarywang.demo.wx.mp.controller.WxJsapiControllerTest" time="0">
    <skipped message="io/restassured/mapper/factory/GsonObjectMapperFactory"/>
  </testcase>
  <testcase name="testGetJsapiTicket" classname="com.github.binarywang.demo.wx.mp.controller.WxJsapiControllerTest" time="0">
    <skipped message="io/restassured/mapper/factory/GsonObjectMapperFactory"/>
  </testcase>
  <testcase name="testGetJsapiTicket" classname="com.github.binarywang.demo.wx.mp.controller.WxJsapiControllerTest" time="0">
    <skipped message="io/restassured/mapper/factory/GsonObjectMapperFactory"/>
  </testcase>
  <testcase name="testGetJsapiTicket" classname="com.github.binarywang.demo.wx.mp.controller.WxJsapiControllerTest" time="0">
    <skipped message="io/restassured/mapper/factory/GsonObjectMapperFactory"/>
  </testcase>
  <testcase name="testGetJsapiTicket" classname="com.github.binarywang.demo.wx.mp.controller.WxJsapiControllerTest" time="0">
    <skipped message="io/restassured/mapper/factory/GsonObjectMapperFactory"/>
  </testcase>
  <testcase name="testGetJsapiTicket" classname="com.github.binarywang.demo.wx.mp.controller.WxJsapiControllerTest" time="0">
    <skipped message="io/restassured/mapper/factory/GsonObjectMapperFactory"/>
  </testcase>
  <testcase name="testGetJsapiTicket" classname="com.github.binarywang.demo.wx.mp.controller.WxJsapiControllerTest" time="0">
    <skipped message="io/restassured/mapper/factory/GsonObjectMapperFactory"/>
  </testcase>
  <testcase name="testGetJsapiTicket" classname="com.github.binarywang.demo.wx.mp.controller.WxJsapiControllerTest" time="0">
    <skipped message="io/restassured/mapper/factory/GsonObjectMapperFactory"/>
  </testcase>
  <testcase name="testGetJsapiTicket" classname="com.github.binarywang.demo.wx.mp.controller.WxJsapiControllerTest" time="0">
    <skipped message="io/restassured/mapper/factory/GsonObjectMapperFactory"/>
  </testcase>
  <testcase name="testGetJsapiTicket" classname="com.github.binarywang.demo.wx.mp.controller.WxJsapiControllerTest" time="0">
    <skipped message="io/restassured/mapper/factory/GsonObjectMapperFactory"/>
  </testcase>
  <testcase name="testGetJsapiTicket" classname="com.github.binarywang.demo.wx.mp.controller.WxJsapiControllerTest" time="0">
    <skipped message="io/restassured/mapper/factory/GsonObjectMapperFactory"/>
  </testcase>
  <testcase name="testGetJsapiTicket" classname="com.github.binarywang.demo.wx.mp.controller.WxJsapiControllerTest" time="0">
    <skipped message="io/restassured/mapper/factory/GsonObjectMapperFactory"/>
  </testcase>
  <testcase name="testGetJsapiTicket" classname="com.github.binarywang.demo.wx.mp.controller.WxJsapiControllerTest" time="0">
    <skipped message="io/restassured/mapper/factory/GsonObjectMapperFactory"/>
  </testcase>
  <testcase name="testGetJsapiTicket" classname="com.github.binarywang.demo.wx.mp.controller.WxJsapiControllerTest" time="0">
    <skipped message="io/restassured/mapper/factory/GsonObjectMapperFactory"/>
  </testcase>
  <testcase name="testGetJsapiTicket" classname="com.github.binarywang.demo.wx.mp.controller.WxJsapiControllerTest" time="0">
    <skipped message="io/restassured/mapper/factory/GsonObjectMapperFactory"/>
  </testcase>
  <testcase name="testGetJsapiTicket" classname="com.github.binarywang.demo.wx.mp.controller.WxJsapiControllerTest" time="0">
    <skipped message="io/restassured/mapper/factory/GsonObjectMapperFactory"/>
  </testcase>
  <testcase name="testGetJsapiTicket" classname="com.github.binarywang.demo.wx.mp.controller.WxJsapiControllerTest" time="0">
    <skipped message="io/restassured/mapper/factory/GsonObjectMapperFactory"/>
  </testcase>
  <testcase name="testGetJsapiTicket" classname="com.github.binarywang.demo.wx.mp.controller.WxJsapiControllerTest" time="0">
[...]
  </testcase>
  <testcase name="testGetJsapiTicket" classname="com.github.binarywang.demo.wx.mp.controller.WxJsapiControllerTest" time="0">
    <skipped message="io/restassured/mapper/factory/GsonObjectMapperFactory"/>
  </testcase>
  <testcase name="testGetJsapiTicket" classname="com.github.binarywang.demo.wx.mp.controller.WxJsapiControllerTest" time="0">
    <skipped message="io/restassured/mapper/factory/GsonObjectMapperFactory"/>
  </testcase>
  <testcase name="testGetJsapiTicket" classname="com.github.binarywang.demo.wx.mp.controller.WxJsapiControllerTest" time="0">
    <skipped message="io/restassured/mapper/factory/GsonObjectMapperFactory"/>
  </testcase>
  <testcase name="testGetJsapiTicket" classname="com.github.binarywang.demo.wx.mp.controller.WxJsapiControllerTest" time="0">
    <skipped message="io/restassured/mapper/factory/GsonObjectMapperFactory"/>
  </testcase>
  <testcase name="testGetJsapiTicket" classname="com.github.binarywang.demo.wx.mp.controller.WxJsapiControllerTest" time="0">
    <skipped message="io/restassured/mapper/factory/GsonObjectMapperFactory"/>
  </testcase>
  <testcase name="testGetJsapiTicket" classname="com.github.binarywang.demo.wx.mp.controller.WxJsapiControllerTest" time="0">
    <skipped message="io/restassured/mapper/factory/GsonObjectMapperFactory"/>
  </testcase>
  <testcase name="testGetJsapiTicket" classname="com.github.binarywang.demo.wx.mp.controller.WxJsapiControllerTest" time="0">
    <skipped message="io/restassured/mapper/factory/GsonObjectMapperFactory"/>
  </testcase>
  <testcase name="testGetJsapiTicket" classname="com.github.binarywang.demo.wx.mp.controller.WxJsapiControllerTest" time="0">
    <skipped message="io/restassured/mapper/factory/GsonObjectMapperFactory"/>
  </testcase>
  <testcase name="testGetJsapiTicket" classname="com.github.binarywang.demo.wx.mp.controller.WxJsapiControllerTest" time="0">
    <skipped message="io/restassured/mapper/factory/GsonObjectMapperFactory"/>
  </testcase>
  <testcase name="testGetJsapiTicket" classname="com.github.binarywang.demo.wx.mp.controller.WxJsapiControllerTest" time="0">
    <skipped message="io/restassured/mapper/factory/GsonObjectMapperFactory"/>
  </testcase>
  <testcase name="testGetJsapiTicket" classname="com.github.binarywang.demo.wx.mp.controller.WxJsapiControllerTest" time="0">
    <skipped message="io/restassured/mapper/factory/GsonObjectMapperFactory"/>
  </testcase>
  <testcase name="testGetJsapiTicket" classname="com.github.binarywang.demo.wx.mp.controller.WxJsapiControllerTest" time="0">
    <skipped message="io/restassured/mapper/factory/GsonObjectMapperFactory"/>
  </testcase>
  <testcase name="testGetJsapiTicket" classname="com.github.binarywang.demo.wx.mp.controller.WxJsapiControllerTest" time="0">
    <skipped message="io/restassured/mapper/factory/GsonObjectMapperFactory"/>
  </testcase>
  <testcase name="testGetJsapiTicket" classname="com.github.binarywang.demo.wx.mp.controller.WxJsapiControllerTest" time="0">
    <skipped message="io/restassured/mapper/factory/GsonObjectMapperFactory"/>
  </testcase>
  <testcase name="testGetJsapiTicket" classname="com.github.binarywang.demo.wx.mp.controller.WxJsapiControllerTest" time="0">
    <skipped message="io/restassured/mapper/factory/GsonObjectMapperFactory"/>
  </testcase>
  <testcase name="testGetJsapiTicket" classname="com.github.binarywang.demo.wx.mp.controller.WxJsapiControllerTest" time="0">
    <skipped message="io/restassured/mapper/factory/GsonObjectMapperFactory"/>
  </testcase>
  <testcase name="testGetJsapiTicket" classname="com.github.binarywang.demo.wx.mp.controller.WxJsapiControllerTest" time="0">
    <skipped message="io/restassured/mapper/factory/GsonObjectMapperFactory"/>
  </testcase>
  <testcase name="testGetJsapiTicket" classname="com.github.binarywang.demo.wx.mp.controller.WxJsapiControllerTest" time="0">
    <skipped message="io/restassured/mapper/factory/GsonObjectMapperFactory"/>
  </testcase>
  <testcase name="testGetJsapiTicket" classname="com.github.binarywang.demo.wx.mp.controller.WxJsapiControllerTest" time="0">
    <skipped message="io/restassured/mapper/factory/GsonObjectMapperFactory"/>
  </testcase>
  <testcase name="testGetJsapiTicket" classname="com.github.binarywang.demo.wx.mp.controller.WxJsapiControllerTest" time="0">
    <skipped message="io/restassured/mapper/factory/GsonObjectMapperFactory"/>
  </testcase>
  <testcase name="testGetJsapiTicket" classname="com.github.binarywang.demo.wx.mp.controller.WxJsapiControllerTest" time="0">
    <skipped message="io/restassured/mapper/factory/GsonObjectMapperFactory"/>
  </testcase>
  <testcase name="testGetJsapiTicket" classname="com.github.binarywang.demo.wx.mp.controller.WxJsapiControllerTest" time="0">
    <skipped message="io/restassured/mapper/factory/GsonObjectMapperFactory"/>
  </testcase>
  <testcase name="testGetJsapiTicket" classname="com.github.binarywang.demo.wx.mp.controller.WxJsapiControllerTest" time="0">
    <skipped message="io/restassured/mapper/factory/GsonObjectMapperFactory"/>
  </testcase>
  <testcase name="testGetJsapiTicket" classname="com.github.binarywang.demo.wx.mp.controller.WxJsapiControllerTest" time="0">
    <skipped message="io/restassured/mapper/factory/GsonObjectMapperFactory"/>
  </testcase>
  <testcase name="testGetJsapiTicket" classname="com.github.binarywang.demo.wx.mp.controller.WxJsapiControllerTest" time="0">
    <skipped message="io/restassured/mapper/factory/GsonObjectMapperFactory"/>
  </testcase>
  <testcase name="testGetJsapiTicket" classname="com.github.binarywang.demo.wx.mp.controller.WxJsapiControllerTest" time="0">
    <skipped message="io/restassured/mapper/factory/GsonObjectMapperFactory"/>
  </testcase>
  <testcase name="testGetJsapiTicket" classname="com.github.binarywang.demo.wx.mp.controller.WxJsapiControllerTest" time="0">
    <skipped message="io/restassured/mapper/factory/GsonObjectMapperFactory"/>
  </testcase>
  <testcase name="testGetJsapiTicket" classname="com.github.binarywang.demo.wx.mp.controller.WxJsapiControllerTest" time="0">
    <skipped message="io/restassured/mapper/factory/GsonObjectMapperFactory"/>
  </testcase>
  <testcase name="testGetJsapiTicket" classname="com.github.binarywang.demo.wx.mp.controller.WxJsapiControllerTest" time="0">
    <skipped message="io/restassured/mapper/factory/GsonObjectMapperFactory"/>
  </testcase>
  <testcase name="testGetJsapiTicket" classname="com.github.binarywang.demo.wx.mp.controller.WxJsapiControllerTest" time="0">
    <skipped message="io/restassured/mapper/factory/GsonObjectMapperFactory"/>
  </testcase>
  <testcase name="testGetJsapiTicket" classname="com.github.binarywang.demo.wx.mp.controller.WxJsapiControllerTest" time="0">
    <skipped message="io/restassured/mapper/factory/GsonObjectMapperFactory"/>
  </testcase>
  <testcase name="testGetJsapiTicket" classname="com.github.binarywang.demo.wx.mp.controller.WxJsapiControllerTest" time="0">
    <skipped message="io/restassured/mapper/factory/GsonObjectMapperFactory"/>
  </testcase>
  <testcase name="testGetJsapiTicket" classname="com.github.binarywang.demo.wx.mp.controller.WxJsapiControllerTest" time="0">
    <skipped message="io/restassured/mapper/factory/GsonObjectMapperFactory"/>
  </testcase>
  <testcase name="testGetJsapiTicket" classname="com.github.binarywang.demo.wx.mp.controller.WxJsapiControllerTest" time="0">
    <skipped message="io/restassured/mapper/factory/GsonObjectMapperFactory"/>
  </testcase>
  <testcase name="testGetJsapiTicket" classname="com.github.binarywang.demo.wx.mp.controller.WxJsapiControllerTest" time="0">
    <skipped message="io/restassured/mapper/factory/GsonObjectMapperFactory"/>
  </testcase>
  <testcase name="testGetJsapiTicket" classname="com.github.binarywang.demo.wx.mp.controller.WxJsapiControllerTest" time="0">
    <skipped message="io/restassured/mapper/factory/GsonObjectMapperFactory"/>
  </testcase>
  <testcase name="testGetJsapiTicket" classname="com.github.binarywang.demo.wx.mp.controller.WxJsapiControllerTest" time="0">
    <skipped message="io/restassured/mapper/factory/GsonObjectMapperFactory"/>
  </testcase>
  <testcase name="testGetJsapiTicket" classname="com.github.binarywang.demo.wx.mp.controller.WxJsapiControllerTest" time="0">
    <skipped message="io/restassured/mapper/factory/GsonObjectMapperFactory"/>
  </testcase>
  <testcase name="testGetJsapiTicket" classname="com.github.binarywang.demo.wx.mp.controller.WxJsapiControllerTest" time="0">
    <skipped message="io/restassured/mapper/factory/GsonObjectMapperFactory"/>
  </testcase>
  <testcase name="testGetJsapiTicket" classname="com.github.binarywang.demo.wx.mp.controller.WxJsapiControllerTest" time="0">
    <skipped message="io/restassured/mapper/factory/GsonObjectMapperFactory"/>
  </testcase>
  <testcase name="testGetJsapiTicket" classname="com.github.binarywang.demo.wx.mp.controller.WxJsapiControllerTest" time="0">
    <skipped message="io/restassured/mapper/factory/GsonObjectMapperFactory"/>
  </testcase>
  <testcase name="testGetJsapiTicket" classname="com.github.binarywang.demo.wx.mp.controller.WxJsapiControllerTest" time="0">
    <skipped message="io/restassured/mapper/factory/GsonObjectMapperFactory"/>
  </testcase>
  <testcase name="testGetJsapiTicket" classname="com.github.binarywang.demo.wx.mp.controller.WxJsapiControllerTest" time="0">
    <skipped message="io/restassured/mapper/factory/GsonObjectMapperFactory"/>
  </testcase>
  <testcase name="testGetJsapiTicket" classname="com.github.binarywang.demo.wx.mp.controller.WxJsapiControllerTest" time="0">
    <skipped message="io/restassured/mapper/factory/GsonObjectMapperFactory"/>
  </testcase>
  <testcase name="testGetJsapiTicket" classname="com.github.binarywang.demo.wx.mp.controller.WxJsapiControllerTest" time="0">
    <skipped message="io/restassured/mapper/factory/GsonObjectMapperFactory"/>
  </testcase>
  <testcase name="testGetJsapiTicket" classname="com.github.binarywang.demo.wx.mp.controller.WxJsapiControllerTest" time="0">
    <skipped message="io/restassured/mapper/factory/GsonObjectMapperFactory"/>
  </testcase>
  <testcase name="testGetJsapiTicket" classname="com.github.binarywang.demo.wx.mp.controller.WxJsapiControllerTest" time="0">
    <skipped message="io/restassured/mapper/factory/GsonObjectMapperFactory"/>
  </testcase>
  <testcase name="testGetJsapiTicket" classname="com.github.binarywang.demo.wx.mp.controller.WxJsapiControllerTest" time="0">
    <skipped message="io/restassured/mapper/factory/GsonObjectMapperFactory"/>
  </testcase>
  <testcase name="testGetJsapiTicket" classname="com.github.binarywang.demo.wx.mp.controller.WxJsapiControllerTest" time="0">
    <skipped message="io/restassured/mapper/factory/GsonObjectMapperFactory"/>
  </testcase>
  <testcase name="testGetJsapiTicket" classname="com.github.binarywang.demo.wx.mp.controller.WxJsapiControllerTest" time="0">
    <skipped message="io/restassured/mapper/factory/GsonObjectMapperFactory"/>
  </testcase>
  <testcase name="testGetJsapiTicket" classname="com.github.binarywang.demo.wx.mp.controller.WxJsapiControllerTest" time="0">
    <skipped message="io/restassured/mapper/factory/GsonObjectMapperFactory"/>
  </testcase>
  <testcase name="testGetJsapiTicket" classname="com.github.binarywang.demo.wx.mp.controller.WxJsapiControllerTest" time="0">
    <skipped message="io/restassured/mapper/factory/GsonObjectMapperFactory"/>
  </testcase>
  <testcase name="testGetJsapiTicket" classname="com.github.binarywang.demo.wx.mp.controller.WxJsapiControllerTest" time="0">
    <skipped message="io/restassured/mapper/factory/GsonObjectMapperFactory"/>
  </testcase>
  <testcase name="testGetJsapiTicket" classname="com.github.binarywang.demo.wx.mp.controller.WxJsapiControllerTest" time="0">
    <skipped message="io/restassured/mapper/factory/GsonObjectMapperFactory"/>
  </testcase>
  <testcase name="testGetJsapiTicket" classname="com.github.binarywang.demo.wx.mp.controller.WxJsapiControllerTest" time="0">
    <skipped message="io/restassured/mapper/factory/GsonObjectMapperFactory"/>
  </testcase>
  <testcase name="testGetJsapiTicket" classname="com.github.binarywang.demo.wx.mp.controller.WxJsapiControllerTest" time="0">
    <skipped message="io/restassured/mapper/factory/GsonObjectMapperFactory"/>
  </testcase>
  <testcase name="testGetJsapiTicket" classname="com.github.binarywang.demo.wx.mp.controller.WxJsapiControllerTest" time="0">
    <skipped message="io/restassured/mapper/factory/GsonObjectMapperFactory"/>
  </testcase>
  <testcase name="testGetJsapiTicket" classname="com.github.binarywang.demo.wx.mp.controller.WxJsapiControllerTest" time="0">
    <skipped message="io/restassured/mapper/factory/GsonObjectMapperFactory"/>
  </testcase>
  <testcase name="testGetJsapiTicket" classname="com.github.binarywang.demo.wx.mp.controller.WxJsapiControllerTest" time="0">
    <skipped message="io/restassured/mapper/factory/GsonObjectMapperFactory"/>
  </testcase>
  <testcase name="testGetJsapiTicket" classname="com.github.binarywang.demo.wx.mp.controller.WxJsapiControllerTest" time="0">
    <skipped message="io/restassured/mapper/factory/GsonObjectMapperFactory"/>
  </testcase>
  <testcase name="testGetJsapiTicket" classname="com.github.binarywang.demo.wx.mp.controller.WxJsapiControllerTest" time="0">
    <skipped message="io/restassured/mapper/factory/GsonObjectMapperFactory"/>
  </testcase>
  <testcase name="testGetJsapiTicket" classname="com.github.binarywang.demo.wx.mp.controller.WxJsapiControllerTest" time="0">
    <skipped message="io/restassured/mapper/factory/GsonObjectMapperFactory"/>
  </testcase>
  <testcase name="testGetJsapiTicket" classname="com.github.binarywang.demo.wx.mp.controller.WxJsapiControllerTest" time="0">
    <skipped message="io/restassured/mapper/factory/GsonObjectMapperFactory"/>
  </testcase>
  <testcase name="testGetJsapiTicket" classname="com.github.binarywang.demo.wx.mp.controller.WxJsapiControllerTest" time="0">
    <skipped message="io/restassured/mapper/factory/GsonObjectMapperFactory"/>
  </testcase>
  <testcase name="testGetJsapiTicket" classname="com.github.binarywang.demo.wx.mp.controller.WxJsapiControllerTest" time="0">
    <skipped message="io/restassured/mapper/factory/GsonObjectMapperFactory"/>
  </testcase>
  <testcase name="testGetJsapiTicket" classname="com.github.binarywang.demo.wx.mp.controller.WxJsapiControllerTest" time="0">
    <skipped message="io/restassured/mapper/factory/GsonObjectMapperFactory"/>
  </testcase>
  <testcase name="testGetJsapiTicket" classname="com.github.binarywang.demo.wx.mp.controller.WxJsapiControllerTest" time="0">
    <skipped message="io/restassured/mapper/factory/GsonObjectMapperFactory"/>
  </testcase>
  <testcase name="testGetJsapiTicket" classname="com.github.binarywang.demo.wx.mp.controller.WxJsapiControllerTest" time="0">
    <skipped message="io/restassured/mapper/factory/GsonObjectMapperFactory"/>
  </testcase>
  <testcase name="testGetJsapiTicket" classname="com.github.binarywang.demo.wx.mp.controller.WxJsapiControllerTest" time="0">
    <skipped message="io/restassured/mapper/factory/GsonObjectMapperFactory"/>
  </testcase>
  <testcase name="testGetJsapiTicket" classname="com.github.binarywang.demo.wx.mp.controller.WxJsapiControllerTest" time="0">
    <skipped message="io/restassured/mapper/factory/GsonObjectMapperFactory"/>
  </testcase>
  <testcase name="testGetJsapiTicket" classname="com.github.binarywang.demo.wx.mp.controller.WxJsapiControllerTest" time="0">
    <skipped message="io/restassured/mapper/factory/GsonObjectMapperFactory"/>
  </testcase>
  <testcase name="testGetJsapiTicket" classname="com.github.binarywang.demo.wx.mp.controller.WxJsapiControllerTest" time="0">
    <skipped message="io/restassured/mapper/factory/GsonObjectMapperFactory"/>
  </testcase>
  <testcase name="testGetJsapiTicket" classname="com.github.binarywang.demo.wx.mp.controller.WxJsapiControllerTest" time="0">
    <skipped message="io/restassured/mapper/factory/GsonObjectMapperFactory"/>
  </testcase>
  <testcase name="testGetJsapiTicket" classname="com.github.binarywang.demo.wx.mp.controller.WxJsapiControllerTest" time="0">
    <skipped message="io/restassured/mapper/factory/GsonObjectMapperFactory"/>
  </testcase>
  <testcase name="testGetJsapiTicket" classname="com.github.binarywang.demo.wx.mp.controller.WxJsapiControllerTest" time="0">
    <skipped message="io/restassured/mapper/factory/GsonObjectMapperFactory"/>
  </testcase>
  <testcase name="testGetJsapiTicket" classname="com.github.binarywang.demo.wx.mp.controller.WxJsapiControllerTest" time="0">
    <skipped message="io/restassured/mapper/factory/GsonObjectMapperFactory"/>
  </testcase>
  <testcase name="testGetJsapiTicket" classname="com.github.binarywang.demo.wx.mp.controller.WxJsapiControllerTest" time="0">
    <skipped message="io/restassured/mapper/factory/GsonObjectMapperFactory"/>
  </testcase>
  <testcase name="testGetJsapiTicket" classname="com.github.binarywang.demo.wx.mp.controller.WxJsapiControllerTest" time="0">
    <skipped message="io/restassured/mapper/factory/GsonObjectMapperFactory"/>
  </testcase>
  <testcase name="testGetJsapiTicket" classname="com.github.binarywang.demo.wx.mp.controller.WxJsapiControllerTest" time="0">
    <skipped message="io/restassured/mapper/factory/GsonObjectMapperFactory"/>
  </testcase>
  <testcase name="testGetJsapiTicket" classname="com.github.binarywang.demo.wx.mp.controller.WxJsapiControllerTest" time="0">
    <skipped message="io/restassured/mapper/factory/GsonObjectMapperFactory"/>
  </testcase>
  <testcase name="testGetJsapiTicket" classname="com.github.binarywang.demo.wx.mp.controller.WxJsapiControllerTest" time="0">
    <skipped message="io/restassured/mapper/factory/GsonObjectMapperFactory"/>
  </testcase>
  <testcase name="testGetJsapiTicket" classname="com.github.binarywang.demo.wx.mp.controller.WxJsapiControllerTest" time="0">
    <skipped message="io/restassured/mapper/factory/GsonObjectMapperFactory"/>
  </testcase>
  <testcase name="testGetJsapiTicket" classname="com.github.binarywang.demo.wx.mp.controller.WxJsapiControllerTest" time="0">
    <skipped message="io/restassured/mapper/factory/GsonObjectMapperFactory"/>
  </testcase>
  <testcase name="testGetJsapiTicket" classname="com.github.binarywang.demo.wx.mp.controller.WxJsapiControllerTest" time="0">
    <skipped message="io/restassured/mapper/factory/GsonObjectMapperFactory"/>
  </testcase>
  <testcase name="testGetJsapiTicket" classname="com.github.binarywang.demo.wx.mp.controller.WxJsapiControllerTest" time="0">
    <skipped message="io/restassured/mapper/factory/GsonObjectMapperFactory"/>
  </testcase>
  <testcase name="testGetJsapiTicket" classname="com.github.binarywang.demo.wx.mp.controller.WxJsapiControllerTest" time="0">
    <skipped message="io/restassured/mapper/factory/GsonObjectMapperFactory"/>
  </testcase>
  <testcase name="testGetJsapiTicket" classname="com.github.binarywang.demo.wx.mp.controller.WxJsapiControllerTest" time="0">
    <skipped message="io/restassured/mapper/factory/GsonObjectMapperFactory"/>
  </testcase>
  <testcase name="testGetJsapiTicket" classname="com.github.binarywang.demo.wx.mp.controller.WxJsapiControllerTest" time="0">
    <skipped message="io/restassured/mapper/factory/GsonObjectMapperFactory"/>
  </testcase>
  <testcase name="testGetJsapiTicket" classname="com.github.binarywang.demo.wx.mp.controller.WxJsapiControllerTest" time="0">
    <skipped message="io/restassured/mapper/factory/GsonObjectMapperFactory"/>
  </testcase>
  <testcase name="testGetJsapiTicket" classname="com.github.binarywang.demo.wx.mp.controller.WxJsapiControllerTest" time="0">
    <skipped message="io/restassured/mapper/factory/GsonObjectMapperFactory"/>
  </testcase>
  <testcase name="testMenuCreate" classname="com.github.binarywang.demo.wx.mp.controller.WxMenuControllerTest" time="0">
    <skipped message="io/restassured/mapper/factory/GsonObjectMapperFactory"/>
  </testcase>
</testsuite>